<?xml version="1.0" encoding="UTF-8"?>
<!DOCTYPE html PUBLIC "-//W3C//DTD XHTML 1.0 Strict//EN"
"http://www.w3.org/TR/xhtml1/DTD/xhtml1-strict.dtd">

<html xmlns="http://www.w3.org/1999/xhtml">
 <head>
  <meta http-equiv="Content-Type" content="text/html; charset=utf-8" />
  <title>[JENKINS-MAVEN] Lucene-Solr-Maven-4.x #78: POMs out of sync</title>
  <link rel="stylesheet" type="text/css" href="/archives/style.css" />
 </head>

 <body id="archives">
  <h1>lucene-dev mailing list archives</h1>

  <h5>
<a href="http://mail-archives.apache.org/mod_mbox/" title="Back to the archives depot">Site index</a> &middot; <a href="/mod_mbox/lucene-dev" title="Back to the list index">List index</a></h5>  <table class="static" id="msgview">
   <thead>
    <tr>
    <th class="title">Message view</th>
    <th class="nav"><a href="/mod_mbox/lucene-dev/201208.mbox/%3c1988664868.18924.1346367607929.JavaMail.jiratomcat@arcas%3e" title="Previous by date">&laquo;</a> <a href="/mod_mbox/lucene-dev/201208.mbox/date" title="View messages sorted by date">Date</a> <a href="/mod_mbox/lucene-dev/201208.mbox/%3c2065846452.19213.1346370187517.JavaMail.jiratomcat@arcas%3e" title="Next by date">&raquo;</a> &middot; <a href="/mod_mbox/lucene-dev/201208.mbox/%3c1386793707.1502.1346341002143.JavaMail.hudson@aegis.apache.org%3e" title="Previous by thread">&laquo;</a> <a href="/mod_mbox/lucene-dev/201208.mbox/thread" title="View messages sorted by thread">Thread</a> <a href="/mod_mbox/lucene-dev/201208.mbox/%3c1155301010.82.1346417280362.JavaMail.hudson@aegis.apache.org%3e" title="Next by thread">&raquo;</a></th>
   </tr>
   </thead>

   <tfoot>
    <tr>
    <th class="title"><a href="#archives">Top</a></th>
    <th class="nav"><a href="/mod_mbox/lucene-dev/201208.mbox/%3c1988664868.18924.1346367607929.JavaMail.jiratomcat@arcas%3e" title="Previous by date">&laquo;</a> <a href="/mod_mbox/lucene-dev/201208.mbox/date" title="View messages sorted by date">Date</a> <a href="/mod_mbox/lucene-dev/201208.mbox/%3c2065846452.19213.1346370187517.JavaMail.jiratomcat@arcas%3e" title="Next by date">&raquo;</a> &middot; <a href="/mod_mbox/lucene-dev/201208.mbox/%3c1386793707.1502.1346341002143.JavaMail.hudson@aegis.apache.org%3e" title="Previous by thread">&laquo;</a> <a href="/mod_mbox/lucene-dev/201208.mbox/thread" title="View messages sorted by thread">Thread</a> <a href="/mod_mbox/lucene-dev/201208.mbox/%3c1155301010.82.1346417280362.JavaMail.hudson@aegis.apache.org%3e" title="Next by thread">&raquo;</a></th>
   </tr>
   </tfoot>

   <tbody>
   <tr class="from">
    <td class="left">From</td>
    <td class="right">Apache Jenkins Server &lt;jenk...@builds.apache.org&gt;</td>
   </tr>
   <tr class="subject">
    <td class="left">Subject</td>
    <td class="right">[JENKINS-MAVEN] Lucene-Solr-Maven-4.x #78: POMs out of sync</td>
   </tr>
   <tr class="date">
    <td class="left">Date</td>
    <td class="right">Thu, 30 Aug 2012 23:07:52 GMT</td>
   </tr>
   <tr class="contents"><td colspan="2"><pre>
Build: https://builds.apache.org/job/Lucene-Solr-Maven-4.x/78/

3 tests failed.
FAILED:  org.apache.solr.handler.extraction.ExtractingRequestHandlerTest.testLiteralsOverride

Error Message:
ERROR: [doc=three] unknown field 'meta:save-date'

Stack Trace:
org.apache.solr.common.SolrException: ERROR: [doc=three] unknown field 'meta:save-date'
	at __randomizedtesting.SeedInfo.seed([19FFFF2B8A74701F:2194BEC5583B1CDE]:0)
	at org.apache.solr.update.DocumentBuilder.toDocument(DocumentBuilder.java:306)
	at org.apache.solr.update.AddUpdateCommand.getLuceneDocument(AddUpdateCommand.java:76)
	at org.apache.solr.update.DirectUpdateHandler2.addDoc(DirectUpdateHandler2.java:208)
	at org.apache.solr.update.processor.RunUpdateProcessor.processAdd(RunUpdateProcessorFactory.java:61)
	at org.apache.solr.update.processor.UpdateRequestProcessor.processAdd(UpdateRequestProcessor.java:51)
	at org.apache.solr.update.processor.DistributedUpdateProcessor.versionAdd(DistributedUpdateProcessor.java:463)
	at org.apache.solr.update.processor.DistributedUpdateProcessor.processAdd(DistributedUpdateProcessor.java:342)
	at org.apache.solr.handler.extraction.ExtractingDocumentLoader.doAdd(ExtractingDocumentLoader.java:121)
	at org.apache.solr.handler.extraction.ExtractingDocumentLoader.addDoc(ExtractingDocumentLoader.java:126)
	at org.apache.solr.handler.extraction.ExtractingDocumentLoader.load(ExtractingDocumentLoader.java:233)
	at org.apache.solr.handler.ContentStreamHandlerBase.handleRequestBody(ContentStreamHandlerBase.java:74)
	at org.apache.solr.handler.RequestHandlerBase.handleRequest(RequestHandlerBase.java:129)
	at org.apache.solr.core.SolrCore.execute(SolrCore.java:1692)
	at org.apache.solr.util.TestHarness.queryAndResponse(TestHarness.java:375)
	at org.apache.solr.handler.extraction.ExtractingRequestHandlerTest.loadLocal(ExtractingRequestHandlerTest.java:588)
	at org.apache.solr.handler.extraction.ExtractingRequestHandlerTest.testLiteralsOverride(ExtractingRequestHandlerTest.java:455)
	at sun.reflect.NativeMethodAccessorImpl.invoke0(Native Method)
	at sun.reflect.NativeMethodAccessorImpl.invoke(NativeMethodAccessorImpl.java:57)
	at sun.reflect.DelegatingMethodAccessorImpl.invoke(DelegatingMethodAccessorImpl.java:43)
	at java.lang.reflect.Method.invoke(Method.java:616)
	at com.carrotsearch.randomizedtesting.RandomizedRunner.invoke(RandomizedRunner.java:1559)
	at com.carrotsearch.randomizedtesting.RandomizedRunner.access$600(RandomizedRunner.java:79)
	at com.carrotsearch.randomizedtesting.RandomizedRunner$6.evaluate(RandomizedRunner.java:737)
	at com.carrotsearch.randomizedtesting.RandomizedRunner$7.evaluate(RandomizedRunner.java:773)
	at com.carrotsearch.randomizedtesting.RandomizedRunner$8.evaluate(RandomizedRunner.java:787)
	at com.carrotsearch.randomizedtesting.rules.SystemPropertiesRestoreRule$1.evaluate(SystemPropertiesRestoreRule.java:53)
	at org.apache.lucene.util.TestRuleSetupTeardownChained$1.evaluate(TestRuleSetupTeardownChained.java:50)
	at org.apache.lucene.util.TestRuleFieldCacheSanity$1.evaluate(TestRuleFieldCacheSanity.java:51)
	at org.apache.lucene.util.AbstractBeforeAfterRule$1.evaluate(AbstractBeforeAfterRule.java:45)
	at com.carrotsearch.randomizedtesting.rules.SystemPropertiesInvariantRule$1.evaluate(SystemPropertiesInvariantRule.java:55)
	at org.apache.lucene.util.TestRuleThreadAndTestName$1.evaluate(TestRuleThreadAndTestName.java:48)
	at org.apache.lucene.util.TestRuleIgnoreAfterMaxFailures$1.evaluate(TestRuleIgnoreAfterMaxFailures.java:70)
	at org.apache.lucene.util.TestRuleMarkFailure$1.evaluate(TestRuleMarkFailure.java:48)
	at com.carrotsearch.randomizedtesting.rules.StatementAdapter.evaluate(StatementAdapter.java:36)
	at com.carrotsearch.randomizedtesting.ThreadLeakControl$StatementRunner.run(ThreadLeakControl.java:345)
	at com.carrotsearch.randomizedtesting.ThreadLeakControl.forkTimeoutingTask(ThreadLeakControl.java:769)
	at com.carrotsearch.randomizedtesting.ThreadLeakControl$3.evaluate(ThreadLeakControl.java:429)
	at com.carrotsearch.randomizedtesting.RandomizedRunner.runSingleTest(RandomizedRunner.java:746)
	at com.carrotsearch.randomizedtesting.RandomizedRunner$3.evaluate(RandomizedRunner.java:648)
	at com.carrotsearch.randomizedtesting.RandomizedRunner$4.evaluate(RandomizedRunner.java:682)
	at com.carrotsearch.randomizedtesting.RandomizedRunner$5.evaluate(RandomizedRunner.java:693)
	at com.carrotsearch.randomizedtesting.rules.StatementAdapter.evaluate(StatementAdapter.java:36)
	at com.carrotsearch.randomizedtesting.rules.SystemPropertiesRestoreRule$1.evaluate(SystemPropertiesRestoreRule.java:53)
	at org.apache.lucene.util.AbstractBeforeAfterRule$1.evaluate(AbstractBeforeAfterRule.java:45)
	at org.apache.lucene.util.TestRuleStoreClassName$1.evaluate(TestRuleStoreClassName.java:42)
	at com.carrotsearch.randomizedtesting.rules.SystemPropertiesInvariantRule$1.evaluate(SystemPropertiesInvariantRule.java:55)
	at com.carrotsearch.randomizedtesting.rules.NoShadowingOrOverridesOnMethodsRule$1.evaluate(NoShadowingOrOverridesOnMethodsRule.java:39)
	at com.carrotsearch.randomizedtesting.rules.NoShadowingOrOverridesOnMethodsRule$1.evaluate(NoShadowingOrOverridesOnMethodsRule.java:39)
	at org.apache.lucene.util.TestRuleAssertionsRequired$1.evaluate(TestRuleAssertionsRequired.java:40)
	at org.apache.lucene.util.TestRuleMarkFailure$1.evaluate(TestRuleMarkFailure.java:48)
	at org.apache.lucene.util.TestRuleIgnoreAfterMaxFailures$1.evaluate(TestRuleIgnoreAfterMaxFailures.java:70)
	at org.apache.lucene.util.TestRuleIgnoreTestSuites$1.evaluate(TestRuleIgnoreTestSuites.java:55)
	at com.carrotsearch.randomizedtesting.rules.StatementAdapter.evaluate(StatementAdapter.java:36)
	at com.carrotsearch.randomizedtesting.ThreadLeakControl$StatementRunner.run(ThreadLeakControl.java:345)
	at java.lang.Thread.run(Thread.java:679)


FAILED:  org.apache.solr.handler.extraction.ExtractingRequestHandlerTest.testArabicPDF

Error Message:
ERROR: [doc=one] unknown field 'meta:creation-date'

Stack Trace:
org.apache.solr.common.SolrException: ERROR: [doc=one] unknown field 'meta:creation-date'
	at __randomizedtesting.SeedInfo.seed([19FFFF2B8A74701F:7739842489B1DB4A]:0)
	at org.apache.solr.update.DocumentBuilder.toDocument(DocumentBuilder.java:306)
	at org.apache.solr.update.AddUpdateCommand.getLuceneDocument(AddUpdateCommand.java:76)
	at org.apache.solr.update.DirectUpdateHandler2.addDoc(DirectUpdateHandler2.java:208)
	at org.apache.solr.update.processor.RunUpdateProcessor.processAdd(RunUpdateProcessorFactory.java:61)
	at org.apache.solr.update.processor.UpdateRequestProcessor.processAdd(UpdateRequestProcessor.java:51)
	at org.apache.solr.update.processor.DistributedUpdateProcessor.versionAdd(DistributedUpdateProcessor.java:463)
	at org.apache.solr.update.processor.DistributedUpdateProcessor.processAdd(DistributedUpdateProcessor.java:342)
	at org.apache.solr.handler.extraction.ExtractingDocumentLoader.doAdd(ExtractingDocumentLoader.java:121)
	at org.apache.solr.handler.extraction.ExtractingDocumentLoader.addDoc(ExtractingDocumentLoader.java:126)
	at org.apache.solr.handler.extraction.ExtractingDocumentLoader.load(ExtractingDocumentLoader.java:233)
	at org.apache.solr.handler.ContentStreamHandlerBase.handleRequestBody(ContentStreamHandlerBase.java:74)
	at org.apache.solr.handler.RequestHandlerBase.handleRequest(RequestHandlerBase.java:129)
	at org.apache.solr.core.SolrCore.execute(SolrCore.java:1692)
	at org.apache.solr.util.TestHarness.queryAndResponse(TestHarness.java:375)
	at org.apache.solr.handler.extraction.ExtractingRequestHandlerTest.loadLocal(ExtractingRequestHandlerTest.java:588)
	at org.apache.solr.handler.extraction.ExtractingRequestHandlerTest.testArabicPDF(ExtractingRequestHandlerTest.java:374)
	at sun.reflect.NativeMethodAccessorImpl.invoke0(Native Method)
	at sun.reflect.NativeMethodAccessorImpl.invoke(NativeMethodAccessorImpl.java:57)
	at sun.reflect.DelegatingMethodAccessorImpl.invoke(DelegatingMethodAccessorImpl.java:43)
	at java.lang.reflect.Method.invoke(Method.java:616)
	at com.carrotsearch.randomizedtesting.RandomizedRunner.invoke(RandomizedRunner.java:1559)
	at com.carrotsearch.randomizedtesting.RandomizedRunner.access$600(RandomizedRunner.java:79)
	at com.carrotsearch.randomizedtesting.RandomizedRunner$6.evaluate(RandomizedRunner.java:737)
	at com.carrotsearch.randomizedtesting.RandomizedRunner$7.evaluate(RandomizedRunner.java:773)
	at com.carrotsearch.randomizedtesting.RandomizedRunner$8.evaluate(RandomizedRunner.java:787)
	at com.carrotsearch.randomizedtesting.rules.SystemPropertiesRestoreRule$1.evaluate(SystemPropertiesRestoreRule.java:53)
	at org.apache.lucene.util.TestRuleSetupTeardownChained$1.evaluate(TestRuleSetupTeardownChained.java:50)
	at org.apache.lucene.util.TestRuleFieldCacheSanity$1.evaluate(TestRuleFieldCacheSanity.java:51)
	at org.apache.lucene.util.AbstractBeforeAfterRule$1.evaluate(AbstractBeforeAfterRule.java:45)
	at com.carrotsearch.randomizedtesting.rules.SystemPropertiesInvariantRule$1.evaluate(SystemPropertiesInvariantRule.java:55)
	at org.apache.lucene.util.TestRuleThreadAndTestName$1.evaluate(TestRuleThreadAndTestName.java:48)
	at org.apache.lucene.util.TestRuleIgnoreAfterMaxFailures$1.evaluate(TestRuleIgnoreAfterMaxFailures.java:70)
	at org.apache.lucene.util.TestRuleMarkFailure$1.evaluate(TestRuleMarkFailure.java:48)
	at com.carrotsearch.randomizedtesting.rules.StatementAdapter.evaluate(StatementAdapter.java:36)
	at com.carrotsearch.randomizedtesting.ThreadLeakControl$StatementRunner.run(ThreadLeakControl.java:345)
	at com.carrotsearch.randomizedtesting.ThreadLeakControl.forkTimeoutingTask(ThreadLeakControl.java:769)
	at com.carrotsearch.randomizedtesting.ThreadLeakControl$3.evaluate(ThreadLeakControl.java:429)
	at com.carrotsearch.randomizedtesting.RandomizedRunner.runSingleTest(RandomizedRunner.java:746)
	at com.carrotsearch.randomizedtesting.RandomizedRunner$3.evaluate(RandomizedRunner.java:648)
	at com.carrotsearch.randomizedtesting.RandomizedRunner$4.evaluate(RandomizedRunner.java:682)
	at com.carrotsearch.randomizedtesting.RandomizedRunner$5.evaluate(RandomizedRunner.java:693)
	at com.carrotsearch.randomizedtesting.rules.StatementAdapter.evaluate(StatementAdapter.java:36)
	at com.carrotsearch.randomizedtesting.rules.SystemPropertiesRestoreRule$1.evaluate(SystemPropertiesRestoreRule.java:53)
	at org.apache.lucene.util.AbstractBeforeAfterRule$1.evaluate(AbstractBeforeAfterRule.java:45)
	at org.apache.lucene.util.TestRuleStoreClassName$1.evaluate(TestRuleStoreClassName.java:42)
	at com.carrotsearch.randomizedtesting.rules.SystemPropertiesInvariantRule$1.evaluate(SystemPropertiesInvariantRule.java:55)
	at com.carrotsearch.randomizedtesting.rules.NoShadowingOrOverridesOnMethodsRule$1.evaluate(NoShadowingOrOverridesOnMethodsRule.java:39)
	at com.carrotsearch.randomizedtesting.rules.NoShadowingOrOverridesOnMethodsRule$1.evaluate(NoShadowingOrOverridesOnMethodsRule.java:39)
	at org.apache.lucene.util.TestRuleAssertionsRequired$1.evaluate(TestRuleAssertionsRequired.java:40)
	at org.apache.lucene.util.TestRuleMarkFailure$1.evaluate(TestRuleMarkFailure.java:48)
	at org.apache.lucene.util.TestRuleIgnoreAfterMaxFailures$1.evaluate(TestRuleIgnoreAfterMaxFailures.java:70)
	at org.apache.lucene.util.TestRuleIgnoreTestSuites$1.evaluate(TestRuleIgnoreTestSuites.java:55)
	at com.carrotsearch.randomizedtesting.rules.StatementAdapter.evaluate(StatementAdapter.java:36)
	at com.carrotsearch.randomizedtesting.ThreadLeakControl$StatementRunner.run(ThreadLeakControl.java:345)
	at java.lang.Thread.run(Thread.java:679)


FAILED:  org.apache.solr.handler.extraction.ExtractingRequestHandlerTest.testExtraction

Error Message:
ERROR: [doc=one] unknown field 'meta:save-date'

Stack Trace:
org.apache.solr.common.SolrException: ERROR: [doc=one] unknown field 'meta:save-date'
	at __randomizedtesting.SeedInfo.seed([19FFFF2B8A74701F:A08C8B55F65CA0EA]:0)
	at org.apache.solr.update.DocumentBuilder.toDocument(DocumentBuilder.java:306)
	at org.apache.solr.update.AddUpdateCommand.getLuceneDocument(AddUpdateCommand.java:76)
	at org.apache.solr.update.DirectUpdateHandler2.addDoc(DirectUpdateHandler2.java:208)
	at org.apache.solr.update.processor.RunUpdateProcessor.processAdd(RunUpdateProcessorFactory.java:61)
	at org.apache.solr.update.processor.UpdateRequestProcessor.processAdd(UpdateRequestProcessor.java:51)
	at org.apache.solr.update.processor.DistributedUpdateProcessor.versionAdd(DistributedUpdateProcessor.java:463)
	at org.apache.solr.update.processor.DistributedUpdateProcessor.processAdd(DistributedUpdateProcessor.java:342)
	at org.apache.solr.handler.extraction.ExtractingDocumentLoader.doAdd(ExtractingDocumentLoader.java:121)
	at org.apache.solr.handler.extraction.ExtractingDocumentLoader.addDoc(ExtractingDocumentLoader.java:126)
	at org.apache.solr.handler.extraction.ExtractingDocumentLoader.load(ExtractingDocumentLoader.java:233)
	at org.apache.solr.handler.ContentStreamHandlerBase.handleRequestBody(ContentStreamHandlerBase.java:74)
	at org.apache.solr.handler.RequestHandlerBase.handleRequest(RequestHandlerBase.java:129)
	at org.apache.solr.core.SolrCore.execute(SolrCore.java:1692)
	at org.apache.solr.util.TestHarness.queryAndResponse(TestHarness.java:375)
	at org.apache.solr.handler.extraction.ExtractingRequestHandlerTest.loadLocal(ExtractingRequestHandlerTest.java:588)
	at org.apache.solr.handler.extraction.ExtractingRequestHandlerTest.testExtraction(ExtractingRequestHandlerTest.java:62)
	at sun.reflect.NativeMethodAccessorImpl.invoke0(Native Method)
	at sun.reflect.NativeMethodAccessorImpl.invoke(NativeMethodAccessorImpl.java:57)
	at sun.reflect.DelegatingMethodAccessorImpl.invoke(DelegatingMethodAccessorImpl.java:43)
	at java.lang.reflect.Method.invoke(Method.java:616)
	at com.carrotsearch.randomizedtesting.RandomizedRunner.invoke(RandomizedRunner.java:1559)
	at com.carrotsearch.randomizedtesting.RandomizedRunner.access$600(RandomizedRunner.java:79)
	at com.carrotsearch.randomizedtesting.RandomizedRunner$6.evaluate(RandomizedRunner.java:737)
	at com.carrotsearch.randomizedtesting.RandomizedRunner$7.evaluate(RandomizedRunner.java:773)
	at com.carrotsearch.randomizedtesting.RandomizedRunner$8.evaluate(RandomizedRunner.java:787)
	at com.carrotsearch.randomizedtesting.rules.SystemPropertiesRestoreRule$1.evaluate(SystemPropertiesRestoreRule.java:53)
	at org.apache.lucene.util.TestRuleSetupTeardownChained$1.evaluate(TestRuleSetupTeardownChained.java:50)
	at org.apache.lucene.util.TestRuleFieldCacheSanity$1.evaluate(TestRuleFieldCacheSanity.java:51)
	at org.apache.lucene.util.AbstractBeforeAfterRule$1.evaluate(AbstractBeforeAfterRule.java:45)
	at com.carrotsearch.randomizedtesting.rules.SystemPropertiesInvariantRule$1.evaluate(SystemPropertiesInvariantRule.java:55)
	at org.apache.lucene.util.TestRuleThreadAndTestName$1.evaluate(TestRuleThreadAndTestName.java:48)
	at org.apache.lucene.util.TestRuleIgnoreAfterMaxFailures$1.evaluate(TestRuleIgnoreAfterMaxFailures.java:70)
	at org.apache.lucene.util.TestRuleMarkFailure$1.evaluate(TestRuleMarkFailure.java:48)
	at com.carrotsearch.randomizedtesting.rules.StatementAdapter.evaluate(StatementAdapter.java:36)
	at com.carrotsearch.randomizedtesting.ThreadLeakControl$StatementRunner.run(ThreadLeakControl.java:345)
	at com.carrotsearch.randomizedtesting.ThreadLeakControl.forkTimeoutingTask(ThreadLeakControl.java:769)
	at com.carrotsearch.randomizedtesting.ThreadLeakControl$3.evaluate(ThreadLeakControl.java:429)
	at com.carrotsearch.randomizedtesting.RandomizedRunner.runSingleTest(RandomizedRunner.java:746)
	at com.carrotsearch.randomizedtesting.RandomizedRunner$3.evaluate(RandomizedRunner.java:648)
	at com.carrotsearch.randomizedtesting.RandomizedRunner$4.evaluate(RandomizedRunner.java:682)
	at com.carrotsearch.randomizedtesting.RandomizedRunner$5.evaluate(RandomizedRunner.java:693)
	at com.carrotsearch.randomizedtesting.rules.StatementAdapter.evaluate(StatementAdapter.java:36)
	at com.carrotsearch.randomizedtesting.rules.SystemPropertiesRestoreRule$1.evaluate(SystemPropertiesRestoreRule.java:53)
	at org.apache.lucene.util.AbstractBeforeAfterRule$1.evaluate(AbstractBeforeAfterRule.java:45)
	at org.apache.lucene.util.TestRuleStoreClassName$1.evaluate(TestRuleStoreClassName.java:42)
	at com.carrotsearch.randomizedtesting.rules.SystemPropertiesInvariantRule$1.evaluate(SystemPropertiesInvariantRule.java:55)
	at com.carrotsearch.randomizedtesting.rules.NoShadowingOrOverridesOnMethodsRule$1.evaluate(NoShadowingOrOverridesOnMethodsRule.java:39)
	at com.carrotsearch.randomizedtesting.rules.NoShadowingOrOverridesOnMethodsRule$1.evaluate(NoShadowingOrOverridesOnMethodsRule.java:39)
	at org.apache.lucene.util.TestRuleAssertionsRequired$1.evaluate(TestRuleAssertionsRequired.java:40)
	at org.apache.lucene.util.TestRuleMarkFailure$1.evaluate(TestRuleMarkFailure.java:48)
	at org.apache.lucene.util.TestRuleIgnoreAfterMaxFailures$1.evaluate(TestRuleIgnoreAfterMaxFailures.java:70)
	at org.apache.lucene.util.TestRuleIgnoreTestSuites$1.evaluate(TestRuleIgnoreTestSuites.java:55)
	at com.carrotsearch.randomizedtesting.rules.StatementAdapter.evaluate(StatementAdapter.java:36)
	at com.carrotsearch.randomizedtesting.ThreadLeakControl$StatementRunner.run(ThreadLeakControl.java:345)
	at java.lang.Thread.run(Thread.java:679)




Build Log:
[...truncated 2900 lines...]
243 T3 oasc.SolrCore.finalize SEVERE REFCOUNT ERROR: unreferenced org.apache.solr.core.SolrCore@5f674b36 (col_bad) has a reference count of 1
332 T549 oasc.SolrException.log SEVERE Exception during parsing file: solrconfig.xml:org.xml.sax.SAXParseException; systemId: solrres:/solrconfig.xml; lineNumber: 1; columnNumber: 1; Content is not allowed in prolog.
		at com.sun.org.apache.xerces.internal.util.ErrorHandlerWrapper.createSAXParseException(ErrorHandlerWrapper.java:198)
		at com.sun.org.apache.xerces.internal.util.ErrorHandlerWrapper.fatalError(ErrorHandlerWrapper.java:177)
		at com.sun.org.apache.xerces.internal.impl.XMLErrorReporter.reportError(XMLErrorReporter.java:391)
		at com.sun.org.apache.xerces.internal.impl.XMLScanner.reportFatalError(XMLScanner.java:1404)
		at com.sun.org.apache.xerces.internal.impl.XMLDocumentScannerImpl$PrologDriver.next(XMLDocumentScannerImpl.java:1014)
		at com.sun.org.apache.xerces.internal.impl.XMLDocumentScannerImpl.next(XMLDocumentScannerImpl.java:625)
		at com.sun.org.apache.xerces.internal.impl.XMLNSDocumentScannerImpl.next(XMLNSDocumentScannerImpl.java:116)
		at com.sun.org.apache.xerces.internal.impl.XMLDocumentFragmentScannerImpl.scanDocument(XMLDocumentFragmentScannerImpl.java:488)
		at com.sun.org.apache.xerces.internal.parsers.XML11Configuration.parse(XML11Configuration.java:819)
		at com.sun.org.apache.xerces.internal.parsers.XML11Configuration.parse(XML11Configuration.java:748)
		at com.sun.org.apache.xerces.internal.parsers.XMLParser.parse(XMLParser.java:123)
		at com.sun.org.apache.xerces.internal.parsers.DOMParser.parse(DOMParser.java:239)
		at com.sun.org.apache.xerces.internal.jaxp.DocumentBuilderImpl.parse(DocumentBuilderImpl.java:288)
		at org.apache.solr.core.Config.&lt;init&gt;(Config.java:129)
		at org.apache.solr.core.Config.&lt;init&gt;(Config.java:78)
		at org.apache.solr.core.SolrConfig.&lt;init&gt;(SolrConfig.java:117)
		at org.apache.solr.core.SolrCore.reload(SolrCore.java:366)
		at org.apache.solr.core.CoreContainer.reload(CoreContainer.java:1016)
		at org.apache.solr.core.CoreContainerCoreInitFailuresTest.testFlowBadFromStart(CoreContainerCoreInitFailuresTest.java:257)
		at sun.reflect.NativeMethodAccessorImpl.invoke0(Native Method)
		at sun.reflect.NativeMethodAccessorImpl.invoke(NativeMethodAccessorImpl.java:57)
		at sun.reflect.DelegatingMethodAccessorImpl.invoke(DelegatingMethodAccessorImpl.java:43)
		at java.lang.reflect.Method.invoke(Method.java:616)
		at com.carrotsearch.randomizedtesting.RandomizedRunner.invoke(RandomizedRunner.java:1559)
		at com.carrotsearch.randomizedtesting.RandomizedRunner.access$600(RandomizedRunner.java:79)
		at com.carrotsearch.randomizedtesting.RandomizedRunner$6.evaluate(RandomizedRunner.java:737)
		at com.carrotsearch.randomizedtesting.RandomizedRunner$7.evaluate(RandomizedRunner.java:773)
		at com.carrotsearch.randomizedtesting.RandomizedRunner$8.evaluate(RandomizedRunner.java:787)
		at com.carrotsearch.randomizedtesting.rules.SystemPropertiesRestoreRule$1.evaluate(SystemPropertiesRestoreRule.java:53)
		at org.apache.lucene.util.TestRuleSetupTeardownChained$1.evaluate(TestRuleSetupTeardownChained.java:50)
		at org.apache.lucene.util.TestRuleFieldCacheSanity$1.evaluate(TestRuleFieldCacheSanity.java:51)
		at org.apache.lucene.util.AbstractBeforeAfterRule$1.evaluate(AbstractBeforeAfterRule.java:45)
		at com.carrotsearch.randomizedtesting.rules.SystemPropertiesInvariantRule$1.evaluate(SystemPropertiesInvariantRule.java:55)
		at org.apache.lucene.util.TestRuleThreadAndTestName$1.evaluate(TestRuleThreadAndTestName.java:48)
		at org.apache.lucene.util.TestRuleIgnoreAfterMaxFailures$1.evaluate(TestRuleIgnoreAfterMaxFailures.java:70)
		at org.apache.lucene.util.TestRuleMarkFailure$1.evaluate(TestRuleMarkFailure.java:48)
		at com.carrotsearch.randomizedtesting.rules.StatementAdapter.evaluate(StatementAdapter.java:36)
		at com.carrotsearch.randomizedtesting.ThreadLeakControl$StatementRunner.run(ThreadLeakControl.java:345)
		at com.carrotsearch.randomizedtesting.ThreadLeakControl.forkTimeoutingTask(ThreadLeakControl.java:769)
		at com.carrotsearch.randomizedtesting.ThreadLeakControl$3.evaluate(ThreadLeakControl.java:429)
		at com.carrotsearch.randomizedtesting.RandomizedRunner.runSingleTest(RandomizedRunner.java:746)
		at com.carrotsearch.randomizedtesting.RandomizedRunner$3.evaluate(RandomizedRunner.java:648)
		at com.carrotsearch.randomizedtesting.RandomizedRunner$4.evaluate(RandomizedRunner.java:682)
		at com.carrotsearch.randomizedtesting.RandomizedRunner$5.evaluate(RandomizedRunner.java:693)
		at com.carrotsearch.randomizedtesting.rules.StatementAdapter.evaluate(StatementAdapter.java:36)
		at com.carrotsearch.randomizedtesting.rules.SystemPropertiesRestoreRule$1.evaluate(SystemPropertiesRestoreRule.java:53)
		at org.apache.lucene.util.AbstractBeforeAfterRule$1.evaluate(AbstractBeforeAfterRule.java:45)
		at org.apache.lucene.util.TestRuleStoreClassName$1.evaluate(TestRuleStoreClassName.java:42)
		at com.carrotsearch.randomizedtesting.rules.SystemPropertiesInvariantRule$1.evaluate(SystemPropertiesInvariantRule.java:55)
		at com.carrotsearch.randomizedtesting.rules.NoShadowingOrOverridesOnMethodsRule$1.evaluate(NoShadowingOrOverridesOnMethodsRule.java:39)
		at com.carrotsearch.randomizedtesting.rules.NoShadowingOrOverridesOnMethodsRule$1.evaluate(NoShadowingOrOverridesOnMethodsRule.java:39)
		at org.apache.lucene.util.TestRuleAssertionsRequired$1.evaluate(TestRuleAssertionsRequired.java:40)
		at org.apache.lucene.util.TestRuleMarkFailure$1.evaluate(TestRuleMarkFailure.java:48)
		at org.apache.lucene.util.TestRuleIgnoreAfterMaxFailures$1.evaluate(TestRuleIgnoreAfterMaxFailures.java:70)
		at org.apache.lucene.util.TestRuleIgnoreTestSuites$1.evaluate(TestRuleIgnoreTestSuites.java:55)
		at com.carrotsearch.randomizedtesting.rules.StatementAdapter.evaluate(StatementAdapter.java:36)
		at com.carrotsearch.randomizedtesting.ThreadLeakControl$StatementRunner.run(ThreadLeakControl.java:345)
		at java.lang.Thread.run(Thread.java:679)
	
Tests run: 2, Failures: 0, Errors: 0, Skipped: 0, Time elapsed: 0.45 sec
Running org.apache.solr.schema.IndexSchemaRuntimeFieldTest
Creating dataDir: /usr/home/hudson/hudson-slave/workspace/Lucene-Solr-Maven-4.x/maven-build/solr/core/target/test/./solrtest-IndexSchemaRuntimeFieldTest-1346366605094
Tests run: 1, Failures: 0, Errors: 0, Skipped: 0, Time elapsed: 0.524 sec
Running org.apache.solr.cloud.ZkNodePropsTest
Tests run: 1, Failures: 0, Errors: 0, Skipped: 0, Time elapsed: 0.026 sec
Running org.apache.solr.internal.csv.writer.CSVConfigGuesserTest
Tests run: 3, Failures: 0, Errors: 0, Skipped: 0, Time elapsed: 0.002 sec
Running org.apache.solr.search.SpatialFilterTest
Creating dataDir: /usr/home/hudson/hudson-slave/workspace/Lucene-Solr-Maven-4.x/maven-build/solr/core/target/test/./solrtest-SpatialFilterTest-1346366605649
Tests run: 3, Failures: 0, Errors: 0, Skipped: 0, Time elapsed: 1.119 sec
Running org.apache.solr.servlet.SolrRequestParserTest
Creating dataDir: /usr/home/hudson/hudson-slave/workspace/Lucene-Solr-Maven-4.x/maven-build/solr/core/target/test/./solrtest-SolrRequestParserTest-1346366606770
Tests run: 4, Failures: 0, Errors: 0, Skipped: 0, Time elapsed: 0.571 sec
Running org.apache.solr.search.similarities.TestPerFieldSimilarity
Creating dataDir: /usr/home/hudson/hudson-slave/workspace/Lucene-Solr-Maven-4.x/maven-build/solr/core/target/test/./solrtest-TestPerFieldSimilarity-1346366607338
Tests run: 7, Failures: 0, Errors: 0, Skipped: 0, Time elapsed: 0.125 sec
Running org.apache.solr.client.solrj.TestLBHttpSolrServer
Tests run: 3, Failures: 0, Errors: 0, Skipped: 0, Time elapsed: 37.537 sec
Running org.apache.solr.client.solrj.response.FieldAnalysisResponseTest
Tests run: 1, Failures: 0, Errors: 0, Skipped: 0, Time elapsed: 0.03 sec
Running org.apache.solr.search.TestStressLucene
Tests run: 1, Failures: 0, Errors: 0, Skipped: 0, Time elapsed: 2.978 sec
Running org.apache.solr.spelling.DirectSolrSpellCheckerTest
Creating dataDir: /usr/home/hudson/hudson-slave/workspace/Lucene-Solr-Maven-4.x/maven-build/solr/core/target/test/./solrtest-DirectSolrSpellCheckerTest-1346366648015
Tests run: 2, Failures: 0, Errors: 0, Skipped: 0, Time elapsed: 0.707 sec
Running org.apache.solr.analysis.TestCharFilters
Creating dataDir: /usr/home/hudson/hudson-slave/workspace/Lucene-Solr-Maven-4.x/maven-build/solr/core/target/test/./solrtest-TestCharFilters-1346366648719
Tests run: 2, Failures: 0, Errors: 0, Skipped: 0, Time elapsed: 0.15 sec
Running org.apache.solr.update.TestUpdate
Creating dataDir: /usr/home/hudson/hudson-slave/workspace/Lucene-Solr-Maven-4.x/maven-build/solr/core/target/test/./solrtest-TestUpdate-1346366648869
Tests run: 1, Failures: 0, Errors: 0, Skipped: 0, Time elapsed: 0.764 sec
Running org.apache.solr.schema.CurrencyFieldTest
Creating dataDir: /usr/home/hudson/hudson-slave/workspace/Lucene-Solr-Maven-4.x/maven-build/solr/core/target/test/./solrtest-CurrencyFieldTest-1346366649636
Tests run: 8, Failures: 0, Errors: 0, Skipped: 1, Time elapsed: 0.774 sec
Running org.apache.solr.search.similarities.TestLMJelinekMercerSimilarityFactory
Creating dataDir: /usr/home/hudson/hudson-slave/workspace/Lucene-Solr-Maven-4.x/maven-build/solr/core/target/test/./solrtest-TestLMJelinekMercerSimilarityFactory-1346366650409
Tests run: 2, Failures: 0, Errors: 0, Skipped: 0, Time elapsed: 0.113 sec
Running org.apache.solr.handler.DocumentAnalysisRequestHandlerTest
Creating dataDir: /usr/home/hudson/hudson-slave/workspace/Lucene-Solr-Maven-4.x/maven-build/solr/core/target/test/./solrtest-DocumentAnalysisRequestHandlerTest-1346366650526
Tests run: 4, Failures: 0, Errors: 0, Skipped: 0, Time elapsed: 0.56 sec
Running org.apache.solr.search.TestSearchPerf
Tests run: 1, Failures: 0, Errors: 0, Skipped: 0, Time elapsed: 0.295 sec
Running org.apache.solr.handler.admin.LukeRequestHandlerTest
Tests run: 3, Failures: 0, Errors: 0, Skipped: 0, Time elapsed: 1.518 sec
Running org.apache.solr.cloud.ZkControllerTest
Creating dataDir: /usr/home/hudson/hudson-slave/workspace/Lucene-Solr-Maven-4.x/maven-build/solr/core/target/test/./solrtest-ZkControllerTest-1346366652896
Tests run: 2, Failures: 0, Errors: 0, Skipped: 0, Time elapsed: 3.477 sec
Running org.apache.solr.update.SolrCmdDistributorTest
{responseHeader={status=0,QTime=38},index={numDocs=143,maxDoc=143,version=73,segmentCount=14,current=true,hasDeletions=false,directory=org.apache.lucene.store.MockDirectoryWrapper:MockDirWrapper(org.apache.lucene.store.RAMDirectory@498fb7b1 lockFactory=org.apache.lucene.store.NativeFSLockFactory@778d1cbd),userData={commitTimeMSec=1346366658693},lastModified=Thu Aug 30 18:44:18 EDT 2012},fields={_version_={type=long,schema=ITS----O------,index=-TS-----------,docs=-1},id={type=int,schema=ITS----O------,index=-TS-----------,docs=-1},intDefault={type=int,schema=ITS----O------,index=-TS-----------,docs=-1},multiDefault={type=string,schema=I-SM---------l,index=ITS-----------,docs=-1},range_facet_l={type=long,schema=ITSM---O------,dynamicBase=*_l,index=-TS-----------,docs=-1},range_facet_si={type=sint,schema=I-S----------l,dynamicBase=*_si,index=ITS-----------,docs=-1},range_facet_sl={type=slong,schema=I-SM---------l,dynamicBase=*_sl,index=ITS-----------,docs=-1},timestamp={type=date,schema=ITS-----------,index=-TS-----------,docs=-1}},info={key={I=Indexed,T=Tokenized,S=Stored,M=Multivalued,V=TermVector Stored,o=Store Offset With TermVector,p=Store Position With TermVector,O=Omit Norms,F=Omit Term Frequencies &amp; Positions,P=Omit Positions,L=Lazy,B=Binary,f=Sort Missing First,l=Sort Missing Last},NOTE=Document Frequency (df) is not updated when a document is marked for deletion.  df values include deleted documents.}}
{responseHeader={status=0,QTime=35},index={numDocs=142,maxDoc=142,version=48,segmentCount=13,current=false,hasDeletions=false,directory=org.apache.lucene.store.MockDirectoryWrapper:MockDirWrapper(org.apache.lucene.store.RAMDirectory@d96dc99 lockFactory=org.apache.lucene.store.NativeFSLockFactory@72aff016),userData={commitTimeMSec=1346366658699},lastModified=Thu Aug 30 18:44:18 EDT 2012},fields={_version_={type=long,schema=ITS----O------,index=-TS-----------,docs=-1},id={type=int,schema=ITS----O------,index=-TS-----------,docs=-1},intDefault={type=int,schema=ITS----O------,index=-TS-----------,docs=-1},multiDefault={type=string,schema=I-SM---------l,index=ITS-----------,docs=-1},range_facet_l={type=long,schema=ITSM---O------,dynamicBase=*_l,index=-TS-----------,docs=-1},range_facet_si={type=sint,schema=I-S----------l,dynamicBase=*_si,index=ITS-----------,docs=-1},range_facet_sl={type=slong,schema=I-SM---------l,dynamicBase=*_sl,index=ITS-----------,docs=-1},timestamp={type=date,schema=ITS-----------,index=-TS-----------,docs=-1}},info={key={I=Indexed,T=Tokenized,S=Stored,M=Multivalued,V=TermVector Stored,o=Store Offset With TermVector,p=Store Position With TermVector,O=Omit Norms,F=Omit Term Frequencies &amp; Positions,P=Omit Positions,L=Lazy,B=Binary,f=Sort Missing First,l=Sort Missing Last},NOTE=Document Frequency (df) is not updated when a document is marked for deletion.  df values include deleted documents.}}
{responseHeader={status=0,QTime=30},index={numDocs=164,maxDoc=164,version=64,segmentCount=11,current=false,hasDeletions=false,directory=org.apache.lucene.store.MockDirectoryWrapper:MockDirWrapper(org.apache.lucene.store.RAMDirectory@7ce258bb lockFactory=org.apache.lucene.store.NativeFSLockFactory@45ef3510),userData={commitTimeMSec=1346366658698},lastModified=Thu Aug 30 18:44:18 EDT 2012},fields={_version_={type=long,schema=ITS----O------,index=-TS-----------,docs=-1},id={type=int,schema=ITS----O------,index=-TS-----------,docs=-1},intDefault={type=int,schema=ITS----O------,index=-TS-----------,docs=-1},multiDefault={type=string,schema=I-SM---------l,index=ITS-----------,docs=-1},range_facet_l={type=long,schema=ITSM---O------,dynamicBase=*_l,index=-TS-----------,docs=-1},range_facet_si={type=sint,schema=I-S----------l,dynamicBase=*_si,index=ITS-----------,docs=-1},range_facet_sl={type=slong,schema=I-SM---------l,dynamicBase=*_sl,index=ITS-----------,docs=-1},timestamp={type=date,schema=ITS-----------,index=-TS-----------,docs=-1}},info={key={I=Indexed,T=Tokenized,S=Stored,M=Multivalued,V=TermVector Stored,o=Store Offset With TermVector,p=Store Position With TermVector,O=Omit Norms,F=Omit Term Frequencies &amp; Positions,P=Omit Positions,L=Lazy,B=Binary,f=Sort Missing First,l=Sort Missing Last},NOTE=Document Frequency (df) is not updated when a document is marked for deletion.  df values include deleted documents.}}
{responseHeader={status=0,QTime=57},index={numDocs=142,maxDoc=142,version=46,segmentCount=12,current=false,hasDeletions=false,directory=org.apache.lucene.store.MockDirectoryWrapper:MockDirWrapper(org.apache.lucene.store.RAMDirectory@2e490e04 lockFactory=org.apache.lucene.store.NativeFSLockFactory@1d61b2f8),userData={commitTimeMSec=1346366658702},lastModified=Thu Aug 30 18:44:18 EDT 2012},fields={_version_={type=long,schema=ITS----O------,index=-TS-----------,docs=-1},id={type=int,schema=ITS----O------,index=-TS-----------,docs=-1},intDefault={type=int,schema=ITS----O------,index=-TS-----------,docs=-1},multiDefault={type=string,schema=I-SM---------l,index=ITS-----------,docs=-1},range_facet_l={type=long,schema=ITSM---O------,dynamicBase=*_l,index=-TS-----------,docs=-1},range_facet_si={type=sint,schema=I-S----------l,dynamicBase=*_si,index=ITS-----------,docs=-1},range_facet_sl={type=slong,schema=I-SM---------l,dynamicBase=*_sl,index=ITS-----------,docs=-1},timestamp={type=date,schema=ITS-----------,index=-TS-----------,docs=-1}},info={key={I=Indexed,T=Tokenized,S=Stored,M=Multivalued,V=TermVector Stored,o=Store Offset With TermVector,p=Store Position With TermVector,O=Omit Norms,F=Omit Term Frequencies &amp; Positions,P=Omit Positions,L=Lazy,B=Binary,f=Sort Missing First,l=Sort Missing Last},NOTE=Document Frequency (df) is not updated when a document is marked for deletion.  df values include deleted documents.}}
Tests run: 1, Failures: 0, Errors: 0, Skipped: 0, Time elapsed: 2.978 sec
Running org.apache.solr.search.function.distance.DistanceFunctionTest
Creating dataDir: /usr/home/hudson/hudson-slave/workspace/Lucene-Solr-Maven-4.x/maven-build/solr/core/target/test/./solrtest-DistanceFunctionTest-1346366659356
Tests run: 3, Failures: 0, Errors: 0, Skipped: 0, Time elapsed: 0.707 sec
Running org.apache.solr.TestGroupingSearch
Creating dataDir: /usr/home/hudson/hudson-slave/workspace/Lucene-Solr-Maven-4.x/maven-build/solr/core/target/test/./solrtest-TestGroupingSearch-1346366660064
Tests run: 12, Failures: 0, Errors: 0, Skipped: 0, Time elapsed: 2.063 sec
Running org.apache.solr.common.SolrDocumentTest
Tests run: 5, Failures: 0, Errors: 0, Skipped: 0, Time elapsed: 0.081 sec
Running org.apache.solr.util.CircularListTest
Tests run: 1, Failures: 0, Errors: 0, Skipped: 0, Time elapsed: 0.032 sec
Running org.apache.solr.update.PeerSyncTest
Tests run: 1, Failures: 0, Errors: 0, Skipped: 0, Time elapsed: 2.932 sec
Running org.apache.solr.search.TestLRUCache
Tests run: 3, Failures: 0, Errors: 0, Skipped: 0, Time elapsed: 0.063 sec
Running org.apache.solr.client.solrj.embedded.MergeIndexesEmbeddedTest
!!!! WARNING: best effort to remove /usr/home/hudson/hudson-slave/workspace/Lucene-Solr-Maven-4.x/maven-build/solr/core/target/test/./org.apache.solr.client.solrj.embedded.MergeIndexesEmbeddedTest-1346366665238 FAILED !!!!!
!!!! WARNING: best effort to remove /usr/home/hudson/hudson-slave/workspace/Lucene-Solr-Maven-4.x/maven-build/solr/core/target/test/./org.apache.solr.client.solrj.embedded.MergeIndexesEmbeddedTest-1346366665644 FAILED !!!!!
Tests run: 2, Failures: 0, Errors: 0, Skipped: 0, Time elapsed: 0.831 sec
Running org.apache.solr.client.solrj.SolrExampleBinaryTest
Creating dataDir: /usr/home/hudson/hudson-slave/workspace/Lucene-Solr-Maven-4.x/maven-build/solr/core/target/test/./solrtest-SolrExampleBinaryTest-1346366666076
Tests run: 22, Failures: 0, Errors: 0, Skipped: 0, Time elapsed: 5.232 sec
Running org.apache.solr.search.similarities.TestIBSimilarityFactory
Creating dataDir: /usr/home/hudson/hudson-slave/workspace/Lucene-Solr-Maven-4.x/maven-build/solr/core/target/test/./solrtest-TestIBSimilarityFactory-1346366671304
Tests run: 2, Failures: 0, Errors: 0, Skipped: 0, Time elapsed: 0.108 sec
Running org.apache.solr.search.TestSort
Creating dataDir: /usr/home/hudson/hudson-slave/workspace/Lucene-Solr-Maven-4.x/maven-build/solr/core/target/test/./solrtest-TestSort-1346366671416
Tests run: 2, Failures: 0, Errors: 0, Skipped: 0, Time elapsed: 3.232 sec
Running org.apache.solr.update.TestIndexingPerformance
Tests run: 1, Failures: 0, Errors: 0, Skipped: 0, Time elapsed: 0.467 sec
Running org.apache.solr.handler.component.StatsComponentTest
ASYNC  NEW_CORE C0 name=collection1 org.apache.solr.core.SolrCore@2dafcbf
4410 T972 C0 oasc.SolrException.log SEVERE org.apache.solr.common.SolrException: Stats can only facet on single-valued fields, not: foo_ss
		at org.apache.solr.handler.component.SimpleStats.getFieldCacheStats(StatsComponent.java:261)
		at org.apache.solr.handler.component.SimpleStats.getStatsFields(StatsComponent.java:227)
		at org.apache.solr.handler.component.SimpleStats.getStatsCounts(StatsComponent.java:201)
		at org.apache.solr.handler.component.StatsComponent.process(StatsComponent.java:70)
		at org.apache.solr.handler.component.SearchHandler.handleRequestBody(SearchHandler.java:206)
		at org.apache.solr.handler.RequestHandlerBase.handleRequest(RequestHandlerBase.java:129)
		at org.apache.solr.core.SolrCore.execute(SolrCore.java:1692)
		at org.apache.solr.util.TestHarness.query(TestHarness.java:351)
		at org.apache.solr.util.TestHarness.query(TestHarness.java:333)
		at org.apache.solr.util.AbstractSolrTestCase.assertQEx(AbstractSolrTestCase.java:290)
		at org.apache.solr.handler.component.StatsComponentTest.testStatsFacetMultivaluedErrorHandling(StatsComponentTest.java:363)
		at sun.reflect.NativeMethodAccessorImpl.invoke0(Native Method)
		at sun.reflect.NativeMethodAccessorImpl.invoke(NativeMethodAccessorImpl.java:57)
		at sun.reflect.DelegatingMethodAccessorImpl.invoke(DelegatingMethodAccessorImpl.java:43)
		at java.lang.reflect.Method.invoke(Method.java:616)
		at com.carrotsearch.randomizedtesting.RandomizedRunner.invoke(RandomizedRunner.java:1559)
		at com.carrotsearch.randomizedtesting.RandomizedRunner.access$600(RandomizedRunner.java:79)
		at com.carrotsearch.randomizedtesting.RandomizedRunner$6.evaluate(RandomizedRunner.java:737)
		at com.carrotsearch.randomizedtesting.RandomizedRunner$7.evaluate(RandomizedRunner.java:773)
		at com.carrotsearch.randomizedtesting.RandomizedRunner$8.evaluate(RandomizedRunner.java:787)
		at com.carrotsearch.randomizedtesting.rules.SystemPropertiesRestoreRule$1.evaluate(SystemPropertiesRestoreRule.java:53)
		at org.apache.lucene.util.TestRuleSetupTeardownChained$1.evaluate(TestRuleSetupTeardownChained.java:50)
		at org.apache.lucene.util.TestRuleFieldCacheSanity$1.evaluate(TestRuleFieldCacheSanity.java:51)
		at org.apache.lucene.util.AbstractBeforeAfterRule$1.evaluate(AbstractBeforeAfterRule.java:45)
		at com.carrotsearch.randomizedtesting.rules.SystemPropertiesInvariantRule$1.evaluate(SystemPropertiesInvariantRule.java:55)
		at org.apache.lucene.util.TestRuleThreadAndTestName$1.evaluate(TestRuleThreadAndTestName.java:48)
		at org.apache.lucene.util.TestRuleIgnoreAfterMaxFailures$1.evaluate(TestRuleIgnoreAfterMaxFailures.java:70)
		at org.apache.lucene.util.TestRuleMarkFailure$1.evaluate(TestRuleMarkFailure.java:48)
		at com.carrotsearch.randomizedtesting.rules.StatementAdapter.evaluate(StatementAdapter.java:36)
		at com.carrotsearch.randomizedtesting.ThreadLeakControl$StatementRunner.run(ThreadLeakControl.java:345)
		at com.carrotsearch.randomizedtesting.ThreadLeakControl.forkTimeoutingTask(ThreadLeakControl.java:769)
		at com.carrotsearch.randomizedtesting.ThreadLeakControl$3.evaluate(ThreadLeakControl.java:429)
		at com.carrotsearch.randomizedtesting.RandomizedRunner.runSingleTest(RandomizedRunner.java:746)
		at com.carrotsearch.randomizedtesting.RandomizedRunner$3.evaluate(RandomizedRunner.java:648)
		at com.carrotsearch.randomizedtesting.RandomizedRunner$4.evaluate(RandomizedRunner.java:682)
		at com.carrotsearch.randomizedtesting.RandomizedRunner$5.evaluate(RandomizedRunner.java:693)
		at com.carrotsearch.randomizedtesting.rules.StatementAdapter.evaluate(StatementAdapter.java:36)
		at com.carrotsearch.randomizedtesting.rules.SystemPropertiesRestoreRule$1.evaluate(SystemPropertiesRestoreRule.java:53)
		at org.apache.lucene.util.AbstractBeforeAfterRule$1.evaluate(AbstractBeforeAfterRule.java:45)
		at org.apache.lucene.util.TestRuleStoreClassName$1.evaluate(TestRuleStoreClassName.java:42)
		at com.carrotsearch.randomizedtesting.rules.SystemPropertiesInvariantRule$1.evaluate(SystemPropertiesInvariantRule.java:55)
		at com.carrotsearch.randomizedtesting.rules.NoShadowingOrOverridesOnMethodsRule$1.evaluate(NoShadowingOrOverridesOnMethodsRule.java:39)
		at com.carrotsearch.randomizedtesting.rules.NoShadowingOrOverridesOnMethodsRule$1.evaluate(NoShadowingOrOverridesOnMethodsRule.java:39)
		at org.apache.lucene.util.TestRuleAssertionsRequired$1.evaluate(TestRuleAssertionsRequired.java:40)
		at org.apache.lucene.util.TestRuleMarkFailure$1.evaluate(TestRuleMarkFailure.java:48)
		at org.apache.lucene.util.TestRuleIgnoreAfterMaxFailures$1.evaluate(TestRuleIgnoreAfterMaxFailures.java:70)
		at org.apache.lucene.util.TestRuleIgnoreTestSuites$1.evaluate(TestRuleIgnoreTestSuites.java:55)
		at com.carrotsearch.randomizedtesting.rules.StatementAdapter.evaluate(StatementAdapter.java:36)
		at com.carrotsearch.randomizedtesting.ThreadLeakControl$StatementRunner.run(ThreadLeakControl.java:345)
		at java.lang.Thread.run(Thread.java:679)
	
Tests run: 7, Failures: 0, Errors: 0, Skipped: 0, Time elapsed: 3.337 sec
Running org.apache.solr.client.solrj.SolrQueryTest
Tests run: 9, Failures: 0, Errors: 0, Skipped: 0, Time elapsed: 0.062 sec
Running org.apache.solr.cloud.FullSolrCloudDistribCmdsTest
Creating dataDir: /usr/home/hudson/hudson-slave/workspace/Lucene-Solr-Maven-4.x/maven-build/solr/core/target/test/./solrtest-FullSolrCloudDistribCmdsTest-1346366678524
ASYNC  NEW_CORE C1 name=collection1 org.apache.solr.core.SolrCore@6c905d91 url=http://127.0.0.1:50291/solr/collection1 node=127.0.0.1:50291_solr
20650 T1026 C1 P50291 oasc.SolrException.log SEVERE java.lang.RuntimeException: No registered leader was found, collection:collection1 slice:shard1
		at org.apache.solr.common.cloud.ZkStateReader.getLeaderProps(ZkStateReader.java:413)
		at org.apache.solr.common.cloud.ZkStateReader.getLeaderProps(ZkStateReader.java:399)
		at org.apache.solr.update.processor.DistributedUpdateProcessor.setupRequest(DistributedUpdateProcessor.java:189)
		at org.apache.solr.update.processor.DistributedUpdateProcessor.processAdd(DistributedUpdateProcessor.java:333)
		at org.apache.solr.handler.loader.XMLLoader.processUpdate(XMLLoader.java:230)
		at org.apache.solr.handler.loader.XMLLoader.load(XMLLoader.java:157)
		at org.apache.solr.handler.UpdateRequestHandler$1.load(UpdateRequestHandler.java:92)
		at org.apache.solr.handler.ContentStreamHandlerBase.handleRequestBody(ContentStreamHandlerBase.java:74)
		at org.apache.solr.handler.RequestHandlerBase.handleRequest(RequestHandlerBase.java:129)
		at org.apache.solr.core.SolrCore.execute(SolrCore.java:1692)
		at org.apache.solr.servlet.SolrDispatchFilter.execute(SolrDispatchFilter.java:454)
		at org.apache.solr.servlet.SolrDispatchFilter.doFilter(SolrDispatchFilter.java:275)
		at org.eclipse.jetty.servlet.ServletHandler$CachedChain.doFilter(ServletHandler.java:1337)
		at org.eclipse.jetty.servlet.ServletHandler.doHandle(ServletHandler.java:484)
		at org.eclipse.jetty.server.session.SessionHandler.doHandle(SessionHandler.java:231)
		at org.eclipse.jetty.server.handler.ScopedHandler.handle(ScopedHandler.java:119)
		at org.eclipse.jetty.server.handler.GzipHandler.handle(GzipHandler.java:267)
		at org.eclipse.jetty.server.handler.ContextHandler.doHandle(ContextHandler.java:1067)
		at org.eclipse.jetty.servlet.ServletHandler.doScope(ServletHandler.java:413)
		at org.eclipse.jetty.server.session.SessionHandler.doScope(SessionHandler.java:192)
		at org.eclipse.jetty.server.handler.ContextHandler.doScope(ContextHandler.java:999)
		at org.eclipse.jetty.server.handler.ScopedHandler.handle(ScopedHandler.java:117)
		at org.eclipse.jetty.server.handler.HandlerWrapper.handle(HandlerWrapper.java:111)
		at org.eclipse.jetty.server.Server.handle(Server.java:351)
		at org.eclipse.jetty.server.AbstractHttpConnection.handleRequest(AbstractHttpConnection.java:454)
		at org.eclipse.jetty.server.BlockingHttpConnection.handleRequest(BlockingHttpConnection.java:47)
		at org.eclipse.jetty.server.AbstractHttpConnection.content(AbstractHttpConnection.java:900)
		at org.eclipse.jetty.server.AbstractHttpConnection$RequestHandler.content(AbstractHttpConnection.java:954)
		at org.eclipse.jetty.http.HttpParser.parseNext(HttpParser.java:952)
		at org.eclipse.jetty.http.HttpParser.parseAvailable(HttpParser.java:235)
		at org.eclipse.jetty.server.BlockingHttpConnection.handle(BlockingHttpConnection.java:66)
		at org.eclipse.jetty.server.bio.SocketConnector$ConnectorEndPoint.run(SocketConnector.java:254)
		at org.eclipse.jetty.util.thread.QueuedThreadPool.runJob(QueuedThreadPool.java:599)
		at org.eclipse.jetty.util.thread.QueuedThreadPool$3.run(QueuedThreadPool.java:534)
		at java.lang.Thread.run(Thread.java:679)
	
20653 T1026 C1 P50291 oasc.SolrException.log SEVERE null:java.lang.RuntimeException: No registered leader was found, collection:collection1 slice:shard1
		at org.apache.solr.common.cloud.ZkStateReader.getLeaderProps(ZkStateReader.java:413)
		at org.apache.solr.common.cloud.ZkStateReader.getLeaderProps(ZkStateReader.java:399)
		at org.apache.solr.update.processor.DistributedUpdateProcessor.setupRequest(DistributedUpdateProcessor.java:189)
		at org.apache.solr.update.processor.DistributedUpdateProcessor.processAdd(DistributedUpdateProcessor.java:333)
		at org.apache.solr.handler.loader.XMLLoader.processUpdate(XMLLoader.java:230)
		at org.apache.solr.handler.loader.XMLLoader.load(XMLLoader.java:157)
		at org.apache.solr.handler.UpdateRequestHandler$1.load(UpdateRequestHandler.java:92)
		at org.apache.solr.handler.ContentStreamHandlerBase.handleRequestBody(ContentStreamHandlerBase.java:74)
		at org.apache.solr.handler.RequestHandlerBase.handleRequest(RequestHandlerBase.java:129)
		at org.apache.solr.core.SolrCore.execute(SolrCore.java:1692)
		at org.apache.solr.servlet.SolrDispatchFilter.execute(SolrDispatchFilter.java:454)
		at org.apache.solr.servlet.SolrDispatchFilter.doFilter(SolrDispatchFilter.java:275)
		at org.eclipse.jetty.servlet.ServletHandler$CachedChain.doFilter(ServletHandler.java:1337)
		at org.eclipse.jetty.servlet.ServletHandler.doHandle(ServletHandler.java:484)
		at org.eclipse.jetty.server.session.SessionHandler.doHandle(SessionHandler.java:231)
		at org.eclipse.jetty.server.handler.ScopedHandler.handle(ScopedHandler.java:119)
		at org.eclipse.jetty.server.handler.GzipHandler.handle(GzipHandler.java:267)
		at org.eclipse.jetty.server.handler.ContextHandler.doHandle(ContextHandler.java:1067)
		at org.eclipse.jetty.servlet.ServletHandler.doScope(ServletHandler.java:413)
		at org.eclipse.jetty.server.session.SessionHandler.doScope(SessionHandler.java:192)
		at org.eclipse.jetty.server.handler.ContextHandler.doScope(ContextHandler.java:999)
		at org.eclipse.jetty.server.handler.ScopedHandler.handle(ScopedHandler.java:117)
		at org.eclipse.jetty.server.handler.HandlerWrapper.handle(HandlerWrapper.java:111)
		at org.eclipse.jetty.server.Server.handle(Server.java:351)
		at org.eclipse.jetty.server.AbstractHttpConnection.handleRequest(AbstractHttpConnection.java:454)
		at org.eclipse.jetty.server.BlockingHttpConnection.handleRequest(BlockingHttpConnection.java:47)
		at org.eclipse.jetty.server.AbstractHttpConnection.content(AbstractHttpConnection.java:900)
		at org.eclipse.jetty.server.AbstractHttpConnection$RequestHandler.content(AbstractHttpConnection.java:954)
		at org.eclipse.jetty.http.HttpParser.parseNext(HttpParser.java:952)
		at org.eclipse.jetty.http.HttpParser.parseAvailable(HttpParser.java:235)
		at org.eclipse.jetty.server.BlockingHttpConnection.handle(BlockingHttpConnection.java:66)
		at org.eclipse.jetty.server.bio.SocketConnector$ConnectorEndPoint.run(SocketConnector.java:254)
		at org.eclipse.jetty.util.thread.QueuedThreadPool.runJob(QueuedThreadPool.java:599)
		at org.eclipse.jetty.util.thread.QueuedThreadPool$3.run(QueuedThreadPool.java:534)
		at java.lang.Thread.run(Thread.java:679)
	
ASYNC  NEW_CORE C2 name=collection1 org.apache.solr.core.SolrCore@52d5353 url=http://127.0.0.1:50295/solr/collection1 node=127.0.0.1:50295_solr
21677 T1049 C2 P50295 oasc.SolrException.log SEVERE java.lang.RuntimeException: No registered leader was found, collection:collection1 slice:shard1
		at org.apache.solr.common.cloud.ZkStateReader.getLeaderProps(ZkStateReader.java:413)
		at org.apache.solr.common.cloud.ZkStateReader.getLeaderProps(ZkStateReader.java:399)
		at org.apache.solr.update.processor.DistributedUpdateProcessor.setupRequest(DistributedUpdateProcessor.java:189)
		at org.apache.solr.update.processor.DistributedUpdateProcessor.processAdd(DistributedUpdateProcessor.java:333)
		at org.apache.solr.handler.loader.XMLLoader.processUpdate(XMLLoader.java:230)
		at org.apache.solr.handler.loader.XMLLoader.load(XMLLoader.java:157)
		at org.apache.solr.handler.UpdateRequestHandler$1.load(UpdateRequestHandler.java:92)
		at org.apache.solr.handler.ContentStreamHandlerBase.handleRequestBody(ContentStreamHandlerBase.java:74)
		at org.apache.solr.handler.RequestHandlerBase.handleRequest(RequestHandlerBase.java:129)
		at org.apache.solr.core.SolrCore.execute(SolrCore.java:1692)
		at org.apache.solr.servlet.SolrDispatchFilter.execute(SolrDispatchFilter.java:454)
		at org.apache.solr.servlet.SolrDispatchFilter.doFilter(SolrDispatchFilter.java:275)
		at org.eclipse.jetty.servlet.ServletHandler$CachedChain.doFilter(ServletHandler.java:1337)
		at org.eclipse.jetty.servlet.ServletHandler.doHandle(ServletHandler.java:484)
		at org.eclipse.jetty.server.session.SessionHandler.doHandle(SessionHandler.java:231)
		at org.eclipse.jetty.server.handler.ScopedHandler.handle(ScopedHandler.java:119)
		at org.eclipse.jetty.server.handler.GzipHandler.handle(GzipHandler.java:267)
		at org.eclipse.jetty.server.handler.ContextHandler.doHandle(ContextHandler.java:1067)
		at org.eclipse.jetty.servlet.ServletHandler.doScope(ServletHandler.java:413)
		at org.eclipse.jetty.server.session.SessionHandler.doScope(SessionHandler.java:192)
		at org.eclipse.jetty.server.handler.ContextHandler.doScope(ContextHandler.java:999)
		at org.eclipse.jetty.server.handler.ScopedHandler.handle(ScopedHandler.java:117)
		at org.eclipse.jetty.server.handler.HandlerWrapper.handle(HandlerWrapper.java:111)
		at org.eclipse.jetty.server.Server.handle(Server.java:351)
		at org.eclipse.jetty.server.AbstractHttpConnection.handleRequest(AbstractHttpConnection.java:454)
		at org.eclipse.jetty.server.BlockingHttpConnection.handleRequest(BlockingHttpConnection.java:47)
		at org.eclipse.jetty.server.AbstractHttpConnection.content(AbstractHttpConnection.java:900)
		at org.eclipse.jetty.server.AbstractHttpConnection$RequestHandler.content(AbstractHttpConnection.java:954)
		at org.eclipse.jetty.http.HttpParser.parseNext(HttpParser.java:952)
		at org.eclipse.jetty.http.HttpParser.parseAvailable(HttpParser.java:235)
		at org.eclipse.jetty.server.BlockingHttpConnection.handle(BlockingHttpConnection.java:66)
		at org.eclipse.jetty.server.bio.SocketConnector$ConnectorEndPoint.run(SocketConnector.java:254)
		at org.eclipse.jetty.util.thread.QueuedThreadPool.runJob(QueuedThreadPool.java:599)
		at org.eclipse.jetty.util.thread.QueuedThreadPool$3.run(QueuedThreadPool.java:534)
		at java.lang.Thread.run(Thread.java:679)
	
21687 T1049 C2 P50295 oasc.SolrException.log SEVERE null:java.lang.RuntimeException: No registered leader was found, collection:collection1 slice:shard1
		at org.apache.solr.common.cloud.ZkStateReader.getLeaderProps(ZkStateReader.java:413)
		at org.apache.solr.common.cloud.ZkStateReader.getLeaderProps(ZkStateReader.java:399)
		at org.apache.solr.update.processor.DistributedUpdateProcessor.setupRequest(DistributedUpdateProcessor.java:189)
		at org.apache.solr.update.processor.DistributedUpdateProcessor.processAdd(DistributedUpdateProcessor.java:333)
		at org.apache.solr.handler.loader.XMLLoader.processUpdate(XMLLoader.java:230)
		at org.apache.solr.handler.loader.XMLLoader.load(XMLLoader.java:157)
		at org.apache.solr.handler.UpdateRequestHandler$1.load(UpdateRequestHandler.java:92)
		at org.apache.solr.handler.ContentStreamHandlerBase.handleRequestBody(ContentStreamHandlerBase.java:74)
		at org.apache.solr.handler.RequestHandlerBase.handleRequest(RequestHandlerBase.java:129)
		at org.apache.solr.core.SolrCore.execute(SolrCore.java:1692)
		at org.apache.solr.servlet.SolrDispatchFilter.execute(SolrDispatchFilter.java:454)
		at org.apache.solr.servlet.SolrDispatchFilter.doFilter(SolrDispatchFilter.java:275)
		at org.eclipse.jetty.servlet.ServletHandler$CachedChain.doFilter(ServletHandler.java:1337)
		at org.eclipse.jetty.servlet.ServletHandler.doHandle(ServletHandler.java:484)
		at org.eclipse.jetty.server.session.SessionHandler.doHandle(SessionHandler.java:231)
		at org.eclipse.jetty.server.handler.ScopedHandler.handle(ScopedHandler.java:119)
		at org.eclipse.jetty.server.handler.GzipHandler.handle(GzipHandler.java:267)
		at org.eclipse.jetty.server.handler.ContextHandler.doHandle(ContextHandler.java:1067)
		at org.eclipse.jetty.servlet.ServletHandler.doScope(ServletHandler.java:413)
		at org.eclipse.jetty.server.session.SessionHandler.doScope(SessionHandler.java:192)
		at org.eclipse.jetty.server.handler.ContextHandler.doScope(ContextHandler.java:999)
		at org.eclipse.jetty.server.handler.ScopedHandler.handle(ScopedHandler.java:117)
		at org.eclipse.jetty.server.handler.HandlerWrapper.handle(HandlerWrapper.java:111)
		at org.eclipse.jetty.server.Server.handle(Server.java:351)
		at org.eclipse.jetty.server.AbstractHttpConnection.handleRequest(AbstractHttpConnection.java:454)
		at org.eclipse.jetty.server.BlockingHttpConnection.handleRequest(BlockingHttpConnection.java:47)
		at org.eclipse.jetty.server.AbstractHttpConnection.content(AbstractHttpConnection.java:900)
		at org.eclipse.jetty.server.AbstractHttpConnection$RequestHandler.content(AbstractHttpConnection.java:954)
		at org.eclipse.jetty.http.HttpParser.parseNext(HttpParser.java:952)
		at org.eclipse.jetty.http.HttpParser.parseAvailable(HttpParser.java:235)
		at org.eclipse.jetty.server.BlockingHttpConnection.handle(BlockingHttpConnection.java:66)
		at org.eclipse.jetty.server.bio.SocketConnector$ConnectorEndPoint.run(SocketConnector.java:254)
		at org.eclipse.jetty.util.thread.QueuedThreadPool.runJob(QueuedThreadPool.java:599)
		at org.eclipse.jetty.util.thread.QueuedThreadPool$3.run(QueuedThreadPool.java:534)
		at java.lang.Thread.run(Thread.java:679)
	
51981 T1054 oasc.SolrException.log SEVERE Sync request error: org.apache.solr.client.solrj.SolrServerException: IOException occured when talking to server at: http://127.0.0.1:50291/solr/collection1
96993 T1054 oasc.SolrException.log SEVERE http://127.0.0.1:50295/solr/collection1/: Could not tell a replica to recover:org.apache.solr.client.solrj.SolrServerException: IOException occured when talking to server at: http://127.0.0.1:50291/solr
		at org.apache.solr.client.solrj.impl.HttpSolrServer.request(HttpSolrServer.java:414)
		at org.apache.solr.client.solrj.impl.HttpSolrServer.request(HttpSolrServer.java:182)
		at org.apache.solr.cloud.SyncStrategy.requestRecovery(SyncStrategy.java:282)
		at org.apache.solr.cloud.SyncStrategy.syncToMe(SyncStrategy.java:226)
		at org.apache.solr.cloud.SyncStrategy.syncReplicas(SyncStrategy.java:119)
		at org.apache.solr.cloud.SyncStrategy.sync(SyncStrategy.java:85)
		at org.apache.solr.cloud.ShardLeaderElectionContext.runLeaderProcess(ElectionContext.java:180)
		at org.apache.solr.cloud.LeaderElector.runIamLeaderProcess(LeaderElector.java:159)
		at org.apache.solr.cloud.LeaderElector.checkIfIamLeader(LeaderElector.java:103)
		at org.apache.solr.cloud.LeaderElector.access$000(LeaderElector.java:57)
		at org.apache.solr.cloud.LeaderElector$1.process(LeaderElector.java:132)
		at org.apache.zookeeper.ClientCnxn$EventThread.processEvent(ClientCnxn.java:526)
		at org.apache.zookeeper.ClientCnxn$EventThread.run(ClientCnxn.java:502)
	Caused by: org.apache.http.conn.ConnectTimeoutException: Connect to 127.0.0.1:50291 timed out
		at org.apache.http.conn.scheme.PlainSocketFactory.connectSocket(PlainSocketFactory.java:125)
		at org.apache.http.impl.conn.DefaultClientConnectionOperator.openConnection(DefaultClientConnectionOperator.java:148)
		at org.apache.http.impl.conn.AbstractPoolEntry.open(AbstractPoolEntry.java:150)
		at org.apache.http.impl.conn.AbstractPooledConnAdapter.open(AbstractPooledConnAdapter.java:121)
		at org.apache.http.impl.client.DefaultRequestDirector.tryConnect(DefaultRequestDirector.java:575)
		at org.apache.http.impl.client.DefaultRequestDirector.execute(DefaultRequestDirector.java:425)
		at org.apache.http.impl.client.AbstractHttpClient.execute(AbstractHttpClient.java:820)
		at org.apache.http.impl.client.AbstractHttpClient.execute(AbstractHttpClient.java:754)
		at org.apache.http.impl.client.AbstractHttpClient.execute(AbstractHttpClient.java:732)
		at org.apache.solr.client.solrj.impl.HttpSolrServer.request(HttpSolrServer.java:353)
		... 12 more
	
Tests run: 1, Failures: 0, Errors: 0, Skipped: 0, Time elapsed: 97.808 sec
Running org.apache.solr.handler.component.DistributedSpellCheckComponentTest
Tests run: 1, Failures: 0, Errors: 0, Skipped: 0, Time elapsed: 7.57 sec
Running org.apache.solr.search.TestRecovery
Creating dataDir: /usr/home/hudson/hudson-slave/workspace/Lucene-Solr-Maven-4.x/maven-build/solr/core/target/test/./solrtest-TestRecovery-1346366783896
Tests run: 9, Failures: 0, Errors: 0, Skipped: 0, Time elapsed: 5.913 sec
Running org.apache.solr.spelling.FileBasedSpellCheckerTest
Creating dataDir: /usr/home/hudson/hudson-slave/workspace/Lucene-Solr-Maven-4.x/maven-build/solr/core/target/test/./solrtest-FileBasedSpellCheckerTest-1346366789802
Tests run: 3, Failures: 0, Errors: 0, Skipped: 0, Time elapsed: 0.625 sec
Running org.apache.solr.search.TestSolrQueryParser
Creating dataDir: /usr/home/hudson/hudson-slave/workspace/Lucene-Solr-Maven-4.x/maven-build/solr/core/target/test/./solrtest-TestSolrQueryParser-1346366790431
Tests run: 1, Failures: 0, Errors: 0, Skipped: 0, Time elapsed: 0.476 sec
Running org.apache.solr.core.PluginInfoTest
Tests run: 9, Failures: 0, Errors: 0, Skipped: 0, Time elapsed: 0.086 sec
Running org.apache.solr.handler.component.BadComponentTest
Creating dataDir: /usr/home/hudson/hudson-slave/workspace/Lucene-Solr-Maven-4.x/maven-build/solr/core/target/test/./solrtest-BadComponentTest-1346366790997
Tests run: 1, Failures: 0, Errors: 0, Skipped: 0, Time elapsed: 0.351 sec
Running org.apache.solr.analysis.TestReversedWildcardFilterFactory
Creating dataDir: /usr/home/hudson/hudson-slave/workspace/Lucene-Solr-Maven-4.x/maven-build/solr/core/target/test/./solrtest-TestReversedWildcardFilterFactory-1346366791348
Tests run: 4, Failures: 0, Errors: 0, Skipped: 0, Time elapsed: 0.459 sec
Running org.apache.solr.client.solrj.embedded.MultiCoreExampleJettyTest
Tests run: 2, Failures: 0, Errors: 0, Skipped: 0, Time elapsed: 1.276 sec
Running org.apache.solr.client.solrj.response.TestSpellCheckResponse
Creating dataDir: /usr/home/hudson/hudson-slave/workspace/Lucene-Solr-Maven-4.x/maven-build/solr/core/target/test/./solrtest-TestSpellCheckResponse-1346366793094
Tests run: 3, Failures: 0, Errors: 0, Skipped: 0, Time elapsed: 0.752 sec
Running org.apache.solr.handler.MoreLikeThisHandlerTest
Creating dataDir: /usr/home/hudson/hudson-slave/workspace/Lucene-Solr-Maven-4.x/maven-build/solr/core/target/test/./solrtest-MoreLikeThisHandlerTest-1346366793833
Tests run: 1, Failures: 0, Errors: 0, Skipped: 0, Time elapsed: 0.417 sec
Running org.apache.solr.search.TestDocSet
Tests run: 2, Failures: 0, Errors: 0, Skipped: 0, Time elapsed: 0.556 sec
Running org.apache.solr.spelling.suggest.TestPhraseSuggestions
Creating dataDir: /usr/home/hudson/hudson-slave/workspace/Lucene-Solr-Maven-4.x/maven-build/solr/core/target/test/./solrtest-TestPhraseSuggestions-1346366794807
Tests run: 1, Failures: 0, Errors: 0, Skipped: 0, Time elapsed: 0.098 sec
Running org.apache.solr.BasicFunctionalityTest
Creating dataDir: /usr/home/hudson/hudson-slave/workspace/Lucene-Solr-Maven-4.x/maven-build/solr/core/target/test/./solrtest-BasicFunctionalityTest-1346366794910
Tests run: 23, Failures: 0, Errors: 0, Skipped: 1, Time elapsed: 1.32 sec
Running org.apache.solr.ConvertedLegacyTest
Creating dataDir: /usr/home/hudson/hudson-slave/workspace/Lucene-Solr-Maven-4.x/maven-build/solr/core/target/test/./solrtest-ConvertedLegacyTest-1346366796231
Tests run: 1, Failures: 0, Errors: 0, Skipped: 0, Time elapsed: 2.051 sec
Running org.apache.solr.update.processor.FieldMutatingUpdateProcessorTest
Creating dataDir: /usr/home/hudson/hudson-slave/workspace/Lucene-Solr-Maven-4.x/maven-build/solr/core/target/test/./solrtest-FieldMutatingUpdateProcessorTest-1346366798282
Tests run: 26, Failures: 0, Errors: 0, Skipped: 0, Time elapsed: 0.342 sec
Running org.apache.solr.internal.csv.CSVStrategyTest
Tests run: 5, Failures: 0, Errors: 0, Skipped: 0, Time elapsed: 0 sec
Running org.apache.solr.search.TestRealTimeGet
Creating dataDir: /usr/home/hudson/hudson-slave/workspace/Lucene-Solr-Maven-4.x/maven-build/solr/core/target/test/./solrtest-TestRealTimeGet-1346366798624
Tests run: 4, Failures: 0, Errors: 0, Skipped: 0, Time elapsed: 3.244 sec
Running org.apache.solr.cloud.ChaosMonkeyNothingIsSafeTest
Tests run: 1, Failures: 0, Errors: 0, Skipped: 1, Time elapsed: 0 sec
Running org.apache.solr.search.similarities.TestDefaultSimilarityFactory
Creating dataDir: /usr/home/hudson/hudson-slave/workspace/Lucene-Solr-Maven-4.x/maven-build/solr/core/target/test/./solrtest-TestDefaultSimilarityFactory-1346366801889
Tests run: 2, Failures: 0, Errors: 0, Skipped: 0, Time elapsed: 0.112 sec
Running org.apache.solr.handler.admin.LoggingHandlerTest
Creating dataDir: /usr/home/hudson/hudson-slave/workspace/Lucene-Solr-Maven-4.x/maven-build/solr/core/target/test/./solrtest-LoggingHandlerTest-1346366801987
Tests run: 1, Failures: 0, Errors: 0, Skipped: 0, Time elapsed: 0.562 sec
Running org.apache.solr.search.TestPseudoReturnFields
Creating dataDir: /usr/home/hudson/hudson-slave/workspace/Lucene-Solr-Maven-4.x/maven-build/solr/core/target/test/./solrtest-TestPseudoReturnFields-1346366802554
Tests run: 13, Failures: 0, Errors: 0, Skipped: 0, Time elapsed: 0.837 sec
Running org.apache.solr.update.SolrIndexConfigTest
Tests run: 2, Failures: 0, Errors: 0, Skipped: 0, Time elapsed: 0.419 sec
Running org.apache.solr.MinimalSchemaTest
Creating dataDir: /usr/home/hudson/hudson-slave/workspace/Lucene-Solr-Maven-4.x/maven-build/solr/core/target/test/./solrtest-MinimalSchemaTest-1346366803807
Tests run: 3, Failures: 0, Errors: 0, Skipped: 0, Time elapsed: 0.479 sec
Running org.apache.solr.core.TestSolrDeletionPolicy2
Creating dataDir: /usr/home/hudson/hudson-slave/workspace/Lucene-Solr-Maven-4.x/maven-build/solr/core/target/test/./solrtest-TestSolrDeletionPolicy2-1346366804300
Tests run: 1, Failures: 0, Errors: 0, Skipped: 0, Time elapsed: 0.556 sec
Running org.apache.solr.core.TestPropInject
Tests run: 2, Failures: 0, Errors: 0, Skipped: 0, Time elapsed: 0.768 sec
Running org.apache.solr.handler.component.DistributedQueryElevationComponentTest
Tests run: 1, Failures: 0, Errors: 0, Skipped: 0, Time elapsed: 1.378 sec
Running org.apache.solr.cloud.TestHashPartitioner
Tests run: 1, Failures: 0, Errors: 0, Skipped: 0, Time elapsed: 5.008 sec
Running org.apache.solr.handler.component.DebugComponentTest
Creating dataDir: /usr/home/hudson/hudson-slave/workspace/Lucene-Solr-Maven-4.x/maven-build/solr/core/target/test/./solrtest-DebugComponentTest-1346366811999
Tests run: 2, Failures: 0, Errors: 0, Skipped: 0, Time elapsed: 0.562 sec
Running org.apache.solr.search.function.SortByFunctionTest
Tests run: 2, Failures: 0, Errors: 0, Skipped: 0, Time elapsed: 0.914 sec
Running org.apache.solr.search.similarities.TestDFRSimilarityFactory
Creating dataDir: /usr/home/hudson/hudson-slave/workspace/Lucene-Solr-Maven-4.x/maven-build/solr/core/target/test/./solrtest-TestDFRSimilarityFactory-1346366813476
Tests run: 3, Failures: 0, Errors: 0, Skipped: 0, Time elapsed: 0.101 sec
Running org.apache.solr.AnalysisAfterCoreReloadTest
Tests run: 1, Failures: 0, Errors: 0, Skipped: 0, Time elapsed: 1.674 sec
Running org.apache.solr.client.solrj.embedded.TestEmbeddedSolrServer
Tests run: 2, Failures: 0, Errors: 0, Skipped: 0, Time elapsed: 0.49 sec
Running org.apache.solr.schema.MultiTermTest
Creating dataDir: /usr/home/hudson/hudson-slave/workspace/Lucene-Solr-Maven-4.x/maven-build/solr/core/target/test/./solrtest-MultiTermTest-1346366815745
Tests run: 3, Failures: 0, Errors: 0, Skipped: 0, Time elapsed: 0.201 sec
Running org.apache.solr.spelling.suggest.SuggesterTSTTest
Creating dataDir: /usr/home/hudson/hudson-slave/workspace/Lucene-Solr-Maven-4.x/maven-build/solr/core/target/test/./solrtest-SuggesterTSTTest-1346366815947
NOTE: per solr.test.leavedatadir, dataDir will not be removed: /usr/home/hudson/hudson-slave/workspace/Lucene-Solr-Maven-4.x/maven-build/solr/core/target/test/./solrtest-SuggesterTSTTest-1346366815947
Tests run: 4, Failures: 0, Errors: 0, Skipped: 0, Time elapsed: 0.708 sec
Running org.apache.solr.common.util.TestNamedListCodec
Tests run: 4, Failures: 0, Errors: 0, Skipped: 0, Time elapsed: 0.348 sec
Running org.apache.solr.core.TestJmxIntegration
Tests run: 3, Failures: 0, Errors: 0, Skipped: 1, Time elapsed: 0.949 sec
Running org.apache.solr.internal.csv.CSVParserTest
Tests run: 23, Failures: 0, Errors: 0, Skipped: 0, Time elapsed: 0.01 sec
Running org.apache.solr.client.solrj.TestBatchUpdate
Creating dataDir: /usr/home/hudson/hudson-slave/workspace/Lucene-Solr-Maven-4.x/maven-build/solr/core/target/test/./solrtest-TestBatchUpdate-1346366817966
Tests run: 3, Failures: 0, Errors: 0, Skipped: 0, Time elapsed: 1.452 sec
Running org.apache.solr.handler.XmlUpdateRequestHandlerTest
Creating dataDir: /usr/home/hudson/hudson-slave/workspace/Lucene-Solr-Maven-4.x/maven-build/solr/core/target/test/./solrtest-XmlUpdateRequestHandlerTest-1346366819420
Tests run: 3, Failures: 0, Errors: 0, Skipped: 0, Time elapsed: 0.692 sec
Running org.apache.solr.core.TestArbitraryIndexDir
Tests run: 1, Failures: 0, Errors: 0, Skipped: 0, Time elapsed: 0.527 sec
Running org.apache.solr.internal.csv.CSVPrinterTest
Tests run: 6, Failures: 0, Errors: 0, Skipped: 0, Time elapsed: 0.531 sec
Running org.apache.solr.TestJoin
Creating dataDir: /usr/home/hudson/hudson-slave/workspace/Lucene-Solr-Maven-4.x/maven-build/solr/core/target/test/./solrtest-TestJoin-1346366821173
Tests run: 2, Failures: 0, Errors: 0, Skipped: 0, Time elapsed: 5.329 sec
Running org.apache.solr.handler.FieldAnalysisRequestHandlerTest
Creating dataDir: /usr/home/hudson/hudson-slave/workspace/Lucene-Solr-Maven-4.x/maven-build/solr/core/target/test/./solrtest-FieldAnalysisRequestHandlerTest-1346366826503
Tests run: 4, Failures: 0, Errors: 0, Skipped: 0, Time elapsed: 0.425 sec
Running org.apache.solr.core.ResourceLoaderTest
Tests run: 4, Failures: 0, Errors: 0, Skipped: 0, Time elapsed: 0.07 sec
Running org.apache.solr.servlet.DirectSolrConnectionTest
Tests run: 2, Failures: 0, Errors: 0, Skipped: 0, Time elapsed: 0.248 sec
Running org.apache.solr.handler.admin.SystemInfoHandlerTest
Tests run: 1, Failures: 0, Errors: 0, Skipped: 0, Time elapsed: 0.021 sec
Running org.apache.solr.handler.JsonLoaderTest
Creating dataDir: /usr/home/hudson/hudson-slave/workspace/Lucene-Solr-Maven-4.x/maven-build/solr/core/target/test/./solrtest-JsonLoaderTest-1346366827268
Tests run: 6, Failures: 0, Errors: 0, Skipped: 0, Time elapsed: 0.492 sec
Running org.apache.solr.core.TestMergePolicyConfig
Creating dataDir: /usr/home/hudson/hudson-slave/workspace/Lucene-Solr-Maven-4.x/maven-build/solr/core/target/test/./solrtest-TestMergePolicyConfig-1346366827762
Tests run: 1, Failures: 0, Errors: 0, Skipped: 0, Time elapsed: 0.402 sec
Running org.apache.solr.search.similarities.TestLMDirichletSimilarityFactory
Creating dataDir: /usr/home/hudson/hudson-slave/workspace/Lucene-Solr-Maven-4.x/maven-build/solr/core/target/test/./solrtest-TestLMDirichletSimilarityFactory-1346366828164
Tests run: 2, Failures: 0, Errors: 0, Skipped: 0, Time elapsed: 0.094 sec
Running org.apache.solr.DisMaxRequestHandlerTest
Creating dataDir: /usr/home/hudson/hudson-slave/workspace/Lucene-Solr-Maven-4.x/maven-build/solr/core/target/test/./solrtest-DisMaxRequestHandlerTest-1346366828259
Tests run: 2, Failures: 0, Errors: 0, Skipped: 0, Time elapsed: 0.837 sec
Running org.apache.solr.update.processor.SignatureUpdateProcessorFactoryTest
Creating dataDir: /usr/home/hudson/hudson-slave/workspace/Lucene-Solr-Maven-4.x/maven-build/solr/core/target/test/./solrtest-SignatureUpdateProcessorFactoryTest-1346366829098
Tests run: 6, Failures: 0, Errors: 0, Skipped: 0, Time elapsed: 0.782 sec
Running org.apache.solr.util.SolrPluginUtilsTest
Creating dataDir: /usr/home/hudson/hudson-slave/workspace/Lucene-Solr-Maven-4.x/maven-build/solr/core/target/test/./solrtest-SolrPluginUtilsTest-1346366829882
Tests run: 7, Failures: 0, Errors: 0, Skipped: 0, Time elapsed: 0.492 sec
Running org.apache.solr.schema.RequiredFieldsTest
Creating dataDir: /usr/home/hudson/hudson-slave/workspace/Lucene-Solr-Maven-4.x/maven-build/solr/core/target/test/./solrtest-RequiredFieldsTest-1346366830373
Tests run: 3, Failures: 0, Errors: 0, Skipped: 0, Time elapsed: 0.472 sec
Running org.apache.solr.TestSolrCoreProperties
Tests run: 1, Failures: 0, Errors: 0, Skipped: 0, Time elapsed: 0.225 sec
Running org.apache.solr.handler.component.TermVectorComponentDistributedTest
Tests run: 1, Failures: 0, Errors: 0, Skipped: 0, Time elapsed: 5.922 sec
Running org.apache.solr.handler.component.TermsComponentTest
Creating dataDir: /usr/home/hudson/hudson-slave/workspace/Lucene-Solr-Maven-4.x/maven-build/solr/core/target/test/./solrtest-TermsComponentTest-1346366836998
Tests run: 13, Failures: 0, Errors: 0, Skipped: 0, Time elapsed: 0.633 sec
Running org.apache.solr.handler.component.SpellCheckComponentTest
Creating dataDir: /usr/home/hudson/hudson-slave/workspace/Lucene-Solr-Maven-4.x/maven-build/solr/core/target/test/./solrtest-SpellCheckComponentTest-1346366837630
Tests run: 9, Failures: 0, Errors: 0, Skipped: 0, Time elapsed: 3.935 sec
Running org.apache.solr.servlet.NoCacheHeaderTest
Creating dataDir: /usr/home/hudson/hudson-slave/workspace/Lucene-Solr-Maven-4.x/maven-build/solr/core/target/test/./solrtest-NoCacheHeaderTest-1346366841566
Tests run: 3, Failures: 0, Errors: 0, Skipped: 0, Time elapsed: 0.537 sec
Running org.apache.solr.spelling.SpellingQueryConverterTest
Tests run: 5, Failures: 0, Errors: 0, Skipped: 0, Time elapsed: 0.044 sec
Running org.apache.solr.schema.TestBinaryField
Tests run: 1, Failures: 0, Errors: 0, Skipped: 0, Time elapsed: 0.222 sec
Running org.apache.solr.highlight.HighlighterTest
Creating dataDir: /usr/home/hudson/hudson-slave/workspace/Lucene-Solr-Maven-4.x/maven-build/solr/core/target/test/./solrtest-HighlighterTest-1346366842375
Tests run: 27, Failures: 0, Errors: 0, Skipped: 0, Time elapsed: 1.315 sec
Running org.apache.solr.client.solrj.SolrExceptionTest
Tests run: 1, Failures: 0, Errors: 0, Skipped: 0, Time elapsed: 0.057 sec
Running org.apache.solr.internal.csv.CSVUtilsTest
Tests run: 14, Failures: 0, Errors: 0, Skipped: 0, Time elapsed: 0.004 sec
Running org.apache.solr.search.TestRTGBase
Tests run: 0, Failures: 0, Errors: 0, Skipped: 0, Time elapsed: 0.004 sec
Running org.apache.solr.schema.CopyFieldTest
Creating dataDir: /usr/home/hudson/hudson-slave/workspace/Lucene-Solr-Maven-4.x/maven-build/solr/core/target/test/./solrtest-CopyFieldTest-1346366843756
Tests run: 6, Failures: 0, Errors: 0, Skipped: 0, Time elapsed: 0.387 sec
Running org.apache.solr.core.IndexReaderFactoryTest
Tests run: 1, Failures: 0, Errors: 0, Skipped: 0, Time elapsed: 0.398 sec
Running org.apache.solr.common.util.TestFastInputStream
Tests run: 1, Failures: 0, Errors: 0, Skipped: 0, Time elapsed: 0.027 sec
Running org.apache.solr.cloud.ChaosMonkeySafeLeaderTest
Tests run: 1, Failures: 0, Errors: 0, Skipped: 1, Time elapsed: 0 sec
Running org.apache.solr.search.TestFastLRUCache
Tests run: 7, Failures: 0, Errors: 0, Skipped: 0, Time elapsed: 0.106 sec
Running org.apache.solr.util.TestFastWriter
Tests run: 1, Failures: 0, Errors: 0, Skipped: 0, Time elapsed: 0.278 sec
Running org.apache.solr.schema.DateFieldTest
Tests run: 8, Failures: 0, Errors: 0, Skipped: 1, Time elapsed: 0.061 sec
Running org.apache.solr.common.util.TestHash
Tests run: 2, Failures: 0, Errors: 0, Skipped: 0, Time elapsed: 0.101 sec
Running org.apache.solr.spelling.IndexBasedSpellCheckerTest
1358 T3 oasu.ConcurrentLRUCache.finalize SEVERE ConcurrentLRUCache was not destroyed prior to finalize(), indicates a bug -- POSSIBLE RESOURCE LEAK!!!
Creating dataDir: /usr/home/hudson/hudson-slave/workspace/Lucene-Solr-Maven-4.x/maven-build/solr/core/target/test/./solrtest-IndexBasedSpellCheckerTest-1346366845129
Tests run: 5, Failures: 0, Errors: 0, Skipped: 0, Time elapsed: 0.816 sec
Running org.apache.solr.common.util.TestJavaBinCodec
Tests run: 1, Failures: 0, Errors: 0, Skipped: 0, Time elapsed: 0.123 sec
Running org.apache.solr.core.TestCodecSupport
Creating dataDir: /usr/home/hudson/hudson-slave/workspace/Lucene-Solr-Maven-4.x/maven-build/solr/core/target/test/./solrtest-TestCodecSupport-1346366846062
Tests run: 3, Failures: 0, Errors: 0, Skipped: 0, Time elapsed: 0.099 sec
Running org.apache.solr.spelling.TestSuggestSpellingConverter
Tests run: 2, Failures: 0, Errors: 0, Skipped: 0, Time elapsed: 0.057 sec
Running org.apache.solr.internal.csv.CharBufferTest
Tests run: 13, Failures: 0, Errors: 0, Skipped: 0, Time elapsed: 0.003 sec
Running org.apache.solr.search.TestSurroundQueryParser
Tests run: 1, Failures: 0, Errors: 0, Skipped: 0, Time elapsed: 0.57 sec
Running org.apache.solr.client.solrj.embedded.MultiCoreEmbeddedTest
Tests run: 1, Failures: 0, Errors: 0, Skipped: 0, Time elapsed: 0.463 sec
Running org.apache.solr.util.DOMUtilTest
Tests run: 1, Failures: 0, Errors: 0, Skipped: 0, Time elapsed: 0.04 sec
Running org.apache.solr.search.similarities.TestBM25SimilarityFactory
Creating dataDir: /usr/home/hudson/hudson-slave/workspace/Lucene-Solr-Maven-4.x/maven-build/solr/core/target/test/./solrtest-TestBM25SimilarityFactory-1346366847309
Tests run: 2, Failures: 0, Errors: 0, Skipped: 0, Time elapsed: 0.124 sec
Running org.apache.solr.cloud.ZkCLITest
Creating dataDir: /usr/home/hudson/hudson-slave/workspace/Lucene-Solr-Maven-4.x/maven-build/solr/core/target/test/./solrtest-ZkCLITest-1346366847444
Creating dataDir: /usr/home/hudson/hudson-slave/workspace/Lucene-Solr-Maven-4.x/maven-build/solr/core/target/test/./solrtest-ZkCLITest-1346366848747
Creating dataDir: /usr/home/hudson/hudson-slave/workspace/Lucene-Solr-Maven-4.x/maven-build/solr/core/target/test/./solrtest-ZkCLITest-1346366849544
Tests run: 3, Failures: 0, Errors: 0, Skipped: 0, Time elapsed: 2.777 sec
Running org.apache.solr.spelling.SpellCheckCollatorTest
Creating dataDir: /usr/home/hudson/hudson-slave/workspace/Lucene-Solr-Maven-4.x/maven-build/solr/core/target/test/./solrtest-SpellCheckCollatorTest-1346366850208
Tests run: 7, Failures: 0, Errors: 0, Skipped: 0, Time elapsed: 1.092 sec
Running org.apache.solr.core.AlternateDirectoryTest
Creating dataDir: /usr/home/hudson/hudson-slave/workspace/Lucene-Solr-Maven-4.x/maven-build/solr/core/target/test/./solrtest-AlternateDirectoryTest-1346366851297
Tests run: 1, Failures: 0, Errors: 0, Skipped: 0, Time elapsed: 0.398 sec
Running org.apache.solr.analysis.LegacyHTMLStripCharFilterTest
Tests run: 13, Failures: 0, Errors: 0, Skipped: 1, Time elapsed: 0.256 sec
Running org.apache.solr.schema.UUIDFieldTest
Tests run: 1, Failures: 0, Errors: 0, Skipped: 0, Time elapsed: 0.023 sec
Running org.apache.solr.handler.BinaryUpdateRequestHandlerTest
Creating dataDir: /usr/home/hudson/hudson-slave/workspace/Lucene-Solr-Maven-4.x/maven-build/solr/core/target/test/./solrtest-BinaryUpdateRequestHandlerTest-1346366851976
null
Tests run: 1, Failures: 0, Errors: 0, Skipped: 0, Time elapsed: 0.49 sec
Running org.apache.solr.client.solrj.response.QueryResponseTest
Tests run: 3, Failures: 0, Errors: 0, Skipped: 0, Time elapsed: 0.069 sec
Running org.apache.solr.spelling.WordBreakSolrSpellCheckerTest
Creating dataDir: /usr/home/hudson/hudson-slave/workspace/Lucene-Solr-Maven-4.x/maven-build/solr/core/target/test/./solrtest-WordBreakSolrSpellCheckerTest-1346366852537
Tests run: 3, Failures: 0, Errors: 0, Skipped: 0, Time elapsed: 1.102 sec
Running org.apache.solr.core.TestConfig
Creating dataDir: /usr/home/hudson/hudson-slave/workspace/Lucene-Solr-Maven-4.x/maven-build/solr/core/target/test/./solrtest-TestConfig-1346366853640
Tests run: 8, Failures: 0, Errors: 0, Skipped: 0, Time elapsed: 0.206 sec
Running org.apache.solr.client.solrj.SolrExampleXMLTest
Creating dataDir: /usr/home/hudson/hudson-slave/workspace/Lucene-Solr-Maven-4.x/maven-build/solr/core/target/test/./solrtest-SolrExampleXMLTest-1346366853849
ASYNC  NEW_CORE C3 name=collection1 org.apache.solr.core.SolrCore@4f7838e4
4174 T1825 C3 oasc.SolrException.log SEVERE org.apache.solr.common.SolrException: Document contains multiple values for uniqueKey field: id=[DOCID, DOCID2]
		at org.apache.solr.update.AddUpdateCommand.getIndexedId(AddUpdateCommand.java:94)
		at org.apache.solr.update.processor.DistributedUpdateProcessor.versionAdd(DistributedUpdateProcessor.java:460)
		at org.apache.solr.update.processor.DistributedUpdateProcessor.processAdd(DistributedUpdateProcessor.java:342)
		at org.apache.solr.handler.loader.XMLLoader.processUpdate(XMLLoader.java:230)
		at org.apache.solr.handler.loader.XMLLoader.load(XMLLoader.java:157)
		at org.apache.solr.handler.UpdateRequestHandler$1.load(UpdateRequestHandler.java:92)
		at org.apache.solr.handler.ContentStreamHandlerBase.handleRequestBody(ContentStreamHandlerBase.java:74)
		at org.apache.solr.handler.RequestHandlerBase.handleRequest(RequestHandlerBase.java:129)
		at org.apache.solr.core.SolrCore.execute(SolrCore.java:1692)
		at org.apache.solr.servlet.SolrDispatchFilter.execute(SolrDispatchFilter.java:454)
		at org.apache.solr.servlet.SolrDispatchFilter.doFilter(SolrDispatchFilter.java:275)
		at org.eclipse.jetty.servlet.ServletHandler$CachedChain.doFilter(ServletHandler.java:1337)
		at org.eclipse.jetty.servlet.ServletHandler.doHandle(ServletHandler.java:484)
		at org.eclipse.jetty.server.session.SessionHandler.doHandle(SessionHandler.java:231)
		at org.eclipse.jetty.server.handler.ScopedHandler.handle(ScopedHandler.java:119)
		at org.eclipse.jetty.server.handler.GzipHandler.handle(GzipHandler.java:267)
		at org.eclipse.jetty.server.handler.ContextHandler.doHandle(ContextHandler.java:1067)
		at org.eclipse.jetty.servlet.ServletHandler.doScope(ServletHandler.java:413)
		at org.eclipse.jetty.server.session.SessionHandler.doScope(SessionHandler.java:192)
		at org.eclipse.jetty.server.handler.ContextHandler.doScope(ContextHandler.java:999)
		at org.eclipse.jetty.server.handler.ScopedHandler.handle(ScopedHandler.java:117)
		at org.eclipse.jetty.server.handler.HandlerWrapper.handle(HandlerWrapper.java:111)
		at org.eclipse.jetty.server.Server.handle(Server.java:351)
		at org.eclipse.jetty.server.AbstractHttpConnection.handleRequest(AbstractHttpConnection.java:454)
		at org.eclipse.jetty.server.BlockingHttpConnection.handleRequest(BlockingHttpConnection.java:47)
		at org.eclipse.jetty.server.AbstractHttpConnection.content(AbstractHttpConnection.java:900)
		at org.eclipse.jetty.server.AbstractHttpConnection$RequestHandler.content(AbstractHttpConnection.java:954)
		at org.eclipse.jetty.http.HttpParser.parseNext(HttpParser.java:952)
		at org.eclipse.jetty.http.HttpParser.parseAvailable(HttpParser.java:235)
		at org.eclipse.jetty.server.BlockingHttpConnection.handle(BlockingHttpConnection.java:66)
		at org.eclipse.jetty.server.bio.SocketConnector$ConnectorEndPoint.run(SocketConnector.java:254)
		at org.eclipse.jetty.util.thread.QueuedThreadPool.runJob(QueuedThreadPool.java:599)
		at org.eclipse.jetty.util.thread.QueuedThreadPool$3.run(QueuedThreadPool.java:534)
		at java.lang.Thread.run(Thread.java:679)
	
Tests run: 22, Failures: 0, Errors: 0, Skipped: 0, Time elapsed: 4.641 sec
Running org.apache.solr.analysis.TestWordDelimiterFilterFactory
Creating dataDir: /usr/home/hudson/hudson-slave/workspace/Lucene-Solr-Maven-4.x/maven-build/solr/core/target/test/./solrtest-TestWordDelimiterFilterFactory-1346366858489
Tests run: 7, Failures: 0, Errors: 0, Skipped: 0, Time elapsed: 0.8 sec
Running org.apache.solr.search.ReturnFieldsTest
Creating dataDir: /usr/home/hudson/hudson-slave/workspace/Lucene-Solr-Maven-4.x/maven-build/solr/core/target/test/./solrtest-ReturnFieldsTest-1346366859290
Tests run: 10, Failures: 0, Errors: 0, Skipped: 0, Time elapsed: 0.498 sec
Running org.apache.solr.search.TestFoldingMultitermQuery
Creating dataDir: /usr/home/hudson/hudson-slave/workspace/Lucene-Solr-Maven-4.x/maven-build/solr/core/target/test/./solrtest-TestFoldingMultitermQuery-1346366859808
Tests run: 18, Failures: 0, Errors: 0, Skipped: 0, Time elapsed: 0.737 sec
Running org.apache.solr.util.TestNumberUtils
Tests run: 1, Failures: 0, Errors: 0, Skipped: 0, Time elapsed: 0.26 sec
Running org.apache.solr.handler.component.TermVectorComponentTest
Creating dataDir: /usr/home/hudson/hudson-slave/workspace/Lucene-Solr-Maven-4.x/maven-build/solr/core/target/test/./solrtest-TermVectorComponentTest-1346366860786
Tests run: 3, Failures: 0, Errors: 0, Skipped: 0, Time elapsed: 0.535 sec
Running org.apache.solr.core.SOLR749Test
Creating dataDir: /usr/home/hudson/hudson-slave/workspace/Lucene-Solr-Maven-4.x/maven-build/solr/core/target/test/./solrtest-SOLR749Test-1346366861317
Tests run: 1, Failures: 0, Errors: 0, Skipped: 0, Time elapsed: 0.258 sec
Running org.apache.solr.handler.XsltUpdateRequestHandlerTest
Creating dataDir: /usr/home/hudson/hudson-slave/workspace/Lucene-Solr-Maven-4.x/maven-build/solr/core/target/test/./solrtest-XsltUpdateRequestHandlerTest-1346366861576
Tests run: 1, Failures: 0, Errors: 0, Skipped: 0, Time elapsed: 0.648 sec
Running org.apache.solr.response.TestPHPSerializedResponseWriter
Creating dataDir: /usr/home/hudson/hudson-slave/workspace/Lucene-Solr-Maven-4.x/maven-build/solr/core/target/test/./solrtest-TestPHPSerializedResponseWriter-1346366862230
Tests run: 2, Failures: 0, Errors: 0, Skipped: 0, Time elapsed: 0.689 sec
Running org.apache.solr.schema.PrimitiveFieldTypeTest
Tests run: 1, Failures: 0, Errors: 0, Skipped: 0, Time elapsed: 0.456 sec
Running org.apache.solr.TestTrie
Creating dataDir: /usr/home/hudson/hudson-slave/workspace/Lucene-Solr-Maven-4.x/maven-build/solr/core/target/test/./solrtest-TestTrie-1346366863376
Tests run: 8, Failures: 0, Errors: 0, Skipped: 0, Time elapsed: 0.896 sec
Running org.apache.solr.highlight.HighlighterConfigTest
Tests run: 1, Failures: 0, Errors: 0, Skipped: 0, Time elapsed: 0.475 sec
Running org.apache.solr.OutputWriterTest
Creating dataDir: /usr/home/hudson/hudson-slave/workspace/Lucene-Solr-Maven-4.x/maven-build/solr/core/target/test/./solrtest-OutputWriterTest-1346366864749
Tests run: 5, Failures: 0, Errors: 0, Skipped: 0, Time elapsed: 0.171 sec
Running org.apache.solr.util.PrimUtilsTest
Tests run: 2, Failures: 0, Errors: 0, Skipped: 0, Time elapsed: 0.068 sec
Running org.apache.solr.handler.StandardRequestHandlerTest
Tests run: 1, Failures: 0, Errors: 0, Skipped: 0, Time elapsed: 0.538 sec
Running org.apache.solr.request.TestRemoteStreaming
Creating dataDir: /usr/home/hudson/hudson-slave/workspace/Lucene-Solr-Maven-4.x/maven-build/solr/core/target/test/./solrtest-TestRemoteStreaming-1346366865535
Tests run: 4, Failures: 0, Errors: 0, Skipped: 0, Time elapsed: 0.682 sec
Running org.apache.solr.handler.TestReplicationHandler
replicate slave to master
23559 T2011 oasc.SolrException.log SEVERE SnapPull failed :org.apache.solr.common.SolrException: Unable to download _8_nrm.cfe completely. Downloaded 0!=87
		at org.apache.solr.handler.SnapPuller$FileFetcher.cleanup(SnapPuller.java:1117)
		at org.apache.solr.handler.SnapPuller$FileFetcher.fetchFile(SnapPuller.java:1001)
		at org.apache.solr.handler.SnapPuller.downloadIndexFiles(SnapPuller.java:629)
		at org.apache.solr.handler.SnapPuller.fetchLatestIndex(SnapPuller.java:333)
		at org.apache.solr.handler.ReplicationHandler.doFetch(ReplicationHandler.java:297)
		at org.apache.solr.handler.ReplicationHandler$1.run(ReplicationHandler.java:178)
	
30789 T2089 oash.SnapPuller.fetchLatestIndex SEVERE Master at: http://localhost:43762/solr is not available. Index fetch failed. Exception: org.apache.solr.client.solrj.SolrServerException: IOException occured when talking to server at: http://localhost:43762/solr
Tests run: 1, Failures: 0, Errors: 0, Skipped: 0, Time elapsed: 30.896 sec
Running org.apache.solr.core.RAMDirectoryFactoryTest
Tests run: 1, Failures: 0, Errors: 0, Skipped: 0, Time elapsed: 0.023 sec
Running org.apache.solr.spelling.suggest.SuggesterTest
Creating dataDir: /usr/home/hudson/hudson-slave/workspace/Lucene-Solr-Maven-4.x/maven-build/solr/core/target/test/./solrtest-SuggesterTest-1346366897132
NOTE: per solr.test.leavedatadir, dataDir will not be removed: /usr/home/hudson/hudson-slave/workspace/Lucene-Solr-Maven-4.x/maven-build/solr/core/target/test/./solrtest-SuggesterTest-1346366897132
Tests run: 4, Failures: 0, Errors: 0, Skipped: 0, Time elapsed: 0.719 sec
Running org.apache.solr.schema.OpenExchangeRatesOrgProviderTest
Tests run: 5, Failures: 0, Errors: 0, Skipped: 0, Time elapsed: 0.059 sec
Running org.apache.solr.util.TestFastOutputStream
Tests run: 1, Failures: 0, Errors: 0, Skipped: 0, Time elapsed: 0.186 sec
Running org.apache.solr.client.solrj.embedded.LargeVolumeEmbeddedTest
Creating dataDir: /usr/home/hudson/hudson-slave/workspace/Lucene-Solr-Maven-4.x/maven-build/solr/core/target/test/./solrtest-LargeVolumeEmbeddedTest-1346366898099
Tests run: 1, Failures: 0, Errors: 0, Skipped: 0, Time elapsed: 0.865 sec
Running org.apache.solr.TestRandomFaceting
Creating dataDir: /usr/home/hudson/hudson-slave/workspace/Lucene-Solr-Maven-4.x/maven-build/solr/core/target/test/./solrtest-TestRandomFaceting-1346366898965
Tests run: 1, Failures: 0, Errors: 0, Skipped: 0, Time elapsed: 14.986 sec
Running org.apache.solr.handler.admin.MBeansHandlerTest
Creating dataDir: /usr/home/hudson/hudson-slave/workspace/Lucene-Solr-Maven-4.x/maven-build/solr/core/target/test/./solrtest-MBeansHandlerTest-1346366913951
Tests run: 1, Failures: 0, Errors: 0, Skipped: 0, Time elapsed: 0.487 sec
Running org.apache.solr.request.JSONWriterTest
Creating dataDir: /usr/home/hudson/hudson-slave/workspace/Lucene-Solr-Maven-4.x/maven-build/solr/core/target/test/./solrtest-JSONWriterTest-1346366914434
Tests run: 3, Failures: 0, Errors: 0, Skipped: 0, Time elapsed: 0.52 sec
Running org.apache.solr.handler.component.SearchHandlerTest
Creating dataDir: /usr/home/hudson/hudson-slave/workspace/Lucene-Solr-Maven-4.x/maven-build/solr/core/target/test/./solrtest-SearchHandlerTest-1346366914958
Tests run: 1, Failures: 0, Errors: 0, Skipped: 0, Time elapsed: 0.485 sec
Running org.apache.solr.search.TestSolrJ
Tests run: 1, Failures: 0, Errors: 0, Skipped: 0, Time elapsed: 0.021 sec
Running org.apache.solr.update.processor.UpdateRequestProcessorFactoryTest
Tests run: 2, Failures: 0, Errors: 0, Skipped: 0, Time elapsed: 0.742 sec
Running org.apache.solr.highlight.FastVectorHighlighterTest
Creating dataDir: /usr/home/hudson/hudson-slave/workspace/Lucene-Solr-Maven-4.x/maven-build/solr/core/target/test/./solrtest-FastVectorHighlighterTest-1346366916205
Tests run: 2, Failures: 0, Errors: 0, Skipped: 0, Time elapsed: 0.381 sec
Running org.apache.solr.cloud.TestMultiCoreConfBootstrap
Creating dataDir: /usr/home/hudson/hudson-slave/workspace/Lucene-Solr-Maven-4.x/maven-build/solr/core/target/test/./solrtest-TestMultiCoreConfBootstrap-1346366916589
!!!! WARNING: best effort to remove /usr/home/hudson/hudson-slave/workspace/Lucene-Solr-Maven-4.x/maven-build/solr/core/target/test/./solrtest-TestMultiCoreConfBootstrap-1346366916589 FAILED !!!!!
Tests run: 1, Failures: 0, Errors: 0, Skipped: 0, Time elapsed: 5.594 sec
Running org.apache.solr.search.TestQueryUtils
Tests run: 1, Failures: 0, Errors: 0, Skipped: 0, Time elapsed: 0.614 sec
Running org.apache.solr.cloud.BasicDistributedZkTest
Creating dataDir: /usr/home/hudson/hudson-slave/workspace/Lucene-Solr-Maven-4.x/maven-build/solr/core/target/test/./solrtest-BasicDistributedZkTest-1346366922810
104816 T2285 oasc.SolrException.log SEVERE Sync request error: org.apache.solr.client.solrj.SolrServerException: IOException occured when talking to server at: http://127.0.0.1:10405/solr/collection3
ASYNC  NEW_CORE C4 name=collection3 org.apache.solr.core.SolrCore@2f5e95b8 url=http://127.0.0.1:40936/solr/collection3 node=127.0.0.1:40936_solr
119835 T2503 C4 P40936 oasc.SolrException.log SEVERE Error while trying to recover. core=collection3:org.apache.solr.client.solrj.SolrServerException: IOException occured when talking to server at: http://127.0.0.1:10405/solr
		at org.apache.solr.client.solrj.impl.HttpSolrServer.request(HttpSolrServer.java:414)
		at org.apache.solr.client.solrj.impl.HttpSolrServer.request(HttpSolrServer.java:182)
		at org.apache.solr.cloud.RecoveryStrategy.sendPrepRecoveryCmd(RecoveryStrategy.java:191)
		at org.apache.solr.cloud.RecoveryStrategy.doRecovery(RecoveryStrategy.java:320)
		at org.apache.solr.cloud.RecoveryStrategy.run(RecoveryStrategy.java:212)
	Caused by: org.apache.http.conn.ConnectTimeoutException: Connect to 127.0.0.1:10405 timed out
		at org.apache.http.conn.scheme.PlainSocketFactory.connectSocket(PlainSocketFactory.java:125)
		at org.apache.http.impl.conn.DefaultClientConnectionOperator.openConnection(DefaultClientConnectionOperator.java:148)
		at org.apache.http.impl.conn.AbstractPoolEntry.open(AbstractPoolEntry.java:150)
		at org.apache.http.impl.conn.AbstractPooledConnAdapter.open(AbstractPooledConnAdapter.java:121)
		at org.apache.http.impl.client.DefaultRequestDirector.tryConnect(DefaultRequestDirector.java:575)
		at org.apache.http.impl.client.DefaultRequestDirector.execute(DefaultRequestDirector.java:425)
		at org.apache.http.impl.client.AbstractHttpClient.execute(AbstractHttpClient.java:820)
		at org.apache.http.impl.client.AbstractHttpClient.execute(AbstractHttpClient.java:754)
		at org.apache.http.impl.client.AbstractHttpClient.execute(AbstractHttpClient.java:732)
		at org.apache.solr.client.solrj.impl.HttpSolrServer.request(HttpSolrServer.java:353)
		... 4 more
	
119836 T2503 C4 P40936 oasc.RecoveryStrategy.doRecovery SEVERE Recovery failed - trying again... core=collection3
149826 T2285 oasc.SolrException.log SEVERE http://127.0.0.1:54436/solr/collection3/: Could not tell a replica to recover:org.apache.solr.client.solrj.SolrServerException: IOException occured when talking to server at: http://127.0.0.1:10405/solr
		at org.apache.solr.client.solrj.impl.HttpSolrServer.request(HttpSolrServer.java:414)
		at org.apache.solr.client.solrj.impl.HttpSolrServer.request(HttpSolrServer.java:182)
		at org.apache.solr.cloud.SyncStrategy.requestRecovery(SyncStrategy.java:282)
		at org.apache.solr.cloud.SyncStrategy.syncToMe(SyncStrategy.java:226)
		at org.apache.solr.cloud.SyncStrategy.syncReplicas(SyncStrategy.java:119)
		at org.apache.solr.cloud.SyncStrategy.sync(SyncStrategy.java:85)
		at org.apache.solr.cloud.ShardLeaderElectionContext.runLeaderProcess(ElectionContext.java:180)
		at org.apache.solr.cloud.LeaderElector.runIamLeaderProcess(LeaderElector.java:159)
		at org.apache.solr.cloud.LeaderElector.checkIfIamLeader(LeaderElector.java:103)
		at org.apache.solr.cloud.LeaderElector.access$000(LeaderElector.java:57)
		at org.apache.solr.cloud.LeaderElector$1.process(LeaderElector.java:132)
		at org.apache.zookeeper.ClientCnxn$EventThread.processEvent(ClientCnxn.java:526)
		at org.apache.zookeeper.ClientCnxn$EventThread.run(ClientCnxn.java:502)
	Caused by: org.apache.http.conn.ConnectTimeoutException: Connect to 127.0.0.1:10405 timed out
		at org.apache.http.conn.scheme.PlainSocketFactory.connectSocket(PlainSocketFactory.java:125)
		at org.apache.http.impl.conn.DefaultClientConnectionOperator.openConnection(DefaultClientConnectionOperator.java:148)
		at org.apache.http.impl.conn.AbstractPoolEntry.open(AbstractPoolEntry.java:150)
		at org.apache.http.impl.conn.AbstractPooledConnAdapter.open(AbstractPooledConnAdapter.java:121)
		at org.apache.http.impl.client.DefaultRequestDirector.tryConnect(DefaultRequestDirector.java:575)
		at org.apache.http.impl.client.DefaultRequestDirector.execute(DefaultRequestDirector.java:425)
		at org.apache.http.impl.client.AbstractHttpClient.execute(AbstractHttpClient.java:820)
		at org.apache.http.impl.client.AbstractHttpClient.execute(AbstractHttpClient.java:754)
		at org.apache.http.impl.client.AbstractHttpClient.execute(AbstractHttpClient.java:732)
		at org.apache.solr.client.solrj.impl.HttpSolrServer.request(HttpSolrServer.java:353)
		... 12 more
	
Tests run: 1, Failures: 0, Errors: 0, Skipped: 0, Time elapsed: 150.517 sec
Running org.apache.solr.core.TestQuerySenderNoQuery
Creating dataDir: /usr/home/hudson/hudson-slave/workspace/Lucene-Solr-Maven-4.x/maven-build/solr/core/target/test/./solrtest-TestQuerySenderNoQuery-1346367073321
Tests run: 3, Failures: 0, Errors: 0, Skipped: 0, Time elapsed: 0.392 sec
Running org.apache.solr.schema.TestOmitPositions
Creating dataDir: /usr/home/hudson/hudson-slave/workspace/Lucene-Solr-Maven-4.x/maven-build/solr/core/target/test/./solrtest-TestOmitPositions-1346367073711
Tests run: 2, Failures: 0, Errors: 0, Skipped: 0, Time elapsed: 0.507 sec
Running org.apache.solr.search.TestValueSourceCache
Creating dataDir: /usr/home/hudson/hudson-slave/workspace/Lucene-Solr-Maven-4.x/maven-build/solr/core/target/test/./solrtest-TestValueSourceCache-1346367074220
Tests run: 2, Failures: 0, Errors: 0, Skipped: 0, Time elapsed: 0.554 sec
Running org.apache.solr.cloud.LeaderElectionTest
Creating dataDir: /usr/home/hudson/hudson-slave/workspace/Lucene-Solr-Maven-4.x/maven-build/solr/core/target/test/./solrtest-LeaderElectionTest-1346367074775
3857 T2550 oasc.SolrException.log SEVERE Failed setting watch:org.apache.zookeeper.KeeperException$NoNodeException: KeeperErrorCode = NoNode for /collections/collection1/leader_elect/shard1/election/88235512680153098-7-n_0000000002
		at org.apache.zookeeper.KeeperException.create(KeeperException.java:102)
		at org.apache.zookeeper.KeeperException.create(KeeperException.java:42)
		at org.apache.zookeeper.ZooKeeper.getData(ZooKeeper.java:927)
		at org.apache.solr.common.cloud.SolrZkClient$7.execute(SolrZkClient.java:301)
		at org.apache.solr.common.cloud.SolrZkClient$7.execute(SolrZkClient.java:298)
		at org.apache.solr.common.cloud.ZkCmdExecutor.retryOperation(ZkCmdExecutor.java:67)
		at org.apache.solr.common.cloud.SolrZkClient.getData(SolrZkClient.java:298)
		at org.apache.solr.cloud.LeaderElector.checkIfIamLeader(LeaderElector.java:120)
		at org.apache.solr.cloud.LeaderElector.access$000(LeaderElector.java:57)
		at org.apache.solr.cloud.LeaderElector$1.process(LeaderElector.java:132)
		at org.apache.zookeeper.ClientCnxn$EventThread.processEvent(ClientCnxn.java:526)
		at org.apache.zookeeper.ClientCnxn$EventThread.run(ClientCnxn.java:502)
	
4883 T2574 oasc.SolrException.log SEVERE Failed setting watch:org.apache.zookeeper.KeeperException$NoNodeException: KeeperErrorCode = NoNode for /collections/collection1/leader_elect/shard1/election/88235512680153101-10-n_0000000010
		at org.apache.zookeeper.KeeperException.create(KeeperException.java:102)
		at org.apache.zookeeper.KeeperException.create(KeeperException.java:42)
		at org.apache.zookeeper.ZooKeeper.getData(ZooKeeper.java:927)
		at org.apache.solr.common.cloud.SolrZkClient$7.execute(SolrZkClient.java:301)
		at org.apache.solr.common.cloud.SolrZkClient$7.execute(SolrZkClient.java:298)
		at org.apache.solr.common.cloud.ZkCmdExecutor.retryOperation(ZkCmdExecutor.java:67)
		at org.apache.solr.common.cloud.SolrZkClient.getData(SolrZkClient.java:298)
		at org.apache.solr.cloud.LeaderElector.checkIfIamLeader(LeaderElector.java:120)
		at org.apache.solr.cloud.LeaderElector.access$000(LeaderElector.java:57)
		at org.apache.solr.cloud.LeaderElector$1.process(LeaderElector.java:132)
		at org.apache.zookeeper.ClientCnxn$EventThread.processEvent(ClientCnxn.java:526)
		at org.apache.zookeeper.ClientCnxn$EventThread.run(ClientCnxn.java:502)
	
7358 T2617 oasc.LeaderElectionTest$ClientThread.run SEVERE setup failed org.apache.zookeeper.KeeperException$SessionExpiredException: KeeperErrorCode = Session expired for /collections/collection1/leader_elect/shard1/election
	at org.apache.zookeeper.KeeperException.create(KeeperException.java:118)
	at org.apache.zookeeper.KeeperException.create(KeeperException.java:42)
	at org.apache.zookeeper.ZooKeeper.exists(ZooKeeper.java:815)
	at org.apache.solr.common.cloud.SolrZkClient$4.execute(SolrZkClient.java:232)
	at org.apache.solr.common.cloud.SolrZkClient$4.execute(SolrZkClient.java:229)
	at org.apache.solr.common.cloud.ZkCmdExecutor.retryOperation(ZkCmdExecutor.java:67)
	at org.apache.solr.common.cloud.SolrZkClient.exists(SolrZkClient.java:229)
	at org.apache.solr.common.cloud.ZkCmdExecutor.ensureExists(ZkCmdExecutor.java:94)
	at org.apache.solr.common.cloud.ZkCmdExecutor.ensureExists(ZkCmdExecutor.java:88)
	at org.apache.solr.cloud.LeaderElector.setup(LeaderElector.java:279)
	at org.apache.solr.cloud.LeaderElectionTest$ClientThread.setupOnConnect(LeaderElectionTest.java:116)
	at org.apache.solr.cloud.LeaderElectionTest$ClientThread.run(LeaderElectionTest.java:125)
	at java.util.concurrent.Executors$RunnableAdapter.call(Executors.java:471)
	at java.util.concurrent.FutureTask$Sync.innerRun(FutureTask.java:334)
	at java.util.concurrent.FutureTask.run(FutureTask.java:166)
	at java.util.concurrent.ScheduledThreadPoolExecutor$ScheduledFutureTask.access$101(ScheduledThreadPoolExecutor.java:165)
	at java.util.concurrent.ScheduledThreadPoolExecutor$ScheduledFutureTask.run(ScheduledThreadPoolExecutor.java:266)
	at java.util.concurrent.ThreadPoolExecutor.runWorker(ThreadPoolExecutor.java:1110)
	at java.util.concurrent.ThreadPoolExecutor$Worker.run(ThreadPoolExecutor.java:603)
	at java.lang.Thread.run(Thread.java:679)

7592 T2598 oasc.LeaderElectionTest$ClientThread.run SEVERE setup failed org.apache.zookeeper.KeeperException$SessionExpiredException: KeeperErrorCode = Session expired for /collections/collection1/leader_elect/shard1/election
	at org.apache.zookeeper.KeeperException.create(KeeperException.java:118)
	at org.apache.zookeeper.KeeperException.create(KeeperException.java:42)
	at org.apache.zookeeper.ZooKeeper.exists(ZooKeeper.java:815)
	at org.apache.solr.common.cloud.SolrZkClient$4.execute(SolrZkClient.java:232)
	at org.apache.solr.common.cloud.SolrZkClient$4.execute(SolrZkClient.java:229)
	at org.apache.solr.common.cloud.ZkCmdExecutor.retryOperation(ZkCmdExecutor.java:67)
	at org.apache.solr.common.cloud.SolrZkClient.exists(SolrZkClient.java:229)
	at org.apache.solr.common.cloud.ZkCmdExecutor.ensureExists(ZkCmdExecutor.java:94)
	at org.apache.solr.common.cloud.ZkCmdExecutor.ensureExists(ZkCmdExecutor.java:88)
	at org.apache.solr.cloud.LeaderElector.setup(LeaderElector.java:279)
	at org.apache.solr.cloud.LeaderElectionTest$ClientThread.setupOnConnect(LeaderElectionTest.java:116)
	at org.apache.solr.cloud.LeaderElectionTest$ClientThread.run(LeaderElectionTest.java:125)
	at java.util.concurrent.Executors$RunnableAdapter.call(Executors.java:471)
	at java.util.concurrent.FutureTask$Sync.innerRun(FutureTask.java:334)
	at java.util.concurrent.FutureTask.run(FutureTask.java:166)
	at java.util.concurrent.ScheduledThreadPoolExecutor$ScheduledFutureTask.access$101(ScheduledThreadPoolExecutor.java:165)
	at java.util.concurrent.ScheduledThreadPoolExecutor$ScheduledFutureTask.run(ScheduledThreadPoolExecutor.java:266)
	at java.util.concurrent.ThreadPoolExecutor.runWorker(ThreadPoolExecutor.java:1110)
	at java.util.concurrent.ThreadPoolExecutor$Worker.run(ThreadPoolExecutor.java:603)
	at java.lang.Thread.run(Thread.java:679)

7601 T2609 oasc.LeaderElectionTest$ClientThread.run SEVERE setup failed org.apache.zookeeper.KeeperException$SessionExpiredException: KeeperErrorCode = Session expired for /collections/collection1/leader_elect/shard1/election
	at org.apache.zookeeper.KeeperException.create(KeeperException.java:118)
	at org.apache.zookeeper.KeeperException.create(KeeperException.java:42)
	at org.apache.zookeeper.ZooKeeper.exists(ZooKeeper.java:815)
	at org.apache.solr.common.cloud.SolrZkClient$4.execute(SolrZkClient.java:232)
	at org.apache.solr.common.cloud.SolrZkClient$4.execute(SolrZkClient.java:229)
	at org.apache.solr.common.cloud.ZkCmdExecutor.retryOperation(ZkCmdExecutor.java:67)
	at org.apache.solr.common.cloud.SolrZkClient.exists(SolrZkClient.java:229)
	at org.apache.solr.common.cloud.ZkCmdExecutor.ensureExists(ZkCmdExecutor.java:94)
	at org.apache.solr.common.cloud.ZkCmdExecutor.ensureExists(ZkCmdExecutor.java:88)
	at org.apache.solr.cloud.LeaderElector.setup(LeaderElector.java:279)
	at org.apache.solr.cloud.LeaderElectionTest$ClientThread.setupOnConnect(LeaderElectionTest.java:116)
	at org.apache.solr.cloud.LeaderElectionTest$ClientThread.run(LeaderElectionTest.java:125)
	at java.util.concurrent.Executors$RunnableAdapter.call(Executors.java:471)
	at java.util.concurrent.FutureTask$Sync.innerRun(FutureTask.java:334)
	at java.util.concurrent.FutureTask.run(FutureTask.java:166)
	at java.util.concurrent.ScheduledThreadPoolExecutor$ScheduledFutureTask.access$101(ScheduledThreadPoolExecutor.java:165)
	at java.util.concurrent.ScheduledThreadPoolExecutor$ScheduledFutureTask.run(ScheduledThreadPoolExecutor.java:266)
	at java.util.concurrent.ThreadPoolExecutor.runWorker(ThreadPoolExecutor.java:1110)
	at java.util.concurrent.ThreadPoolExecutor$Worker.run(ThreadPoolExecutor.java:603)
	at java.lang.Thread.run(Thread.java:679)

11321 T2617 oasc.LeaderElectionTest$ClientThread.run SEVERE setup failed org.apache.zookeeper.KeeperException$SessionExpiredException: KeeperErrorCode = Session expired for /collections/collection1/leader_elect/shard1/election
	at org.apache.zookeeper.KeeperException.create(KeeperException.java:118)
	at org.apache.zookeeper.KeeperException.create(KeeperException.java:42)
	at org.apache.zookeeper.ZooKeeper.exists(ZooKeeper.java:815)
	at org.apache.solr.common.cloud.SolrZkClient$4.execute(SolrZkClient.java:232)
	at org.apache.solr.common.cloud.SolrZkClient$4.execute(SolrZkClient.java:229)
	at org.apache.solr.common.cloud.ZkCmdExecutor.retryOperation(ZkCmdExecutor.java:67)
	at org.apache.solr.common.cloud.SolrZkClient.exists(SolrZkClient.java:229)
	at org.apache.solr.common.cloud.ZkCmdExecutor.ensureExists(ZkCmdExecutor.java:94)
	at org.apache.solr.common.cloud.ZkCmdExecutor.ensureExists(ZkCmdExecutor.java:88)
	at org.apache.solr.cloud.LeaderElector.setup(LeaderElector.java:279)
	at org.apache.solr.cloud.LeaderElectionTest$ClientThread.setupOnConnect(LeaderElectionTest.java:116)
	at org.apache.solr.cloud.LeaderElectionTest$ClientThread.run(LeaderElectionTest.java:125)
	at java.util.concurrent.Executors$RunnableAdapter.call(Executors.java:471)
	at java.util.concurrent.FutureTask$Sync.innerRun(FutureTask.java:334)
	at java.util.concurrent.FutureTask.run(FutureTask.java:166)
	at java.util.concurrent.ScheduledThreadPoolExecutor$ScheduledFutureTask.access$101(ScheduledThreadPoolExecutor.java:165)
	at java.util.concurrent.ScheduledThreadPoolExecutor$ScheduledFutureTask.run(ScheduledThreadPoolExecutor.java:266)
	at java.util.concurrent.ThreadPoolExecutor.runWorker(ThreadPoolExecutor.java:1110)
	at java.util.concurrent.ThreadPoolExecutor$Worker.run(ThreadPoolExecutor.java:603)
	at java.lang.Thread.run(Thread.java:679)

Tests run: 4, Failures: 0, Errors: 0, Skipped: 0, Time elapsed: 16.484 sec
Running org.apache.solr.search.function.TestFunctionQuery
Creating dataDir: /usr/home/hudson/hudson-slave/workspace/Lucene-Solr-Maven-4.x/maven-build/solr/core/target/test/./solrtest-TestFunctionQuery-1346367091262
ASYNC  NEW_CORE C5 name=collection1 org.apache.solr.core.SolrCore@72ce4e97
215 T2646 C5 oassf.FileFloatSource.getFloats SEVERE Error loading external value source + fileName + java.lang.NumberFormatException: For input string: ""
Tests run: 14, Failures: 0, Errors: 0, Skipped: 0, Time elapsed: 1.228 sec
Running org.apache.solr.search.TestStressVersions
Creating dataDir: /usr/home/hudson/hudson-slave/workspace/Lucene-Solr-Maven-4.x/maven-build/solr/core/target/test/./solrtest-TestStressVersions-1346367092485
Tests run: 1, Failures: 0, Errors: 0, Skipped: 0, Time elapsed: 1.956 sec
Running org.apache.solr.search.TestIndexSearcher
Creating dataDir: /usr/home/hudson/hudson-slave/workspace/Lucene-Solr-Maven-4.x/maven-build/solr/core/target/test/./solrtest-TestIndexSearcher-1346367094445
Tests run: 2, Failures: 0, Errors: 0, Skipped: 0, Time elapsed: 0.997 sec
Running org.apache.solr.handler.admin.CoreAdminHandlerTest
Creating dataDir: /usr/home/hudson/hudson-slave/workspace/Lucene-Solr-Maven-4.x/maven-build/solr/core/target/test/./solrtest-CoreAdminHandlerTest-1346367095440
Tests run: 1, Failures: 0, Errors: 0, Skipped: 0, Time elapsed: 0.702 sec
Running org.apache.solr.client.solrj.embedded.TestSolrProperties
Tests run: 1, Failures: 0, Errors: 0, Skipped: 0, Time elapsed: 0.544 sec
Running org.apache.solr.update.AutoCommitTest
Tests run: 3, Failures: 0, Errors: 0, Skipped: 0, Time elapsed: 7.676 sec
Running org.apache.solr.schema.TestCollationField
Creating dataDir: /usr/home/hudson/hudson-slave/workspace/Lucene-Solr-Maven-4.x/maven-build/solr/core/target/test/./solrtest-TestCollationField-1346367104385
Tests run: 8, Failures: 0, Errors: 0, Skipped: 0, Time elapsed: 0.282 sec
Running org.apache.solr.cloud.ZkSolrClientTest
Tests run: 4, Failures: 0, Errors: 0, Skipped: 0, Time elapsed: 9.421 sec
Running org.apache.solr.util.DateMathParserTest
Tests run: 8, Failures: 0, Errors: 0, Skipped: 0, Time elapsed: 0.114 sec
Running org.apache.solr.search.TestStressRecovery
Creating dataDir: /usr/home/hudson/hudson-slave/workspace/Lucene-Solr-Maven-4.x/maven-build/solr/core/target/test/./solrtest-TestStressRecovery-1346367114190
Tests run: 1, Failures: 0, Errors: 0, Skipped: 0, Time elapsed: 14.883 sec
Running org.apache.solr.client.solrj.impl.HttpClientUtilTest
Tests run: 3, Failures: 0, Errors: 0, Skipped: 0, Time elapsed: 0.04 sec
Running org.apache.solr.util.TimeZoneUtilsTest
Tests run: 5, Failures: 0, Errors: 0, Skipped: 0, Time elapsed: 0.183 sec
Running org.apache.solr.core.SolrCoreTest
Creating dataDir: /usr/home/hudson/hudson-slave/workspace/Lucene-Solr-Maven-4.x/maven-build/solr/core/target/test/./solrtest-SolrCoreTest-1346367129302
Creating dataDir: /usr/home/hudson/hudson-slave/workspace/Lucene-Solr-Maven-4.x/maven-build/solr/core/target/test/./solrtest-SolrCoreTest-1346367130769
Creating dataDir: /usr/home/hudson/hudson-slave/workspace/Lucene-Solr-Maven-4.x/maven-build/solr/core/target/test/./solrtest-SolrCoreTest-1346367131235
Creating dataDir: /usr/home/hudson/hudson-slave/workspace/Lucene-Solr-Maven-4.x/maven-build/solr/core/target/test/./solrtest-SolrCoreTest-1346367131688
Creating dataDir: /usr/home/hudson/hudson-slave/workspace/Lucene-Solr-Maven-4.x/maven-build/solr/core/target/test/./solrtest-SolrCoreTest-1346367132142
Creating dataDir: /usr/home/hudson/hudson-slave/workspace/Lucene-Solr-Maven-4.x/maven-build/solr/core/target/test/./solrtest-SolrCoreTest-1346367132556
Tests run: 6, Failures: 0, Errors: 0, Skipped: 0, Time elapsed: 3.772 sec
Running org.apache.solr.search.TestLFUCache
Creating dataDir: /usr/home/hudson/hudson-slave/workspace/Lucene-Solr-Maven-4.x/maven-build/solr/core/target/test/./solrtest-TestLFUCache-1346367133072
{39=39, 38=38, 37=37, 36=36, 35=35, 34=34, 33=33, 32=32, 31=31, 30=30}
Tests run: 5, Failures: 0, Errors: 0, Skipped: 0, Time elapsed: 0.396 sec
Running org.apache.solr.search.TestStressReorder
Creating dataDir: /usr/home/hudson/hudson-slave/workspace/Lucene-Solr-Maven-4.x/maven-build/solr/core/target/test/./solrtest-TestStressReorder-1346367133469
Tests run: 1, Failures: 0, Errors: 0, Skipped: 0, Time elapsed: 1.975 sec
Running org.apache.solr.servlet.CacheHeaderTest
Creating dataDir: /usr/home/hudson/hudson-slave/workspace/Lucene-Solr-Maven-4.x/maven-build/solr/core/target/test/./solrtest-CacheHeaderTest-1346367135447
Tests run: 5, Failures: 0, Errors: 0, Skipped: 0, Time elapsed: 0.691 sec
Running org.apache.solr.request.SimpleFacetsTest
Creating dataDir: /usr/home/hudson/hudson-slave/workspace/Lucene-Solr-Maven-4.x/maven-build/solr/core/target/test/./solrtest-SimpleFacetsTest-1346367136142
ASYNC  NEW_CORE C6 name=collection1 org.apache.solr.core.SolrCore@46c67d63
1647 T2900 C6 oasc.SolrException.log SEVERE org.apache.solr.common.SolrException: Specify the group.field as parameter or local parameter
		at org.apache.solr.request.SimpleFacets.getGroupedCounts(SimpleFacets.java:360)
		at org.apache.solr.request.SimpleFacets.getTermCounts(SimpleFacets.java:319)
		at org.apache.solr.request.SimpleFacets.getFacetFieldCounts(SimpleFacets.java:423)
		at org.apache.solr.request.SimpleFacets.getFacetCounts(SimpleFacets.java:206)
		at org.apache.solr.handler.component.FacetComponent.process(FacetComponent.java:87)
		at org.apache.solr.handler.component.SearchHandler.handleRequestBody(SearchHandler.java:206)
		at org.apache.solr.handler.RequestHandlerBase.handleRequest(RequestHandlerBase.java:129)
		at org.apache.solr.core.SolrCore.execute(SolrCore.java:1692)
		at org.apache.solr.util.TestHarness.query(TestHarness.java:351)
		at org.apache.solr.util.TestHarness.query(TestHarness.java:333)
		at org.apache.solr.request.SimpleFacetsTest.testSimpleGroupedFacets(SimpleFacetsTest.java:211)
		at sun.reflect.NativeMethodAccessorImpl.invoke0(Native Method)
		at sun.reflect.NativeMethodAccessorImpl.invoke(NativeMethodAccessorImpl.java:57)
		at sun.reflect.DelegatingMethodAccessorImpl.invoke(DelegatingMethodAccessorImpl.java:43)
		at java.lang.reflect.Method.invoke(Method.java:616)
		at com.carrotsearch.randomizedtesting.RandomizedRunner.invoke(RandomizedRunner.java:1559)
		at com.carrotsearch.randomizedtesting.RandomizedRunner.access$600(RandomizedRunner.java:79)
		at com.carrotsearch.randomizedtesting.RandomizedRunner$6.evaluate(RandomizedRunner.java:737)
		at com.carrotsearch.randomizedtesting.RandomizedRunner$7.evaluate(RandomizedRunner.java:773)
		at com.carrotsearch.randomizedtesting.RandomizedRunner$8.evaluate(RandomizedRunner.java:787)
		at com.carrotsearch.randomizedtesting.rules.SystemPropertiesRestoreRule$1.evaluate(SystemPropertiesRestoreRule.java:53)
		at org.apache.lucene.util.TestRuleSetupTeardownChained$1.evaluate(TestRuleSetupTeardownChained.java:50)
		at org.apache.lucene.util.TestRuleFieldCacheSanity$1.evaluate(TestRuleFieldCacheSanity.java:51)
		at org.apache.lucene.util.AbstractBeforeAfterRule$1.evaluate(AbstractBeforeAfterRule.java:45)
		at com.carrotsearch.randomizedtesting.rules.SystemPropertiesInvariantRule$1.evaluate(SystemPropertiesInvariantRule.java:55)
		at org.apache.lucene.util.TestRuleThreadAndTestName$1.evaluate(TestRuleThreadAndTestName.java:48)
		at org.apache.lucene.util.TestRuleIgnoreAfterMaxFailures$1.evaluate(TestRuleIgnoreAfterMaxFailures.java:70)
		at org.apache.lucene.util.TestRuleMarkFailure$1.evaluate(TestRuleMarkFailure.java:48)
		at com.carrotsearch.randomizedtesting.rules.StatementAdapter.evaluate(StatementAdapter.java:36)
		at com.carrotsearch.randomizedtesting.ThreadLeakControl$StatementRunner.run(ThreadLeakControl.java:345)
		at com.carrotsearch.randomizedtesting.ThreadLeakControl.forkTimeoutingTask(ThreadLeakControl.java:769)
		at com.carrotsearch.randomizedtesting.ThreadLeakControl$3.evaluate(ThreadLeakControl.java:429)
		at com.carrotsearch.randomizedtesting.RandomizedRunner.runSingleTest(RandomizedRunner.java:746)
		at com.carrotsearch.randomizedtesting.RandomizedRunner$3.evaluate(RandomizedRunner.java:648)
		at com.carrotsearch.randomizedtesting.RandomizedRunner$4.evaluate(RandomizedRunner.java:682)
		at com.carrotsearch.randomizedtesting.RandomizedRunner$5.evaluate(RandomizedRunner.java:693)
		at com.carrotsearch.randomizedtesting.rules.StatementAdapter.evaluate(StatementAdapter.java:36)
		at com.carrotsearch.randomizedtesting.rules.SystemPropertiesRestoreRule$1.evaluate(SystemPropertiesRestoreRule.java:53)
		at org.apache.lucene.util.AbstractBeforeAfterRule$1.evaluate(AbstractBeforeAfterRule.java:45)
		at org.apache.lucene.util.TestRuleStoreClassName$1.evaluate(TestRuleStoreClassName.java:42)
		at com.carrotsearch.randomizedtesting.rules.SystemPropertiesInvariantRule$1.evaluate(SystemPropertiesInvariantRule.java:55)
		at com.carrotsearch.randomizedtesting.rules.NoShadowingOrOverridesOnMethodsRule$1.evaluate(NoShadowingOrOverridesOnMethodsRule.java:39)
		at com.carrotsearch.randomizedtesting.rules.NoShadowingOrOverridesOnMethodsRule$1.evaluate(NoShadowingOrOverridesOnMethodsRule.java:39)
		at org.apache.lucene.util.TestRuleAssertionsRequired$1.evaluate(TestRuleAssertionsRequired.java:40)
		at org.apache.lucene.util.TestRuleMarkFailure$1.evaluate(TestRuleMarkFailure.java:48)
		at org.apache.lucene.util.TestRuleIgnoreAfterMaxFailures$1.evaluate(TestRuleIgnoreAfterMaxFailures.java:70)
		at org.apache.lucene.util.TestRuleIgnoreTestSuites$1.evaluate(TestRuleIgnoreTestSuites.java:55)
		at com.carrotsearch.randomizedtesting.rules.StatementAdapter.evaluate(StatementAdapter.java:36)
		at com.carrotsearch.randomizedtesting.ThreadLeakControl$StatementRunner.run(ThreadLeakControl.java:345)
		at java.lang.Thread.run(Thread.java:679)
	
2344 T2900 C6 oasc.SolrException.log SEVERE org.apache.solr.common.SolrException: range facet infinite loop: gap is either zero, or too small relative start/end and caused underflow: 23.0 + 0 = 23.0
		at org.apache.solr.request.SimpleFacets.getFacetRangeCounts(SimpleFacets.java:1122)
		at org.apache.solr.request.SimpleFacets.getFacetRangeCounts(SimpleFacets.java:1074)
		at org.apache.solr.request.SimpleFacets.getFacetRangeCounts(SimpleFacets.java:1018)
		at org.apache.solr.request.SimpleFacets.getFacetCounts(SimpleFacets.java:208)
		at org.apache.solr.handler.component.FacetComponent.process(FacetComponent.java:87)
		at org.apache.solr.handler.component.SearchHandler.handleRequestBody(SearchHandler.java:206)
		at org.apache.solr.handler.RequestHandlerBase.handleRequest(RequestHandlerBase.java:129)
		at org.apache.solr.core.SolrCore.execute(SolrCore.java:1692)
		at org.apache.solr.util.TestHarness.query(TestHarness.java:351)
		at org.apache.solr.util.TestHarness.query(TestHarness.java:333)
		at org.apache.solr.SolrTestCaseJ4.assertQEx(SolrTestCaseJ4.java:601)
		at org.apache.solr.request.SimpleFacetsTest.testRangeFacetInfiniteLoopDetection(SimpleFacetsTest.java:2018)
		at sun.reflect.NativeMethodAccessorImpl.invoke0(Native Method)
		at sun.reflect.NativeMethodAccessorImpl.invoke(NativeMethodAccessorImpl.java:57)
		at sun.reflect.DelegatingMethodAccessorImpl.invoke(DelegatingMethodAccessorImpl.java:43)
		at java.lang.reflect.Method.invoke(Method.java:616)
		at com.carrotsearch.randomizedtesting.RandomizedRunner.invoke(RandomizedRunner.java:1559)
		at com.carrotsearch.randomizedtesting.RandomizedRunner.access$600(RandomizedRunner.java:79)
		at com.carrotsearch.randomizedtesting.RandomizedRunner$6.evaluate(RandomizedRunner.java:737)
		at com.carrotsearch.randomizedtesting.RandomizedRunner$7.evaluate(RandomizedRunner.java:773)
		at com.carrotsearch.randomizedtesting.RandomizedRunner$8.evaluate(RandomizedRunner.java:787)
		at com.carrotsearch.randomizedtesting.rules.SystemPropertiesRestoreRule$1.evaluate(SystemPropertiesRestoreRule.java:53)
		at org.apache.lucene.util.TestRuleSetupTeardownChained$1.evaluate(TestRuleSetupTeardownChained.java:50)
		at org.apache.lucene.util.TestRuleFieldCacheSanity$1.evaluate(TestRuleFieldCacheSanity.java:51)
		at org.apache.lucene.util.AbstractBeforeAfterRule$1.evaluate(AbstractBeforeAfterRule.java:45)
		at com.carrotsearch.randomizedtesting.rules.SystemPropertiesInvariantRule$1.evaluate(SystemPropertiesInvariantRule.java:55)
		at org.apache.lucene.util.TestRuleThreadAndTestName$1.evaluate(TestRuleThreadAndTestName.java:48)
		at org.apache.lucene.util.TestRuleIgnoreAfterMaxFailures$1.evaluate(TestRuleIgnoreAfterMaxFailures.java:70)
		at org.apache.lucene.util.TestRuleMarkFailure$1.evaluate(TestRuleMarkFailure.java:48)
		at com.carrotsearch.randomizedtesting.rules.StatementAdapter.evaluate(StatementAdapter.java:36)
		at com.carrotsearch.randomizedtesting.ThreadLeakControl$StatementRunner.run(ThreadLeakControl.java:345)
		at com.carrotsearch.randomizedtesting.ThreadLeakControl.forkTimeoutingTask(ThreadLeakControl.java:769)
		at com.carrotsearch.randomizedtesting.ThreadLeakControl$3.evaluate(ThreadLeakControl.java:429)
		at com.carrotsearch.randomizedtesting.RandomizedRunner.runSingleTest(RandomizedRunner.java:746)
		at com.carrotsearch.randomizedtesting.RandomizedRunner$3.evaluate(RandomizedRunner.java:648)
		at com.carrotsearch.randomizedtesting.RandomizedRunner$4.evaluate(RandomizedRunner.java:682)
		at com.carrotsearch.randomizedtesting.RandomizedRunner$5.evaluate(RandomizedRunner.java:693)
		at com.carrotsearch.randomizedtesting.rules.StatementAdapter.evaluate(StatementAdapter.java:36)
		at com.carrotsearch.randomizedtesting.rules.SystemPropertiesRestoreRule$1.evaluate(SystemPropertiesRestoreRule.java:53)
		at org.apache.lucene.util.AbstractBeforeAfterRule$1.evaluate(AbstractBeforeAfterRule.java:45)
		at org.apache.lucene.util.TestRuleStoreClassName$1.evaluate(TestRuleStoreClassName.java:42)
		at com.carrotsearch.randomizedtesting.rules.SystemPropertiesInvariantRule$1.evaluate(SystemPropertiesInvariantRule.java:55)
		at com.carrotsearch.randomizedtesting.rules.NoShadowingOrOverridesOnMethodsRule$1.evaluate(NoShadowingOrOverridesOnMethodsRule.java:39)
		at com.carrotsearch.randomizedtesting.rules.NoShadowingOrOverridesOnMethodsRule$1.evaluate(NoShadowingOrOverridesOnMethodsRule.java:39)
		at org.apache.lucene.util.TestRuleAssertionsRequired$1.evaluate(TestRuleAssertionsRequired.java:40)
		at org.apache.lucene.util.TestRuleMarkFailure$1.evaluate(TestRuleMarkFailure.java:48)
		at org.apache.lucene.util.TestRuleIgnoreAfterMaxFailures$1.evaluate(TestRuleIgnoreAfterMaxFailures.java:70)
		at org.apache.lucene.util.TestRuleIgnoreTestSuites$1.evaluate(TestRuleIgnoreTestSuites.java:55)
		at com.carrotsearch.randomizedtesting.rules.StatementAdapter.evaluate(StatementAdapter.java:36)
		at com.carrotsearch.randomizedtesting.ThreadLeakControl$StatementRunner.run(ThreadLeakControl.java:345)
		at java.lang.Thread.run(Thread.java:679)
	
2345 T2900 C6 oasc.SolrException.log SEVERE org.apache.solr.common.SolrException: range facet infinite loop: gap is either zero, or too small relative start/end and caused underflow: 23.0 + 0 = 23.0
		at org.apache.solr.request.SimpleFacets.getFacetRangeCounts(SimpleFacets.java:1122)
		at org.apache.solr.request.SimpleFacets.getFacetRangeCounts(SimpleFacets.java:1074)
		at org.apache.solr.request.SimpleFacets.getFacetRangeCounts(SimpleFacets.java:1018)
		at org.apache.solr.request.SimpleFacets.getFacetCounts(SimpleFacets.java:208)
		at org.apache.solr.handler.component.FacetComponent.process(FacetComponent.java:87)
		at org.apache.solr.handler.component.SearchHandler.handleRequestBody(SearchHandler.java:206)
		at org.apache.solr.handler.RequestHandlerBase.handleRequest(RequestHandlerBase.java:129)
		at org.apache.solr.core.SolrCore.execute(SolrCore.java:1692)
		at org.apache.solr.util.TestHarness.query(TestHarness.java:351)
		at org.apache.solr.util.TestHarness.query(TestHarness.java:333)
		at org.apache.solr.SolrTestCaseJ4.assertQEx(SolrTestCaseJ4.java:601)
		at org.apache.solr.request.SimpleFacetsTest.testRangeFacetInfiniteLoopDetection(SimpleFacetsTest.java:2018)
		at sun.reflect.NativeMethodAccessorImpl.invoke0(Native Method)
		at sun.reflect.NativeMethodAccessorImpl.invoke(NativeMethodAccessorImpl.java:57)
		at sun.reflect.DelegatingMethodAccessorImpl.invoke(DelegatingMethodAccessorImpl.java:43)
		at java.lang.reflect.Method.invoke(Method.java:616)
		at com.carrotsearch.randomizedtesting.RandomizedRunner.invoke(RandomizedRunner.java:1559)
		at com.carrotsearch.randomizedtesting.RandomizedRunner.access$600(RandomizedRunner.java:79)
		at com.carrotsearch.randomizedtesting.RandomizedRunner$6.evaluate(RandomizedRunner.java:737)
		at com.carrotsearch.randomizedtesting.RandomizedRunner$7.evaluate(RandomizedRunner.java:773)
		at com.carrotsearch.randomizedtesting.RandomizedRunner$8.evaluate(RandomizedRunner.java:787)
		at com.carrotsearch.randomizedtesting.rules.SystemPropertiesRestoreRule$1.evaluate(SystemPropertiesRestoreRule.java:53)
		at org.apache.lucene.util.TestRuleSetupTeardownChained$1.evaluate(TestRuleSetupTeardownChained.java:50)
		at org.apache.lucene.util.TestRuleFieldCacheSanity$1.evaluate(TestRuleFieldCacheSanity.java:51)
		at org.apache.lucene.util.AbstractBeforeAfterRule$1.evaluate(AbstractBeforeAfterRule.java:45)
		at com.carrotsearch.randomizedtesting.rules.SystemPropertiesInvariantRule$1.evaluate(SystemPropertiesInvariantRule.java:55)
		at org.apache.lucene.util.TestRuleThreadAndTestName$1.evaluate(TestRuleThreadAndTestName.java:48)
		at org.apache.lucene.util.TestRuleIgnoreAfterMaxFailures$1.evaluate(TestRuleIgnoreAfterMaxFailures.java:70)
		at org.apache.lucene.util.TestRuleMarkFailure$1.evaluate(TestRuleMarkFailure.java:48)
		at com.carrotsearch.randomizedtesting.rules.StatementAdapter.evaluate(StatementAdapter.java:36)
		at com.carrotsearch.randomizedtesting.ThreadLeakControl$StatementRunner.run(ThreadLeakControl.java:345)
		at com.carrotsearch.randomizedtesting.ThreadLeakControl.forkTimeoutingTask(ThreadLeakControl.java:769)
		at com.carrotsearch.randomizedtesting.ThreadLeakControl$3.evaluate(ThreadLeakControl.java:429)
		at com.carrotsearch.randomizedtesting.RandomizedRunner.runSingleTest(RandomizedRunner.java:746)
		at com.carrotsearch.randomizedtesting.RandomizedRunner$3.evaluate(RandomizedRunner.java:648)
		at com.carrotsearch.randomizedtesting.RandomizedRunner$4.evaluate(RandomizedRunner.java:682)
		at com.carrotsearch.randomizedtesting.RandomizedRunner$5.evaluate(RandomizedRunner.java:693)
		at com.carrotsearch.randomizedtesting.rules.StatementAdapter.evaluate(StatementAdapter.java:36)
		at com.carrotsearch.randomizedtesting.rules.SystemPropertiesRestoreRule$1.evaluate(SystemPropertiesRestoreRule.java:53)
		at org.apache.lucene.util.AbstractBeforeAfterRule$1.evaluate(AbstractBeforeAfterRule.java:45)
		at org.apache.lucene.util.TestRuleStoreClassName$1.evaluate(TestRuleStoreClassName.java:42)
		at com.carrotsearch.randomizedtesting.rules.SystemPropertiesInvariantRule$1.evaluate(SystemPropertiesInvariantRule.java:55)
		at com.carrotsearch.randomizedtesting.rules.NoShadowingOrOverridesOnMethodsRule$1.evaluate(NoShadowingOrOverridesOnMethodsRule.java:39)
		at com.carrotsearch.randomizedtesting.rules.NoShadowingOrOverridesOnMethodsRule$1.evaluate(NoShadowingOrOverridesOnMethodsRule.java:39)
		at org.apache.lucene.util.TestRuleAssertionsRequired$1.evaluate(TestRuleAssertionsRequired.java:40)
		at org.apache.lucene.util.TestRuleMarkFailure$1.evaluate(TestRuleMarkFailure.java:48)
		at org.apache.lucene.util.TestRuleIgnoreAfterMaxFailures$1.evaluate(TestRuleIgnoreAfterMaxFailures.java:70)
		at org.apache.lucene.util.TestRuleIgnoreTestSuites$1.evaluate(TestRuleIgnoreTestSuites.java:55)
		at com.carrotsearch.randomizedtesting.rules.StatementAdapter.evaluate(StatementAdapter.java:36)
		at com.carrotsearch.randomizedtesting.ThreadLeakControl$StatementRunner.run(ThreadLeakControl.java:345)
		at java.lang.Thread.run(Thread.java:679)
	
2346 T2900 C6 oasc.SolrException.log SEVERE org.apache.solr.common.SolrException: range facet infinite loop: gap is either zero, or too small relative start/end and caused underflow: 23.0 + 0 = 23.0
		at org.apache.solr.request.SimpleFacets.getFacetRangeCounts(SimpleFacets.java:1122)
		at org.apache.solr.request.SimpleFacets.getFacetRangeCounts(SimpleFacets.java:1074)
		at org.apache.solr.request.SimpleFacets.getFacetRangeCounts(SimpleFacets.java:1018)
		at org.apache.solr.request.SimpleFacets.getFacetCounts(SimpleFacets.java:208)
		at org.apache.solr.handler.component.FacetComponent.process(FacetComponent.java:87)
		at org.apache.solr.handler.component.SearchHandler.handleRequestBody(SearchHandler.java:206)
		at org.apache.solr.handler.RequestHandlerBase.handleRequest(RequestHandlerBase.java:129)
		at org.apache.solr.core.SolrCore.execute(SolrCore.java:1692)
		at org.apache.solr.util.TestHarness.query(TestHarness.java:351)
		at org.apache.solr.util.TestHarness.query(TestHarness.java:333)
		at org.apache.solr.SolrTestCaseJ4.assertQEx(SolrTestCaseJ4.java:601)
		at org.apache.solr.request.SimpleFacetsTest.testRangeFacetInfiniteLoopDetection(SimpleFacetsTest.java:2018)
		at sun.reflect.NativeMethodAccessorImpl.invoke0(Native Method)
		at sun.reflect.NativeMethodAccessorImpl.invoke(NativeMethodAccessorImpl.java:57)
		at sun.reflect.DelegatingMethodAccessorImpl.invoke(DelegatingMethodAccessorImpl.java:43)
		at java.lang.reflect.Method.invoke(Method.java:616)
		at com.carrotsearch.randomizedtesting.RandomizedRunner.invoke(RandomizedRunner.java:1559)
		at com.carrotsearch.randomizedtesting.RandomizedRunner.access$600(RandomizedRunner.java:79)
		at com.carrotsearch.randomizedtesting.RandomizedRunner$6.evaluate(RandomizedRunner.java:737)
		at com.carrotsearch.randomizedtesting.RandomizedRunner$7.evaluate(RandomizedRunner.java:773)
		at com.carrotsearch.randomizedtesting.RandomizedRunner$8.evaluate(RandomizedRunner.java:787)
		at com.carrotsearch.randomizedtesting.rules.SystemPropertiesRestoreRule$1.evaluate(SystemPropertiesRestoreRule.java:53)
		at org.apache.lucene.util.TestRuleSetupTeardownChained$1.evaluate(TestRuleSetupTeardownChained.java:50)
		at org.apache.lucene.util.TestRuleFieldCacheSanity$1.evaluate(TestRuleFieldCacheSanity.java:51)
		at org.apache.lucene.util.AbstractBeforeAfterRule$1.evaluate(AbstractBeforeAfterRule.java:45)
		at com.carrotsearch.randomizedtesting.rules.SystemPropertiesInvariantRule$1.evaluate(SystemPropertiesInvariantRule.java:55)
		at org.apache.lucene.util.TestRuleThreadAndTestName$1.evaluate(TestRuleThreadAndTestName.java:48)
		at org.apache.lucene.util.TestRuleIgnoreAfterMaxFailures$1.evaluate(TestRuleIgnoreAfterMaxFailures.java:70)
		at org.apache.lucene.util.TestRuleMarkFailure$1.evaluate(TestRuleMarkFailure.java:48)
		at com.carrotsearch.randomizedtesting.rules.StatementAdapter.evaluate(StatementAdapter.java:36)
		at com.carrotsearch.randomizedtesting.ThreadLeakControl$StatementRunner.run(ThreadLeakControl.java:345)
		at com.carrotsearch.randomizedtesting.ThreadLeakControl.forkTimeoutingTask(ThreadLeakControl.java:769)
		at com.carrotsearch.randomizedtesting.ThreadLeakControl$3.evaluate(ThreadLeakControl.java:429)
		at com.carrotsearch.randomizedtesting.RandomizedRunner.runSingleTest(RandomizedRunner.java:746)
		at com.carrotsearch.randomizedtesting.RandomizedRunner$3.evaluate(RandomizedRunner.java:648)
		at com.carrotsearch.randomizedtesting.RandomizedRunner$4.evaluate(RandomizedRunner.java:682)
		at com.carrotsearch.randomizedtesting.RandomizedRunner$5.evaluate(RandomizedRunner.java:693)
		at com.carrotsearch.randomizedtesting.rules.StatementAdapter.evaluate(StatementAdapter.java:36)
		at com.carrotsearch.randomizedtesting.rules.SystemPropertiesRestoreRule$1.evaluate(SystemPropertiesRestoreRule.java:53)
		at org.apache.lucene.util.AbstractBeforeAfterRule$1.evaluate(AbstractBeforeAfterRule.java:45)
		at org.apache.lucene.util.TestRuleStoreClassName$1.evaluate(TestRuleStoreClassName.java:42)
		at com.carrotsearch.randomizedtesting.rules.SystemPropertiesInvariantRule$1.evaluate(SystemPropertiesInvariantRule.java:55)
		at com.carrotsearch.randomizedtesting.rules.NoShadowingOrOverridesOnMethodsRule$1.evaluate(NoShadowingOrOverridesOnMethodsRule.java:39)
		at com.carrotsearch.randomizedtesting.rules.NoShadowingOrOverridesOnMethodsRule$1.evaluate(NoShadowingOrOverridesOnMethodsRule.java:39)
		at org.apache.lucene.util.TestRuleAssertionsRequired$1.evaluate(TestRuleAssertionsRequired.java:40)
		at org.apache.lucene.util.TestRuleMarkFailure$1.evaluate(TestRuleMarkFailure.java:48)
		at org.apache.lucene.util.TestRuleIgnoreAfterMaxFailures$1.evaluate(TestRuleIgnoreAfterMaxFailures.java:70)
		at org.apache.lucene.util.TestRuleIgnoreTestSuites$1.evaluate(TestRuleIgnoreTestSuites.java:55)
		at com.carrotsearch.randomizedtesting.rules.StatementAdapter.evaluate(StatementAdapter.java:36)
		at com.carrotsearch.randomizedtesting.ThreadLeakControl$StatementRunner.run(ThreadLeakControl.java:345)
		at java.lang.Thread.run(Thread.java:679)
	
2347 T2900 C6 oasc.SolrException.log SEVERE org.apache.solr.common.SolrException: range facet infinite loop: gap is either zero, or too small relative start/end and caused underflow: 23.0 + 0 = 23.0
		at org.apache.solr.request.SimpleFacets.getFacetRangeCounts(SimpleFacets.java:1122)
		at org.apache.solr.request.SimpleFacets.getFacetRangeCounts(SimpleFacets.java:1074)
		at org.apache.solr.request.SimpleFacets.getFacetRangeCounts(SimpleFacets.java:1018)
		at org.apache.solr.request.SimpleFacets.getFacetCounts(SimpleFacets.java:208)
		at org.apache.solr.handler.component.FacetComponent.process(FacetComponent.java:87)
		at org.apache.solr.handler.component.SearchHandler.handleRequestBody(SearchHandler.java:206)
		at org.apache.solr.handler.RequestHandlerBase.handleRequest(RequestHandlerBase.java:129)
		at org.apache.solr.core.SolrCore.execute(SolrCore.java:1692)
		at org.apache.solr.util.TestHarness.query(TestHarness.java:351)
		at org.apache.solr.util.TestHarness.query(TestHarness.java:333)
		at org.apache.solr.SolrTestCaseJ4.assertQEx(SolrTestCaseJ4.java:601)
		at org.apache.solr.request.SimpleFacetsTest.testRangeFacetInfiniteLoopDetection(SimpleFacetsTest.java:2018)
		at sun.reflect.NativeMethodAccessorImpl.invoke0(Native Method)
		at sun.reflect.NativeMethodAccessorImpl.invoke(NativeMethodAccessorImpl.java:57)
		at sun.reflect.DelegatingMethodAccessorImpl.invoke(DelegatingMethodAccessorImpl.java:43)
		at java.lang.reflect.Method.invoke(Method.java:616)
		at com.carrotsearch.randomizedtesting.RandomizedRunner.invoke(RandomizedRunner.java:1559)
		at com.carrotsearch.randomizedtesting.RandomizedRunner.access$600(RandomizedRunner.java:79)
		at com.carrotsearch.randomizedtesting.RandomizedRunner$6.evaluate(RandomizedRunner.java:737)
		at com.carrotsearch.randomizedtesting.RandomizedRunner$7.evaluate(RandomizedRunner.java:773)
		at com.carrotsearch.randomizedtesting.RandomizedRunner$8.evaluate(RandomizedRunner.java:787)
		at com.carrotsearch.randomizedtesting.rules.SystemPropertiesRestoreRule$1.evaluate(SystemPropertiesRestoreRule.java:53)
		at org.apache.lucene.util.TestRuleSetupTeardownChained$1.evaluate(TestRuleSetupTeardownChained.java:50)
		at org.apache.lucene.util.TestRuleFieldCacheSanity$1.evaluate(TestRuleFieldCacheSanity.java:51)
		at org.apache.lucene.util.AbstractBeforeAfterRule$1.evaluate(AbstractBeforeAfterRule.java:45)
		at com.carrotsearch.randomizedtesting.rules.SystemPropertiesInvariantRule$1.evaluate(SystemPropertiesInvariantRule.java:55)
		at org.apache.lucene.util.TestRuleThreadAndTestName$1.evaluate(TestRuleThreadAndTestName.java:48)
		at org.apache.lucene.util.TestRuleIgnoreAfterMaxFailures$1.evaluate(TestRuleIgnoreAfterMaxFailures.java:70)
		at org.apache.lucene.util.TestRuleMarkFailure$1.evaluate(TestRuleMarkFailure.java:48)
		at com.carrotsearch.randomizedtesting.rules.StatementAdapter.evaluate(StatementAdapter.java:36)
		at com.carrotsearch.randomizedtesting.ThreadLeakControl$StatementRunner.run(ThreadLeakControl.java:345)
		at com.carrotsearch.randomizedtesting.ThreadLeakControl.forkTimeoutingTask(ThreadLeakControl.java:769)
		at com.carrotsearch.randomizedtesting.ThreadLeakControl$3.evaluate(ThreadLeakControl.java:429)
		at com.carrotsearch.randomizedtesting.RandomizedRunner.runSingleTest(RandomizedRunner.java:746)
		at com.carrotsearch.randomizedtesting.RandomizedRunner$3.evaluate(RandomizedRunner.java:648)
		at com.carrotsearch.randomizedtesting.RandomizedRunner$4.evaluate(RandomizedRunner.java:682)
		at com.carrotsearch.randomizedtesting.RandomizedRunner$5.evaluate(RandomizedRunner.java:693)
		at com.carrotsearch.randomizedtesting.rules.StatementAdapter.evaluate(StatementAdapter.java:36)
		at com.carrotsearch.randomizedtesting.rules.SystemPropertiesRestoreRule$1.evaluate(SystemPropertiesRestoreRule.java:53)
		at org.apache.lucene.util.AbstractBeforeAfterRule$1.evaluate(AbstractBeforeAfterRule.java:45)
		at org.apache.lucene.util.TestRuleStoreClassName$1.evaluate(TestRuleStoreClassName.java:42)
		at com.carrotsearch.randomizedtesting.rules.SystemPropertiesInvariantRule$1.evaluate(SystemPropertiesInvariantRule.java:55)
		at com.carrotsearch.randomizedtesting.rules.NoShadowingOrOverridesOnMethodsRule$1.evaluate(NoShadowingOrOverridesOnMethodsRule.java:39)
		at com.carrotsearch.randomizedtesting.rules.NoShadowingOrOverridesOnMethodsRule$1.evaluate(NoShadowingOrOverridesOnMethodsRule.java:39)
		at org.apache.lucene.util.TestRuleAssertionsRequired$1.evaluate(TestRuleAssertionsRequired.java:40)
		at org.apache.lucene.util.TestRuleMarkFailure$1.evaluate(TestRuleMarkFailure.java:48)
		at org.apache.lucene.util.TestRuleIgnoreAfterMaxFailures$1.evaluate(TestRuleIgnoreAfterMaxFailures.java:70)
		at org.apache.lucene.util.TestRuleIgnoreTestSuites$1.evaluate(TestRuleIgnoreTestSuites.java:55)
		at com.carrotsearch.randomizedtesting.rules.StatementAdapter.evaluate(StatementAdapter.java:36)
		at com.carrotsearch.randomizedtesting.ThreadLeakControl$StatementRunner.run(ThreadLeakControl.java:345)
		at java.lang.Thread.run(Thread.java:679)
	
2348 T2900 C6 oasc.SolrException.log SEVERE org.apache.solr.common.SolrException: range facet infinite loop: gap is either zero, or too small relative start/end and caused underflow: 23 + 0 = 23
		at org.apache.solr.request.SimpleFacets.getFacetRangeCounts(SimpleFacets.java:1122)
		at org.apache.solr.request.SimpleFacets.getFacetRangeCounts(SimpleFacets.java:1074)
		at org.apache.solr.request.SimpleFacets.getFacetRangeCounts(SimpleFacets.java:1018)
		at org.apache.solr.request.SimpleFacets.getFacetCounts(SimpleFacets.java:208)
		at org.apache.solr.handler.component.FacetComponent.process(FacetComponent.java:87)
		at org.apache.solr.handler.component.SearchHandler.handleRequestBody(SearchHandler.java:206)
		at org.apache.solr.handler.RequestHandlerBase.handleRequest(RequestHandlerBase.java:129)
		at org.apache.solr.core.SolrCore.execute(SolrCore.java:1692)
		at org.apache.solr.util.TestHarness.query(TestHarness.java:351)
		at org.apache.solr.util.TestHarness.query(TestHarness.java:333)
		at org.apache.solr.SolrTestCaseJ4.assertQEx(SolrTestCaseJ4.java:601)
		at org.apache.solr.request.SimpleFacetsTest.testRangeFacetInfiniteLoopDetection(SimpleFacetsTest.java:2018)
		at sun.reflect.NativeMethodAccessorImpl.invoke0(Native Method)
		at sun.reflect.NativeMethodAccessorImpl.invoke(NativeMethodAccessorImpl.java:57)
		at sun.reflect.DelegatingMethodAccessorImpl.invoke(DelegatingMethodAccessorImpl.java:43)
		at java.lang.reflect.Method.invoke(Method.java:616)
		at com.carrotsearch.randomizedtesting.RandomizedRunner.invoke(RandomizedRunner.java:1559)
		at com.carrotsearch.randomizedtesting.RandomizedRunner.access$600(RandomizedRunner.java:79)
		at com.carrotsearch.randomizedtesting.RandomizedRunner$6.evaluate(RandomizedRunner.java:737)
		at com.carrotsearch.randomizedtesting.RandomizedRunner$7.evaluate(RandomizedRunner.java:773)
		at com.carrotsearch.randomizedtesting.RandomizedRunner$8.evaluate(RandomizedRunner.java:787)
		at com.carrotsearch.randomizedtesting.rules.SystemPropertiesRestoreRule$1.evaluate(SystemPropertiesRestoreRule.java:53)
		at org.apache.lucene.util.TestRuleSetupTeardownChained$1.evaluate(TestRuleSetupTeardownChained.java:50)
		at org.apache.lucene.util.TestRuleFieldCacheSanity$1.evaluate(TestRuleFieldCacheSanity.java:51)
		at org.apache.lucene.util.AbstractBeforeAfterRule$1.evaluate(AbstractBeforeAfterRule.java:45)
		at com.carrotsearch.randomizedtesting.rules.SystemPropertiesInvariantRule$1.evaluate(SystemPropertiesInvariantRule.java:55)
		at org.apache.lucene.util.TestRuleThreadAndTestName$1.evaluate(TestRuleThreadAndTestName.java:48)
		at org.apache.lucene.util.TestRuleIgnoreAfterMaxFailures$1.evaluate(TestRuleIgnoreAfterMaxFailures.java:70)
		at org.apache.lucene.util.TestRuleMarkFailure$1.evaluate(TestRuleMarkFailure.java:48)
		at com.carrotsearch.randomizedtesting.rules.StatementAdapter.evaluate(StatementAdapter.java:36)
		at com.carrotsearch.randomizedtesting.ThreadLeakControl$StatementRunner.run(ThreadLeakControl.java:345)
		at com.carrotsearch.randomizedtesting.ThreadLeakControl.forkTimeoutingTask(ThreadLeakControl.java:769)
		at com.carrotsearch.randomizedtesting.ThreadLeakControl$3.evaluate(ThreadLeakControl.java:429)
		at com.carrotsearch.randomizedtesting.RandomizedRunner.runSingleTest(RandomizedRunner.java:746)
		at com.carrotsearch.randomizedtesting.RandomizedRunner$3.evaluate(RandomizedRunner.java:648)
		at com.carrotsearch.randomizedtesting.RandomizedRunner$4.evaluate(RandomizedRunner.java:682)
		at com.carrotsearch.randomizedtesting.RandomizedRunner$5.evaluate(RandomizedRunner.java:693)
		at com.carrotsearch.randomizedtesting.rules.StatementAdapter.evaluate(StatementAdapter.java:36)
		at com.carrotsearch.randomizedtesting.rules.SystemPropertiesRestoreRule$1.evaluate(SystemPropertiesRestoreRule.java:53)
		at org.apache.lucene.util.AbstractBeforeAfterRule$1.evaluate(AbstractBeforeAfterRule.java:45)
		at org.apache.lucene.util.TestRuleStoreClassName$1.evaluate(TestRuleStoreClassName.java:42)
		at com.carrotsearch.randomizedtesting.rules.SystemPropertiesInvariantRule$1.evaluate(SystemPropertiesInvariantRule.java:55)
		at com.carrotsearch.randomizedtesting.rules.NoShadowingOrOverridesOnMethodsRule$1.evaluate(NoShadowingOrOverridesOnMethodsRule.java:39)
		at com.carrotsearch.randomizedtesting.rules.NoShadowingOrOverridesOnMethodsRule$1.evaluate(NoShadowingOrOverridesOnMethodsRule.java:39)
		at org.apache.lucene.util.TestRuleAssertionsRequired$1.evaluate(TestRuleAssertionsRequired.java:40)
		at org.apache.lucene.util.TestRuleMarkFailure$1.evaluate(TestRuleMarkFailure.java:48)
		at org.apache.lucene.util.TestRuleIgnoreAfterMaxFailures$1.evaluate(TestRuleIgnoreAfterMaxFailures.java:70)
		at org.apache.lucene.util.TestRuleIgnoreTestSuites$1.evaluate(TestRuleIgnoreTestSuites.java:55)
		at com.carrotsearch.randomizedtesting.rules.StatementAdapter.evaluate(StatementAdapter.java:36)
		at com.carrotsearch.randomizedtesting.ThreadLeakControl$StatementRunner.run(ThreadLeakControl.java:345)
		at java.lang.Thread.run(Thread.java:679)
	
2349 T2900 C6 oasc.SolrException.log SEVERE org.apache.solr.common.SolrException: range facet infinite loop: gap is either zero, or too small relative start/end and caused underflow: 23 + 0 = 23
		at org.apache.solr.request.SimpleFacets.getFacetRangeCounts(SimpleFacets.java:1122)
		at org.apache.solr.request.SimpleFacets.getFacetRangeCounts(SimpleFacets.java:1074)
		at org.apache.solr.request.SimpleFacets.getFacetRangeCounts(SimpleFacets.java:1018)
		at org.apache.solr.request.SimpleFacets.getFacetCounts(SimpleFacets.java:208)
		at org.apache.solr.handler.component.FacetComponent.process(FacetComponent.java:87)
		at org.apache.solr.handler.component.SearchHandler.handleRequestBody(SearchHandler.java:206)
		at org.apache.solr.handler.RequestHandlerBase.handleRequest(RequestHandlerBase.java:129)
		at org.apache.solr.core.SolrCore.execute(SolrCore.java:1692)
		at org.apache.solr.util.TestHarness.query(TestHarness.java:351)
		at org.apache.solr.util.TestHarness.query(TestHarness.java:333)
		at org.apache.solr.SolrTestCaseJ4.assertQEx(SolrTestCaseJ4.java:601)
		at org.apache.solr.request.SimpleFacetsTest.testRangeFacetInfiniteLoopDetection(SimpleFacetsTest.java:2018)
		at sun.reflect.NativeMethodAccessorImpl.invoke0(Native Method)
		at sun.reflect.NativeMethodAccessorImpl.invoke(NativeMethodAccessorImpl.java:57)
		at sun.reflect.DelegatingMethodAccessorImpl.invoke(DelegatingMethodAccessorImpl.java:43)
		at java.lang.reflect.Method.invoke(Method.java:616)
		at com.carrotsearch.randomizedtesting.RandomizedRunner.invoke(RandomizedRunner.java:1559)
		at com.carrotsearch.randomizedtesting.RandomizedRunner.access$600(RandomizedRunner.java:79)
		at com.carrotsearch.randomizedtesting.RandomizedRunner$6.evaluate(RandomizedRunner.java:737)
		at com.carrotsearch.randomizedtesting.RandomizedRunner$7.evaluate(RandomizedRunner.java:773)
		at com.carrotsearch.randomizedtesting.RandomizedRunner$8.evaluate(RandomizedRunner.java:787)
		at com.carrotsearch.randomizedtesting.rules.SystemPropertiesRestoreRule$1.evaluate(SystemPropertiesRestoreRule.java:53)
		at org.apache.lucene.util.TestRuleSetupTeardownChained$1.evaluate(TestRuleSetupTeardownChained.java:50)
		at org.apache.lucene.util.TestRuleFieldCacheSanity$1.evaluate(TestRuleFieldCacheSanity.java:51)
		at org.apache.lucene.util.AbstractBeforeAfterRule$1.evaluate(AbstractBeforeAfterRule.java:45)
		at com.carrotsearch.randomizedtesting.rules.SystemPropertiesInvariantRule$1.evaluate(SystemPropertiesInvariantRule.java:55)
		at org.apache.lucene.util.TestRuleThreadAndTestName$1.evaluate(TestRuleThreadAndTestName.java:48)
		at org.apache.lucene.util.TestRuleIgnoreAfterMaxFailures$1.evaluate(TestRuleIgnoreAfterMaxFailures.java:70)
		at org.apache.lucene.util.TestRuleMarkFailure$1.evaluate(TestRuleMarkFailure.java:48)
		at com.carrotsearch.randomizedtesting.rules.StatementAdapter.evaluate(StatementAdapter.java:36)
		at com.carrotsearch.randomizedtesting.ThreadLeakControl$StatementRunner.run(ThreadLeakControl.java:345)
		at com.carrotsearch.randomizedtesting.ThreadLeakControl.forkTimeoutingTask(ThreadLeakControl.java:769)
		at com.carrotsearch.randomizedtesting.ThreadLeakControl$3.evaluate(ThreadLeakControl.java:429)
		at com.carrotsearch.randomizedtesting.RandomizedRunner.runSingleTest(RandomizedRunner.java:746)
		at com.carrotsearch.randomizedtesting.RandomizedRunner$3.evaluate(RandomizedRunner.java:648)
		at com.carrotsearch.randomizedtesting.RandomizedRunner$4.evaluate(RandomizedRunner.java:682)
		at com.carrotsearch.randomizedtesting.RandomizedRunner$5.evaluate(RandomizedRunner.java:693)
		at com.carrotsearch.randomizedtesting.rules.StatementAdapter.evaluate(StatementAdapter.java:36)
		at com.carrotsearch.randomizedtesting.rules.SystemPropertiesRestoreRule$1.evaluate(SystemPropertiesRestoreRule.java:53)
		at org.apache.lucene.util.AbstractBeforeAfterRule$1.evaluate(AbstractBeforeAfterRule.java:45)
		at org.apache.lucene.util.TestRuleStoreClassName$1.evaluate(TestRuleStoreClassName.java:42)
		at com.carrotsearch.randomizedtesting.rules.SystemPropertiesInvariantRule$1.evaluate(SystemPropertiesInvariantRule.java:55)
		at com.carrotsearch.randomizedtesting.rules.NoShadowingOrOverridesOnMethodsRule$1.evaluate(NoShadowingOrOverridesOnMethodsRule.java:39)
		at com.carrotsearch.randomizedtesting.rules.NoShadowingOrOverridesOnMethodsRule$1.evaluate(NoShadowingOrOverridesOnMethodsRule.java:39)
		at org.apache.lucene.util.TestRuleAssertionsRequired$1.evaluate(TestRuleAssertionsRequired.java:40)
		at org.apache.lucene.util.TestRuleMarkFailure$1.evaluate(TestRuleMarkFailure.java:48)
		at org.apache.lucene.util.TestRuleIgnoreAfterMaxFailures$1.evaluate(TestRuleIgnoreAfterMaxFailures.java:70)
		at org.apache.lucene.util.TestRuleIgnoreTestSuites$1.evaluate(TestRuleIgnoreTestSuites.java:55)
		at com.carrotsearch.randomizedtesting.rules.StatementAdapter.evaluate(StatementAdapter.java:36)
		at com.carrotsearch.randomizedtesting.ThreadLeakControl$StatementRunner.run(ThreadLeakControl.java:345)
		at java.lang.Thread.run(Thread.java:679)
	
2350 T2900 C6 oasc.SolrException.log SEVERE org.apache.solr.common.SolrException: date facet infinite loop: gap is effectively zero
		at org.apache.solr.request.SimpleFacets.getFacetDateCounts(SimpleFacets.java:928)
		at org.apache.solr.request.SimpleFacets.getFacetDateCounts(SimpleFacets.java:837)
		at org.apache.solr.request.SimpleFacets.getFacetCounts(SimpleFacets.java:207)
		at org.apache.solr.handler.component.FacetComponent.process(FacetComponent.java:87)
		at org.apache.solr.handler.component.SearchHandler.handleRequestBody(SearchHandler.java:206)
		at org.apache.solr.handler.RequestHandlerBase.handleRequest(RequestHandlerBase.java:129)
		at org.apache.solr.core.SolrCore.execute(SolrCore.java:1692)
		at org.apache.solr.util.TestHarness.query(TestHarness.java:351)
		at org.apache.solr.util.TestHarness.query(TestHarness.java:333)
		at org.apache.solr.SolrTestCaseJ4.assertQEx(SolrTestCaseJ4.java:601)
		at org.apache.solr.request.SimpleFacetsTest.testRangeFacetInfiniteLoopDetection(SimpleFacetsTest.java:2029)
		at sun.reflect.NativeMethodAccessorImpl.invoke0(Native Method)
		at sun.reflect.NativeMethodAccessorImpl.invoke(NativeMethodAccessorImpl.java:57)
		at sun.reflect.DelegatingMethodAccessorImpl.invoke(DelegatingMethodAccessorImpl.java:43)
		at java.lang.reflect.Method.invoke(Method.java:616)
		at com.carrotsearch.randomizedtesting.RandomizedRunner.invoke(RandomizedRunner.java:1559)
		at com.carrotsearch.randomizedtesting.RandomizedRunner.access$600(RandomizedRunner.java:79)
		at com.carrotsearch.randomizedtesting.RandomizedRunner$6.evaluate(RandomizedRunner.java:737)
		at com.carrotsearch.randomizedtesting.RandomizedRunner$7.evaluate(RandomizedRunner.java:773)
		at com.carrotsearch.randomizedtesting.RandomizedRunner$8.evaluate(RandomizedRunner.java:787)
		at com.carrotsearch.randomizedtesting.rules.SystemPropertiesRestoreRule$1.evaluate(SystemPropertiesRestoreRule.java:53)
		at org.apache.lucene.util.TestRuleSetupTeardownChained$1.evaluate(TestRuleSetupTeardownChained.java:50)
		at org.apache.lucene.util.TestRuleFieldCacheSanity$1.evaluate(TestRuleFieldCacheSanity.java:51)
		at org.apache.lucene.util.AbstractBeforeAfterRule$1.evaluate(AbstractBeforeAfterRule.java:45)
		at com.carrotsearch.randomizedtesting.rules.SystemPropertiesInvariantRule$1.evaluate(SystemPropertiesInvariantRule.java:55)
		at org.apache.lucene.util.TestRuleThreadAndTestName$1.evaluate(TestRuleThreadAndTestName.java:48)
		at org.apache.lucene.util.TestRuleIgnoreAfterMaxFailures$1.evaluate(TestRuleIgnoreAfterMaxFailures.java:70)
		at org.apache.lucene.util.TestRuleMarkFailure$1.evaluate(TestRuleMarkFailure.java:48)
		at com.carrotsearch.randomizedtesting.rules.StatementAdapter.evaluate(StatementAdapter.java:36)
		at com.carrotsearch.randomizedtesting.ThreadLeakControl$StatementRunner.run(ThreadLeakControl.java:345)
		at com.carrotsearch.randomizedtesting.ThreadLeakControl.forkTimeoutingTask(ThreadLeakControl.java:769)
		at com.carrotsearch.randomizedtesting.ThreadLeakControl$3.evaluate(ThreadLeakControl.java:429)
		at com.carrotsearch.randomizedtesting.RandomizedRunner.runSingleTest(RandomizedRunner.java:746)
		at com.carrotsearch.randomizedtesting.RandomizedRunner$3.evaluate(RandomizedRunner.java:648)
		at com.carrotsearch.randomizedtesting.RandomizedRunner$4.evaluate(RandomizedRunner.java:682)
		at com.carrotsearch.randomizedtesting.RandomizedRunner$5.evaluate(RandomizedRunner.java:693)
		at com.carrotsearch.randomizedtesting.rules.StatementAdapter.evaluate(StatementAdapter.java:36)
		at com.carrotsearch.randomizedtesting.rules.SystemPropertiesRestoreRule$1.evaluate(SystemPropertiesRestoreRule.java:53)
		at org.apache.lucene.util.AbstractBeforeAfterRule$1.evaluate(AbstractBeforeAfterRule.java:45)
		at org.apache.lucene.util.TestRuleStoreClassName$1.evaluate(TestRuleStoreClassName.java:42)
		at com.carrotsearch.randomizedtesting.rules.SystemPropertiesInvariantRule$1.evaluate(SystemPropertiesInvariantRule.java:55)
		at com.carrotsearch.randomizedtesting.rules.NoShadowingOrOverridesOnMethodsRule$1.evaluate(NoShadowingOrOverridesOnMethodsRule.java:39)
		at com.carrotsearch.randomizedtesting.rules.NoShadowingOrOverridesOnMethodsRule$1.evaluate(NoShadowingOrOverridesOnMethodsRule.java:39)
		at org.apache.lucene.util.TestRuleAssertionsRequired$1.evaluate(TestRuleAssertionsRequired.java:40)
		at org.apache.lucene.util.TestRuleMarkFailure$1.evaluate(TestRuleMarkFailure.java:48)
		at org.apache.lucene.util.TestRuleIgnoreAfterMaxFailures$1.evaluate(TestRuleIgnoreAfterMaxFailures.java:70)
		at org.apache.lucene.util.TestRuleIgnoreTestSuites$1.evaluate(TestRuleIgnoreTestSuites.java:55)
		at com.carrotsearch.randomizedtesting.rules.StatementAdapter.evaluate(StatementAdapter.java:36)
		at com.carrotsearch.randomizedtesting.ThreadLeakControl$StatementRunner.run(ThreadLeakControl.java:345)
		at java.lang.Thread.run(Thread.java:679)
	
2351 T2900 C6 oasc.SolrException.log SEVERE org.apache.solr.common.SolrException: range facet infinite loop: gap is either zero, or too small relative start/end and caused underflow: Thu Aug 30 18:52:18 GMT-04:00 2012 + +0DAYS = Thu Aug 30 18:52:18 GMT-04:00 2012
		at org.apache.solr.request.SimpleFacets.getFacetRangeCounts(SimpleFacets.java:1122)
		at org.apache.solr.request.SimpleFacets.getFacetRangeCounts(SimpleFacets.java:1074)
		at org.apache.solr.request.SimpleFacets.getFacetRangeCounts(SimpleFacets.java:1018)
		at org.apache.solr.request.SimpleFacets.getFacetCounts(SimpleFacets.java:208)
		at org.apache.solr.handler.component.FacetComponent.process(FacetComponent.java:87)
		at org.apache.solr.handler.component.SearchHandler.handleRequestBody(SearchHandler.java:206)
		at org.apache.solr.handler.RequestHandlerBase.handleRequest(RequestHandlerBase.java:129)
		at org.apache.solr.core.SolrCore.execute(SolrCore.java:1692)
		at org.apache.solr.util.TestHarness.query(TestHarness.java:351)
		at org.apache.solr.util.TestHarness.query(TestHarness.java:333)
		at org.apache.solr.SolrTestCaseJ4.assertQEx(SolrTestCaseJ4.java:601)
		at org.apache.solr.request.SimpleFacetsTest.testRangeFacetInfiniteLoopDetection(SimpleFacetsTest.java:2029)
		at sun.reflect.NativeMethodAccessorImpl.invoke0(Native Method)
		at sun.reflect.NativeMethodAccessorImpl.invoke(NativeMethodAccessorImpl.java:57)
		at sun.reflect.DelegatingMethodAccessorImpl.invoke(DelegatingMethodAccessorImpl.java:43)
		at java.lang.reflect.Method.invoke(Method.java:616)
		at com.carrotsearch.randomizedtesting.RandomizedRunner.invoke(RandomizedRunner.java:1559)
		at com.carrotsearch.randomizedtesting.RandomizedRunner.access$600(RandomizedRunner.java:79)
		at com.carrotsearch.randomizedtesting.RandomizedRunner$6.evaluate(RandomizedRunner.java:737)
		at com.carrotsearch.randomizedtesting.RandomizedRunner$7.evaluate(RandomizedRunner.java:773)
		at com.carrotsearch.randomizedtesting.RandomizedRunner$8.evaluate(RandomizedRunner.java:787)
		at com.carrotsearch.randomizedtesting.rules.SystemPropertiesRestoreRule$1.evaluate(SystemPropertiesRestoreRule.java:53)
		at org.apache.lucene.util.TestRuleSetupTeardownChained$1.evaluate(TestRuleSetupTeardownChained.java:50)
		at org.apache.lucene.util.TestRuleFieldCacheSanity$1.evaluate(TestRuleFieldCacheSanity.java:51)
		at org.apache.lucene.util.AbstractBeforeAfterRule$1.evaluate(AbstractBeforeAfterRule.java:45)
		at com.carrotsearch.randomizedtesting.rules.SystemPropertiesInvariantRule$1.evaluate(SystemPropertiesInvariantRule.java:55)
		at org.apache.lucene.util.TestRuleThreadAndTestName$1.evaluate(TestRuleThreadAndTestName.java:48)
		at org.apache.lucene.util.TestRuleIgnoreAfterMaxFailures$1.evaluate(TestRuleIgnoreAfterMaxFailures.java:70)
		at org.apache.lucene.util.TestRuleMarkFailure$1.evaluate(TestRuleMarkFailure.java:48)
		at com.carrotsearch.randomizedtesting.rules.StatementAdapter.evaluate(StatementAdapter.java:36)
		at com.carrotsearch.randomizedtesting.ThreadLeakControl$StatementRunner.run(ThreadLeakControl.java:345)
		at com.carrotsearch.randomizedtesting.ThreadLeakControl.forkTimeoutingTask(ThreadLeakControl.java:769)
		at com.carrotsearch.randomizedtesting.ThreadLeakControl$3.evaluate(ThreadLeakControl.java:429)
		at com.carrotsearch.randomizedtesting.RandomizedRunner.runSingleTest(RandomizedRunner.java:746)
		at com.carrotsearch.randomizedtesting.RandomizedRunner$3.evaluate(RandomizedRunner.java:648)
		at com.carrotsearch.randomizedtesting.RandomizedRunner$4.evaluate(RandomizedRunner.java:682)
		at com.carrotsearch.randomizedtesting.RandomizedRunner$5.evaluate(RandomizedRunner.java:693)
		at com.carrotsearch.randomizedtesting.rules.StatementAdapter.evaluate(StatementAdapter.java:36)
		at com.carrotsearch.randomizedtesting.rules.SystemPropertiesRestoreRule$1.evaluate(SystemPropertiesRestoreRule.java:53)
		at org.apache.lucene.util.AbstractBeforeAfterRule$1.evaluate(AbstractBeforeAfterRule.java:45)
		at org.apache.lucene.util.TestRuleStoreClassName$1.evaluate(TestRuleStoreClassName.java:42)
		at com.carrotsearch.randomizedtesting.rules.SystemPropertiesInvariantRule$1.evaluate(SystemPropertiesInvariantRule.java:55)
		at com.carrotsearch.randomizedtesting.rules.NoShadowingOrOverridesOnMethodsRule$1.evaluate(NoShadowingOrOverridesOnMethodsRule.java:39)
		at com.carrotsearch.randomizedtesting.rules.NoShadowingOrOverridesOnMethodsRule$1.evaluate(NoShadowingOrOverridesOnMethodsRule.java:39)
		at org.apache.lucene.util.TestRuleAssertionsRequired$1.evaluate(TestRuleAssertionsRequired.java:40)
		at org.apache.lucene.util.TestRuleMarkFailure$1.evaluate(TestRuleMarkFailure.java:48)
		at org.apache.lucene.util.TestRuleIgnoreAfterMaxFailures$1.evaluate(TestRuleIgnoreAfterMaxFailures.java:70)
		at org.apache.lucene.util.TestRuleIgnoreTestSuites$1.evaluate(TestRuleIgnoreTestSuites.java:55)
		at com.carrotsearch.randomizedtesting.rules.StatementAdapter.evaluate(StatementAdapter.java:36)
		at com.carrotsearch.randomizedtesting.ThreadLeakControl$StatementRunner.run(ThreadLeakControl.java:345)
		at java.lang.Thread.run(Thread.java:679)
	
2353 T2900 C6 oasc.SolrException.log SEVERE org.apache.solr.common.SolrException: date facet infinite loop: gap is effectively zero
		at org.apache.solr.request.SimpleFacets.getFacetDateCounts(SimpleFacets.java:928)
		at org.apache.solr.request.SimpleFacets.getFacetDateCounts(SimpleFacets.java:837)
		at org.apache.solr.request.SimpleFacets.getFacetCounts(SimpleFacets.java:207)
		at org.apache.solr.handler.component.FacetComponent.process(FacetComponent.java:87)
		at org.apache.solr.handler.component.SearchHandler.handleRequestBody(SearchHandler.java:206)
		at org.apache.solr.handler.RequestHandlerBase.handleRequest(RequestHandlerBase.java:129)
		at org.apache.solr.core.SolrCore.execute(SolrCore.java:1692)
		at org.apache.solr.util.TestHarness.query(TestHarness.java:351)
		at org.apache.solr.util.TestHarness.query(TestHarness.java:333)
		at org.apache.solr.SolrTestCaseJ4.assertQEx(SolrTestCaseJ4.java:601)
		at org.apache.solr.request.SimpleFacetsTest.testRangeFacetInfiniteLoopDetection(SimpleFacetsTest.java:2029)
		at sun.reflect.NativeMethodAccessorImpl.invoke0(Native Method)
		at sun.reflect.NativeMethodAccessorImpl.invoke(NativeMethodAccessorImpl.java:57)
		at sun.reflect.DelegatingMethodAccessorImpl.invoke(DelegatingMethodAccessorImpl.java:43)
		at java.lang.reflect.Method.invoke(Method.java:616)
		at com.carrotsearch.randomizedtesting.RandomizedRunner.invoke(RandomizedRunner.java:1559)
		at com.carrotsearch.randomizedtesting.RandomizedRunner.access$600(RandomizedRunner.java:79)
		at com.carrotsearch.randomizedtesting.RandomizedRunner$6.evaluate(RandomizedRunner.java:737)
		at com.carrotsearch.randomizedtesting.RandomizedRunner$7.evaluate(RandomizedRunner.java:773)
		at com.carrotsearch.randomizedtesting.RandomizedRunner$8.evaluate(RandomizedRunner.java:787)
		at com.carrotsearch.randomizedtesting.rules.SystemPropertiesRestoreRule$1.evaluate(SystemPropertiesRestoreRule.java:53)
		at org.apache.lucene.util.TestRuleSetupTeardownChained$1.evaluate(TestRuleSetupTeardownChained.java:50)
		at org.apache.lucene.util.TestRuleFieldCacheSanity$1.evaluate(TestRuleFieldCacheSanity.java:51)
		at org.apache.lucene.util.AbstractBeforeAfterRule$1.evaluate(AbstractBeforeAfterRule.java:45)
		at com.carrotsearch.randomizedtesting.rules.SystemPropertiesInvariantRule$1.evaluate(SystemPropertiesInvariantRule.java:55)
		at org.apache.lucene.util.TestRuleThreadAndTestName$1.evaluate(TestRuleThreadAndTestName.java:48)
		at org.apache.lucene.util.TestRuleIgnoreAfterMaxFailures$1.evaluate(TestRuleIgnoreAfterMaxFailures.java:70)
		at org.apache.lucene.util.TestRuleMarkFailure$1.evaluate(TestRuleMarkFailure.java:48)
		at com.carrotsearch.randomizedtesting.rules.StatementAdapter.evaluate(StatementAdapter.java:36)
		at com.carrotsearch.randomizedtesting.ThreadLeakControl$StatementRunner.run(ThreadLeakControl.java:345)
		at com.carrotsearch.randomizedtesting.ThreadLeakControl.forkTimeoutingTask(ThreadLeakControl.java:769)
		at com.carrotsearch.randomizedtesting.ThreadLeakControl$3.evaluate(ThreadLeakControl.java:429)
		at com.carrotsearch.randomizedtesting.RandomizedRunner.runSingleTest(RandomizedRunner.java:746)
		at com.carrotsearch.randomizedtesting.RandomizedRunner$3.evaluate(RandomizedRunner.java:648)
		at com.carrotsearch.randomizedtesting.RandomizedRunner$4.evaluate(RandomizedRunner.java:682)
		at com.carrotsearch.randomizedtesting.RandomizedRunner$5.evaluate(RandomizedRunner.java:693)
		at com.carrotsearch.randomizedtesting.rules.StatementAdapter.evaluate(StatementAdapter.java:36)
		at com.carrotsearch.randomizedtesting.rules.SystemPropertiesRestoreRule$1.evaluate(SystemPropertiesRestoreRule.java:53)
		at org.apache.lucene.util.AbstractBeforeAfterRule$1.evaluate(AbstractBeforeAfterRule.java:45)
		at org.apache.lucene.util.TestRuleStoreClassName$1.evaluate(TestRuleStoreClassName.java:42)
		at com.carrotsearch.randomizedtesting.rules.SystemPropertiesInvariantRule$1.evaluate(SystemPropertiesInvariantRule.java:55)
		at com.carrotsearch.randomizedtesting.rules.NoShadowingOrOverridesOnMethodsRule$1.evaluate(NoShadowingOrOverridesOnMethodsRule.java:39)
		at com.carrotsearch.randomizedtesting.rules.NoShadowingOrOverridesOnMethodsRule$1.evaluate(NoShadowingOrOverridesOnMethodsRule.java:39)
		at org.apache.lucene.util.TestRuleAssertionsRequired$1.evaluate(TestRuleAssertionsRequired.java:40)
		at org.apache.lucene.util.TestRuleMarkFailure$1.evaluate(TestRuleMarkFailure.java:48)
		at org.apache.lucene.util.TestRuleIgnoreAfterMaxFailures$1.evaluate(TestRuleIgnoreAfterMaxFailures.java:70)
		at org.apache.lucene.util.TestRuleIgnoreTestSuites$1.evaluate(TestRuleIgnoreTestSuites.java:55)
		at com.carrotsearch.randomizedtesting.rules.StatementAdapter.evaluate(StatementAdapter.java:36)
		at com.carrotsearch.randomizedtesting.ThreadLeakControl$StatementRunner.run(ThreadLeakControl.java:345)
		at java.lang.Thread.run(Thread.java:679)
	
2354 T2900 C6 oasc.SolrException.log SEVERE org.apache.solr.common.SolrException: range facet infinite loop: gap is either zero, or too small relative start/end and caused underflow: Thu Aug 30 18:52:18 GMT-04:00 2012 + +0DAYS = Thu Aug 30 18:52:18 GMT-04:00 2012
		at org.apache.solr.request.SimpleFacets.getFacetRangeCounts(SimpleFacets.java:1122)
		at org.apache.solr.request.SimpleFacets.getFacetRangeCounts(SimpleFacets.java:1074)
		at org.apache.solr.request.SimpleFacets.getFacetRangeCounts(SimpleFacets.java:1018)
		at org.apache.solr.request.SimpleFacets.getFacetCounts(SimpleFacets.java:208)
		at org.apache.solr.handler.component.FacetComponent.process(FacetComponent.java:87)
		at org.apache.solr.handler.component.SearchHandler.handleRequestBody(SearchHandler.java:206)
		at org.apache.solr.handler.RequestHandlerBase.handleRequest(RequestHandlerBase.java:129)
		at org.apache.solr.core.SolrCore.execute(SolrCore.java:1692)
		at org.apache.solr.util.TestHarness.query(TestHarness.java:351)
		at org.apache.solr.util.TestHarness.query(TestHarness.java:333)
		at org.apache.solr.SolrTestCaseJ4.assertQEx(SolrTestCaseJ4.java:601)
		at org.apache.solr.request.SimpleFacetsTest.testRangeFacetInfiniteLoopDetection(SimpleFacetsTest.java:2029)
		at sun.reflect.NativeMethodAccessorImpl.invoke0(Native Method)
		at sun.reflect.NativeMethodAccessorImpl.invoke(NativeMethodAccessorImpl.java:57)
		at sun.reflect.DelegatingMethodAccessorImpl.invoke(DelegatingMethodAccessorImpl.java:43)
		at java.lang.reflect.Method.invoke(Method.java:616)
		at com.carrotsearch.randomizedtesting.RandomizedRunner.invoke(RandomizedRunner.java:1559)
		at com.carrotsearch.randomizedtesting.RandomizedRunner.access$600(RandomizedRunner.java:79)
		at com.carrotsearch.randomizedtesting.RandomizedRunner$6.evaluate(RandomizedRunner.java:737)
		at com.carrotsearch.randomizedtesting.RandomizedRunner$7.evaluate(RandomizedRunner.java:773)
		at com.carrotsearch.randomizedtesting.RandomizedRunner$8.evaluate(RandomizedRunner.java:787)
		at com.carrotsearch.randomizedtesting.rules.SystemPropertiesRestoreRule$1.evaluate(SystemPropertiesRestoreRule.java:53)
		at org.apache.lucene.util.TestRuleSetupTeardownChained$1.evaluate(TestRuleSetupTeardownChained.java:50)
		at org.apache.lucene.util.TestRuleFieldCacheSanity$1.evaluate(TestRuleFieldCacheSanity.java:51)
		at org.apache.lucene.util.AbstractBeforeAfterRule$1.evaluate(AbstractBeforeAfterRule.java:45)
		at com.carrotsearch.randomizedtesting.rules.SystemPropertiesInvariantRule$1.evaluate(SystemPropertiesInvariantRule.java:55)
		at org.apache.lucene.util.TestRuleThreadAndTestName$1.evaluate(TestRuleThreadAndTestName.java:48)
		at org.apache.lucene.util.TestRuleIgnoreAfterMaxFailures$1.evaluate(TestRuleIgnoreAfterMaxFailures.java:70)
		at org.apache.lucene.util.TestRuleMarkFailure$1.evaluate(TestRuleMarkFailure.java:48)
		at com.carrotsearch.randomizedtesting.rules.StatementAdapter.evaluate(StatementAdapter.java:36)
		at com.carrotsearch.randomizedtesting.ThreadLeakControl$StatementRunner.run(ThreadLeakControl.java:345)
		at com.carrotsearch.randomizedtesting.ThreadLeakControl.forkTimeoutingTask(ThreadLeakControl.java:769)
		at com.carrotsearch.randomizedtesting.ThreadLeakControl$3.evaluate(ThreadLeakControl.java:429)
		at com.carrotsearch.randomizedtesting.RandomizedRunner.runSingleTest(RandomizedRunner.java:746)
		at com.carrotsearch.randomizedtesting.RandomizedRunner$3.evaluate(RandomizedRunner.java:648)
		at com.carrotsearch.randomizedtesting.RandomizedRunner$4.evaluate(RandomizedRunner.java:682)
		at com.carrotsearch.randomizedtesting.RandomizedRunner$5.evaluate(RandomizedRunner.java:693)
		at com.carrotsearch.randomizedtesting.rules.StatementAdapter.evaluate(StatementAdapter.java:36)
		at com.carrotsearch.randomizedtesting.rules.SystemPropertiesRestoreRule$1.evaluate(SystemPropertiesRestoreRule.java:53)
		at org.apache.lucene.util.AbstractBeforeAfterRule$1.evaluate(AbstractBeforeAfterRule.java:45)
		at org.apache.lucene.util.TestRuleStoreClassName$1.evaluate(TestRuleStoreClassName.java:42)
		at com.carrotsearch.randomizedtesting.rules.SystemPropertiesInvariantRule$1.evaluate(SystemPropertiesInvariantRule.java:55)
		at com.carrotsearch.randomizedtesting.rules.NoShadowingOrOverridesOnMethodsRule$1.evaluate(NoShadowingOrOverridesOnMethodsRule.java:39)
		at com.carrotsearch.randomizedtesting.rules.NoShadowingOrOverridesOnMethodsRule$1.evaluate(NoShadowingOrOverridesOnMethodsRule.java:39)
		at org.apache.lucene.util.TestRuleAssertionsRequired$1.evaluate(TestRuleAssertionsRequired.java:40)
		at org.apache.lucene.util.TestRuleMarkFailure$1.evaluate(TestRuleMarkFailure.java:48)
		at org.apache.lucene.util.TestRuleIgnoreAfterMaxFailures$1.evaluate(TestRuleIgnoreAfterMaxFailures.java:70)
		at org.apache.lucene.util.TestRuleIgnoreTestSuites$1.evaluate(TestRuleIgnoreTestSuites.java:55)
		at com.carrotsearch.randomizedtesting.rules.StatementAdapter.evaluate(StatementAdapter.java:36)
		at com.carrotsearch.randomizedtesting.ThreadLeakControl$StatementRunner.run(ThreadLeakControl.java:345)
		at java.lang.Thread.run(Thread.java:679)
	
2355 T2900 C6 oasc.SolrException.log SEVERE org.apache.solr.common.SolrException: range facet infinite loop: gap is either zero, or too small relative start/end and caused underflow: 9.9999998E10 + 2160 = 9.9999998E10
		at org.apache.solr.request.SimpleFacets.getFacetRangeCounts(SimpleFacets.java:1122)
		at org.apache.solr.request.SimpleFacets.getFacetRangeCounts(SimpleFacets.java:1074)
		at org.apache.solr.request.SimpleFacets.getFacetRangeCounts(SimpleFacets.java:1018)
		at org.apache.solr.request.SimpleFacets.getFacetCounts(SimpleFacets.java:208)
		at org.apache.solr.handler.component.FacetComponent.process(FacetComponent.java:87)
		at org.apache.solr.handler.component.SearchHandler.handleRequestBody(SearchHandler.java:206)
		at org.apache.solr.handler.RequestHandlerBase.handleRequest(RequestHandlerBase.java:129)
		at org.apache.solr.core.SolrCore.execute(SolrCore.java:1692)
		at org.apache.solr.util.TestHarness.query(TestHarness.java:351)
		at org.apache.solr.util.TestHarness.query(TestHarness.java:333)
		at org.apache.solr.SolrTestCaseJ4.assertQEx(SolrTestCaseJ4.java:601)
		at org.apache.solr.request.SimpleFacetsTest.testRangeFacetInfiniteLoopDetection(SimpleFacetsTest.java:2041)
		at sun.reflect.NativeMethodAccessorImpl.invoke0(Native Method)
		at sun.reflect.NativeMethodAccessorImpl.invoke(NativeMethodAccessorImpl.java:57)
		at sun.reflect.DelegatingMethodAccessorImpl.invoke(DelegatingMethodAccessorImpl.java:43)
		at java.lang.reflect.Method.invoke(Method.java:616)
		at com.carrotsearch.randomizedtesting.RandomizedRunner.invoke(RandomizedRunner.java:1559)
		at com.carrotsearch.randomizedtesting.RandomizedRunner.access$600(RandomizedRunner.java:79)
		at com.carrotsearch.randomizedtesting.RandomizedRunner$6.evaluate(RandomizedRunner.java:737)
		at com.carrotsearch.randomizedtesting.RandomizedRunner$7.evaluate(RandomizedRunner.java:773)
		at com.carrotsearch.randomizedtesting.RandomizedRunner$8.evaluate(RandomizedRunner.java:787)
		at com.carrotsearch.randomizedtesting.rules.SystemPropertiesRestoreRule$1.evaluate(SystemPropertiesRestoreRule.java:53)
		at org.apache.lucene.util.TestRuleSetupTeardownChained$1.evaluate(TestRuleSetupTeardownChained.java:50)
		at org.apache.lucene.util.TestRuleFieldCacheSanity$1.evaluate(TestRuleFieldCacheSanity.java:51)
		at org.apache.lucene.util.AbstractBeforeAfterRule$1.evaluate(AbstractBeforeAfterRule.java:45)
		at com.carrotsearch.randomizedtesting.rules.SystemPropertiesInvariantRule$1.evaluate(SystemPropertiesInvariantRule.java:55)
		at org.apache.lucene.util.TestRuleThreadAndTestName$1.evaluate(TestRuleThreadAndTestName.java:48)
		at org.apache.lucene.util.TestRuleIgnoreAfterMaxFailures$1.evaluate(TestRuleIgnoreAfterMaxFailures.java:70)
		at org.apache.lucene.util.TestRuleMarkFailure$1.evaluate(TestRuleMarkFailure.java:48)
		at com.carrotsearch.randomizedtesting.rules.StatementAdapter.evaluate(StatementAdapter.java:36)
		at com.carrotsearch.randomizedtesting.ThreadLeakControl$StatementRunner.run(ThreadLeakControl.java:345)
		at com.carrotsearch.randomizedtesting.ThreadLeakControl.forkTimeoutingTask(ThreadLeakControl.java:769)
		at com.carrotsearch.randomizedtesting.ThreadLeakControl$3.evaluate(ThreadLeakControl.java:429)
		at com.carrotsearch.randomizedtesting.RandomizedRunner.runSingleTest(RandomizedRunner.java:746)
		at com.carrotsearch.randomizedtesting.RandomizedRunner$3.evaluate(RandomizedRunner.java:648)
		at com.carrotsearch.randomizedtesting.RandomizedRunner$4.evaluate(RandomizedRunner.java:682)
		at com.carrotsearch.randomizedtesting.RandomizedRunner$5.evaluate(RandomizedRunner.java:693)
		at com.carrotsearch.randomizedtesting.rules.StatementAdapter.evaluate(StatementAdapter.java:36)
		at com.carrotsearch.randomizedtesting.rules.SystemPropertiesRestoreRule$1.evaluate(SystemPropertiesRestoreRule.java:53)
		at org.apache.lucene.util.AbstractBeforeAfterRule$1.evaluate(AbstractBeforeAfterRule.java:45)
		at org.apache.lucene.util.TestRuleStoreClassName$1.evaluate(TestRuleStoreClassName.java:42)
		at com.carrotsearch.randomizedtesting.rules.SystemPropertiesInvariantRule$1.evaluate(SystemPropertiesInvariantRule.java:55)
		at com.carrotsearch.randomizedtesting.rules.NoShadowingOrOverridesOnMethodsRule$1.evaluate(NoShadowingOrOverridesOnMethodsRule.java:39)
		at com.carrotsearch.randomizedtesting.rules.NoShadowingOrOverridesOnMethodsRule$1.evaluate(NoShadowingOrOverridesOnMethodsRule.java:39)
		at org.apache.lucene.util.TestRuleAssertionsRequired$1.evaluate(TestRuleAssertionsRequired.java:40)
		at org.apache.lucene.util.TestRuleMarkFailure$1.evaluate(TestRuleMarkFailure.java:48)
		at org.apache.lucene.util.TestRuleIgnoreAfterMaxFailures$1.evaluate(TestRuleIgnoreAfterMaxFailures.java:70)
		at org.apache.lucene.util.TestRuleIgnoreTestSuites$1.evaluate(TestRuleIgnoreTestSuites.java:55)
		at com.carrotsearch.randomizedtesting.rules.StatementAdapter.evaluate(StatementAdapter.java:36)
		at com.carrotsearch.randomizedtesting.ThreadLeakControl$StatementRunner.run(ThreadLeakControl.java:345)
		at java.lang.Thread.run(Thread.java:679)
	
2356 T2900 C6 oasc.SolrException.log SEVERE org.apache.solr.common.SolrException: range facet infinite loop: gap is either zero, or too small relative start/end and caused underflow: 9.9999998E10 + 2160 = 9.9999998E10
		at org.apache.solr.request.SimpleFacets.getFacetRangeCounts(SimpleFacets.java:1122)
		at org.apache.solr.request.SimpleFacets.getFacetRangeCounts(SimpleFacets.java:1074)
		at org.apache.solr.request.SimpleFacets.getFacetRangeCounts(SimpleFacets.java:1018)
		at org.apache.solr.request.SimpleFacets.getFacetCounts(SimpleFacets.java:208)
		at org.apache.solr.handler.component.FacetComponent.process(FacetComponent.java:87)
		at org.apache.solr.handler.component.SearchHandler.handleRequestBody(SearchHandler.java:206)
		at org.apache.solr.handler.RequestHandlerBase.handleRequest(RequestHandlerBase.java:129)
		at org.apache.solr.core.SolrCore.execute(SolrCore.java:1692)
		at org.apache.solr.util.TestHarness.query(TestHarness.java:351)
		at org.apache.solr.util.TestHarness.query(TestHarness.java:333)
		at org.apache.solr.SolrTestCaseJ4.assertQEx(SolrTestCaseJ4.java:601)
		at org.apache.solr.request.SimpleFacetsTest.testRangeFacetInfiniteLoopDetection(SimpleFacetsTest.java:2041)
		at sun.reflect.NativeMethodAccessorImpl.invoke0(Native Method)
		at sun.reflect.NativeMethodAccessorImpl.invoke(NativeMethodAccessorImpl.java:57)
		at sun.reflect.DelegatingMethodAccessorImpl.invoke(DelegatingMethodAccessorImpl.java:43)
		at java.lang.reflect.Method.invoke(Method.java:616)
		at com.carrotsearch.randomizedtesting.RandomizedRunner.invoke(RandomizedRunner.java:1559)
		at com.carrotsearch.randomizedtesting.RandomizedRunner.access$600(RandomizedRunner.java:79)
		at com.carrotsearch.randomizedtesting.RandomizedRunner$6.evaluate(RandomizedRunner.java:737)
		at com.carrotsearch.randomizedtesting.RandomizedRunner$7.evaluate(RandomizedRunner.java:773)
		at com.carrotsearch.randomizedtesting.RandomizedRunner$8.evaluate(RandomizedRunner.java:787)
		at com.carrotsearch.randomizedtesting.rules.SystemPropertiesRestoreRule$1.evaluate(SystemPropertiesRestoreRule.java:53)
		at org.apache.lucene.util.TestRuleSetupTeardownChained$1.evaluate(TestRuleSetupTeardownChained.java:50)
		at org.apache.lucene.util.TestRuleFieldCacheSanity$1.evaluate(TestRuleFieldCacheSanity.java:51)
		at org.apache.lucene.util.AbstractBeforeAfterRule$1.evaluate(AbstractBeforeAfterRule.java:45)
		at com.carrotsearch.randomizedtesting.rules.SystemPropertiesInvariantRule$1.evaluate(SystemPropertiesInvariantRule.java:55)
		at org.apache.lucene.util.TestRuleThreadAndTestName$1.evaluate(TestRuleThreadAndTestName.java:48)
		at org.apache.lucene.util.TestRuleIgnoreAfterMaxFailures$1.evaluate(TestRuleIgnoreAfterMaxFailures.java:70)
		at org.apache.lucene.util.TestRuleMarkFailure$1.evaluate(TestRuleMarkFailure.java:48)
		at com.carrotsearch.randomizedtesting.rules.StatementAdapter.evaluate(StatementAdapter.java:36)
		at com.carrotsearch.randomizedtesting.ThreadLeakControl$StatementRunner.run(ThreadLeakControl.java:345)
		at com.carrotsearch.randomizedtesting.ThreadLeakControl.forkTimeoutingTask(ThreadLeakControl.java:769)
		at com.carrotsearch.randomizedtesting.ThreadLeakControl$3.evaluate(ThreadLeakControl.java:429)
		at com.carrotsearch.randomizedtesting.RandomizedRunner.runSingleTest(RandomizedRunner.java:746)
		at com.carrotsearch.randomizedtesting.RandomizedRunner$3.evaluate(RandomizedRunner.java:648)
		at com.carrotsearch.randomizedtesting.RandomizedRunner$4.evaluate(RandomizedRunner.java:682)
		at com.carrotsearch.randomizedtesting.RandomizedRunner$5.evaluate(RandomizedRunner.java:693)
		at com.carrotsearch.randomizedtesting.rules.StatementAdapter.evaluate(StatementAdapter.java:36)
		at com.carrotsearch.randomizedtesting.rules.SystemPropertiesRestoreRule$1.evaluate(SystemPropertiesRestoreRule.java:53)
		at org.apache.lucene.util.AbstractBeforeAfterRule$1.evaluate(AbstractBeforeAfterRule.java:45)
		at org.apache.lucene.util.TestRuleStoreClassName$1.evaluate(TestRuleStoreClassName.java:42)
		at com.carrotsearch.randomizedtesting.rules.SystemPropertiesInvariantRule$1.evaluate(SystemPropertiesInvariantRule.java:55)
		at com.carrotsearch.randomizedtesting.rules.NoShadowingOrOverridesOnMethodsRule$1.evaluate(NoShadowingOrOverridesOnMethodsRule.java:39)
		at com.carrotsearch.randomizedtesting.rules.NoShadowingOrOverridesOnMethodsRule$1.evaluate(NoShadowingOrOverridesOnMethodsRule.java:39)
		at org.apache.lucene.util.TestRuleAssertionsRequired$1.evaluate(TestRuleAssertionsRequired.java:40)
		at org.apache.lucene.util.TestRuleMarkFailure$1.evaluate(TestRuleMarkFailure.java:48)
		at org.apache.lucene.util.TestRuleIgnoreAfterMaxFailures$1.evaluate(TestRuleIgnoreAfterMaxFailures.java:70)
		at org.apache.lucene.util.TestRuleIgnoreTestSuites$1.evaluate(TestRuleIgnoreTestSuites.java:55)
		at com.carrotsearch.randomizedtesting.rules.StatementAdapter.evaluate(StatementAdapter.java:36)
		at com.carrotsearch.randomizedtesting.ThreadLeakControl$StatementRunner.run(ThreadLeakControl.java:345)
		at java.lang.Thread.run(Thread.java:679)
	
2357 T2900 C6 oasc.SolrException.log SEVERE org.apache.solr.common.SolrException: range facet infinite loop: gap is either zero, or too small relative start/end and caused underflow: 9.9E12 + 0.0003 = 9.9E12
		at org.apache.solr.request.SimpleFacets.getFacetRangeCounts(SimpleFacets.java:1122)
		at org.apache.solr.request.SimpleFacets.getFacetRangeCounts(SimpleFacets.java:1074)
		at org.apache.solr.request.SimpleFacets.getFacetRangeCounts(SimpleFacets.java:1018)
		at org.apache.solr.request.SimpleFacets.getFacetCounts(SimpleFacets.java:208)
		at org.apache.solr.handler.component.FacetComponent.process(FacetComponent.java:87)
		at org.apache.solr.handler.component.SearchHandler.handleRequestBody(SearchHandler.java:206)
		at org.apache.solr.handler.RequestHandlerBase.handleRequest(RequestHandlerBase.java:129)
		at org.apache.solr.core.SolrCore.execute(SolrCore.java:1692)
		at org.apache.solr.util.TestHarness.query(TestHarness.java:351)
		at org.apache.solr.util.TestHarness.query(TestHarness.java:333)
		at org.apache.solr.SolrTestCaseJ4.assertQEx(SolrTestCaseJ4.java:601)
		at org.apache.solr.request.SimpleFacetsTest.testRangeFacetInfiniteLoopDetection(SimpleFacetsTest.java:2052)
		at sun.reflect.NativeMethodAccessorImpl.invoke0(Native Method)
		at sun.reflect.NativeMethodAccessorImpl.invoke(NativeMethodAccessorImpl.java:57)
		at sun.reflect.DelegatingMethodAccessorImpl.invoke(DelegatingMethodAccessorImpl.java:43)
		at java.lang.reflect.Method.invoke(Method.java:616)
		at com.carrotsearch.randomizedtesting.RandomizedRunner.invoke(RandomizedRunner.java:1559)
		at com.carrotsearch.randomizedtesting.RandomizedRunner.access$600(RandomizedRunner.java:79)
		at com.carrotsearch.randomizedtesting.RandomizedRunner$6.evaluate(RandomizedRunner.java:737)
		at com.carrotsearch.randomizedtesting.RandomizedRunner$7.evaluate(RandomizedRunner.java:773)
		at com.carrotsearch.randomizedtesting.RandomizedRunner$8.evaluate(RandomizedRunner.java:787)
		at com.carrotsearch.randomizedtesting.rules.SystemPropertiesRestoreRule$1.evaluate(SystemPropertiesRestoreRule.java:53)
		at org.apache.lucene.util.TestRuleSetupTeardownChained$1.evaluate(TestRuleSetupTeardownChained.java:50)
		at org.apache.lucene.util.TestRuleFieldCacheSanity$1.evaluate(TestRuleFieldCacheSanity.java:51)
		at org.apache.lucene.util.AbstractBeforeAfterRule$1.evaluate(AbstractBeforeAfterRule.java:45)
		at com.carrotsearch.randomizedtesting.rules.SystemPropertiesInvariantRule$1.evaluate(SystemPropertiesInvariantRule.java:55)
		at org.apache.lucene.util.TestRuleThreadAndTestName$1.evaluate(TestRuleThreadAndTestName.java:48)
		at org.apache.lucene.util.TestRuleIgnoreAfterMaxFailures$1.evaluate(TestRuleIgnoreAfterMaxFailures.java:70)
		at org.apache.lucene.util.TestRuleMarkFailure$1.evaluate(TestRuleMarkFailure.java:48)
		at com.carrotsearch.randomizedtesting.rules.StatementAdapter.evaluate(StatementAdapter.java:36)
		at com.carrotsearch.randomizedtesting.ThreadLeakControl$StatementRunner.run(ThreadLeakControl.java:345)
		at com.carrotsearch.randomizedtesting.ThreadLeakControl.forkTimeoutingTask(ThreadLeakControl.java:769)
		at com.carrotsearch.randomizedtesting.ThreadLeakControl$3.evaluate(ThreadLeakControl.java:429)
		at com.carrotsearch.randomizedtesting.RandomizedRunner.runSingleTest(RandomizedRunner.java:746)
		at com.carrotsearch.randomizedtesting.RandomizedRunner$3.evaluate(RandomizedRunner.java:648)
		at com.carrotsearch.randomizedtesting.RandomizedRunner$4.evaluate(RandomizedRunner.java:682)
		at com.carrotsearch.randomizedtesting.RandomizedRunner$5.evaluate(RandomizedRunner.java:693)
		at com.carrotsearch.randomizedtesting.rules.StatementAdapter.evaluate(StatementAdapter.java:36)
		at com.carrotsearch.randomizedtesting.rules.SystemPropertiesRestoreRule$1.evaluate(SystemPropertiesRestoreRule.java:53)
		at org.apache.lucene.util.AbstractBeforeAfterRule$1.evaluate(AbstractBeforeAfterRule.java:45)
		at org.apache.lucene.util.TestRuleStoreClassName$1.evaluate(TestRuleStoreClassName.java:42)
		at com.carrotsearch.randomizedtesting.rules.SystemPropertiesInvariantRule$1.evaluate(SystemPropertiesInvariantRule.java:55)
		at com.carrotsearch.randomizedtesting.rules.NoShadowingOrOverridesOnMethodsRule$1.evaluate(NoShadowingOrOverridesOnMethodsRule.java:39)
		at com.carrotsearch.randomizedtesting.rules.NoShadowingOrOverridesOnMethodsRule$1.evaluate(NoShadowingOrOverridesOnMethodsRule.java:39)
		at org.apache.lucene.util.TestRuleAssertionsRequired$1.evaluate(TestRuleAssertionsRequired.java:40)
		at org.apache.lucene.util.TestRuleMarkFailure$1.evaluate(TestRuleMarkFailure.java:48)
		at org.apache.lucene.util.TestRuleIgnoreAfterMaxFailures$1.evaluate(TestRuleIgnoreAfterMaxFailures.java:70)
		at org.apache.lucene.util.TestRuleIgnoreTestSuites$1.evaluate(TestRuleIgnoreTestSuites.java:55)
		at com.carrotsearch.randomizedtesting.rules.StatementAdapter.evaluate(StatementAdapter.java:36)
		at com.carrotsearch.randomizedtesting.ThreadLeakControl$StatementRunner.run(ThreadLeakControl.java:345)
		at java.lang.Thread.run(Thread.java:679)
	
2357 T2900 C6 oasc.SolrException.log SEVERE org.apache.solr.common.SolrException: range facet infinite loop: gap is either zero, or too small relative start/end and caused underflow: 9.9E12 + 0.0003 = 9.9E12
		at org.apache.solr.request.SimpleFacets.getFacetRangeCounts(SimpleFacets.java:1122)
		at org.apache.solr.request.SimpleFacets.getFacetRangeCounts(SimpleFacets.java:1074)
		at org.apache.solr.request.SimpleFacets.getFacetRangeCounts(SimpleFacets.java:1018)
		at org.apache.solr.request.SimpleFacets.getFacetCounts(SimpleFacets.java:208)
		at org.apache.solr.handler.component.FacetComponent.process(FacetComponent.java:87)
		at org.apache.solr.handler.component.SearchHandler.handleRequestBody(SearchHandler.java:206)
		at org.apache.solr.handler.RequestHandlerBase.handleRequest(RequestHandlerBase.java:129)
		at org.apache.solr.core.SolrCore.execute(SolrCore.java:1692)
		at org.apache.solr.util.TestHarness.query(TestHarness.java:351)
		at org.apache.solr.util.TestHarness.query(TestHarness.java:333)
		at org.apache.solr.SolrTestCaseJ4.assertQEx(SolrTestCaseJ4.java:601)
		at org.apache.solr.request.SimpleFacetsTest.testRangeFacetInfiniteLoopDetection(SimpleFacetsTest.java:2052)
		at sun.reflect.NativeMethodAccessorImpl.invoke0(Native Method)
		at sun.reflect.NativeMethodAccessorImpl.invoke(NativeMethodAccessorImpl.java:57)
		at sun.reflect.DelegatingMethodAccessorImpl.invoke(DelegatingMethodAccessorImpl.java:43)
		at java.lang.reflect.Method.invoke(Method.java:616)
		at com.carrotsearch.randomizedtesting.RandomizedRunner.invoke(RandomizedRunner.java:1559)
		at com.carrotsearch.randomizedtesting.RandomizedRunner.access$600(RandomizedRunner.java:79)
		at com.carrotsearch.randomizedtesting.RandomizedRunner$6.evaluate(RandomizedRunner.java:737)
		at com.carrotsearch.randomizedtesting.RandomizedRunner$7.evaluate(RandomizedRunner.java:773)
		at com.carrotsearch.randomizedtesting.RandomizedRunner$8.evaluate(RandomizedRunner.java:787)
		at com.carrotsearch.randomizedtesting.rules.SystemPropertiesRestoreRule$1.evaluate(SystemPropertiesRestoreRule.java:53)
		at org.apache.lucene.util.TestRuleSetupTeardownChained$1.evaluate(TestRuleSetupTeardownChained.java:50)
		at org.apache.lucene.util.TestRuleFieldCacheSanity$1.evaluate(TestRuleFieldCacheSanity.java:51)
		at org.apache.lucene.util.AbstractBeforeAfterRule$1.evaluate(AbstractBeforeAfterRule.java:45)
		at com.carrotsearch.randomizedtesting.rules.SystemPropertiesInvariantRule$1.evaluate(SystemPropertiesInvariantRule.java:55)
		at org.apache.lucene.util.TestRuleThreadAndTestName$1.evaluate(TestRuleThreadAndTestName.java:48)
		at org.apache.lucene.util.TestRuleIgnoreAfterMaxFailures$1.evaluate(TestRuleIgnoreAfterMaxFailures.java:70)
		at org.apache.lucene.util.TestRuleMarkFailure$1.evaluate(TestRuleMarkFailure.java:48)
		at com.carrotsearch.randomizedtesting.rules.StatementAdapter.evaluate(StatementAdapter.java:36)
		at com.carrotsearch.randomizedtesting.ThreadLeakControl$StatementRunner.run(ThreadLeakControl.java:345)
		at com.carrotsearch.randomizedtesting.ThreadLeakControl.forkTimeoutingTask(ThreadLeakControl.java:769)
		at com.carrotsearch.randomizedtesting.ThreadLeakControl$3.evaluate(ThreadLeakControl.java:429)
		at com.carrotsearch.randomizedtesting.RandomizedRunner.runSingleTest(RandomizedRunner.java:746)
		at com.carrotsearch.randomizedtesting.RandomizedRunner$3.evaluate(RandomizedRunner.java:648)
		at com.carrotsearch.randomizedtesting.RandomizedRunner$4.evaluate(RandomizedRunner.java:682)
		at com.carrotsearch.randomizedtesting.RandomizedRunner$5.evaluate(RandomizedRunner.java:693)
		at com.carrotsearch.randomizedtesting.rules.StatementAdapter.evaluate(StatementAdapter.java:36)
		at com.carrotsearch.randomizedtesting.rules.SystemPropertiesRestoreRule$1.evaluate(SystemPropertiesRestoreRule.java:53)
		at org.apache.lucene.util.AbstractBeforeAfterRule$1.evaluate(AbstractBeforeAfterRule.java:45)
		at org.apache.lucene.util.TestRuleStoreClassName$1.evaluate(TestRuleStoreClassName.java:42)
		at com.carrotsearch.randomizedtesting.rules.SystemPropertiesInvariantRule$1.evaluate(SystemPropertiesInvariantRule.java:55)
		at com.carrotsearch.randomizedtesting.rules.NoShadowingOrOverridesOnMethodsRule$1.evaluate(NoShadowingOrOverridesOnMethodsRule.java:39)
		at com.carrotsearch.randomizedtesting.rules.NoShadowingOrOverridesOnMethodsRule$1.evaluate(NoShadowingOrOverridesOnMethodsRule.java:39)
		at org.apache.lucene.util.TestRuleAssertionsRequired$1.evaluate(TestRuleAssertionsRequired.java:40)
		at org.apache.lucene.util.TestRuleMarkFailure$1.evaluate(TestRuleMarkFailure.java:48)
		at org.apache.lucene.util.TestRuleIgnoreAfterMaxFailures$1.evaluate(TestRuleIgnoreAfterMaxFailures.java:70)
		at org.apache.lucene.util.TestRuleIgnoreTestSuites$1.evaluate(TestRuleIgnoreTestSuites.java:55)
		at com.carrotsearch.randomizedtesting.rules.StatementAdapter.evaluate(StatementAdapter.java:36)
		at com.carrotsearch.randomizedtesting.ThreadLeakControl$StatementRunner.run(ThreadLeakControl.java:345)
		at java.lang.Thread.run(Thread.java:679)
	
Tests run: 31, Failures: 0, Errors: 0, Skipped: 0, Time elapsed: 3.111 sec
Running org.apache.solr.core.TestBadConfig
Creating dataDir: /usr/home/hudson/hudson-slave/workspace/Lucene-Solr-Maven-4.x/maven-build/solr/core/target/test/./solrtest-TestBadConfig-1346367139247
247 T2909 oasup.StatelessScriptUpdateProcessorFactory.inform SEVERE Unable to initialize scripts: No ScriptEngine found by name: giberish -- supported names: js, rhino, JavaScript, javascript, ECMAScript, ecmascript Ignoring exception matching \Qgiberish\E
Creating dataDir: /usr/home/hudson/hudson-slave/workspace/Lucene-Solr-Maven-4.x/maven-build/solr/core/target/test/./solrtest-TestBadConfig-1346367139498
330 T3 oasc.CoreContainer.finalize SEVERE CoreContainer was not shutdown prior to finalize(), indicates a bug -- POSSIBLE RESOURCE LEAK!!!  instance=1407482914
501 T2909 oasup.StatelessScriptUpdateProcessorFactory.inform SEVERE Unable to initialize scripts: Unable to evaluate script: a-file-name-that-does-not-exist.js Ignoring exception matching \Qa-file-name-that-does-not-exist.js\E
Creating dataDir: /usr/home/hudson/hudson-slave/workspace/Lucene-Solr-Maven-4.x/maven-build/solr/core/target/test/./solrtest-TestBadConfig-1346367139749
Creating dataDir: /usr/home/hudson/hudson-slave/workspace/Lucene-Solr-Maven-4.x/maven-build/solr/core/target/test/./solrtest-TestBadConfig-1346367139760
591 T3 oasc.CoreContainer.finalize SEVERE CoreContainer was not shutdown prior to finalize(), indicates a bug -- POSSIBLE RESOURCE LEAK!!!  instance=589273217
770 T2909 oasup.StatelessScriptUpdateProcessorFactory.inform SEVERE Unable to initialize scripts: Unable to evaluate script: currency.xml Ignoring exception matching \Qcurrency.xml\E
Creating dataDir: /usr/home/hudson/hudson-slave/workspace/Lucene-Solr-Maven-4.x/maven-build/solr/core/target/test/./solrtest-TestBadConfig-1346367140018
863 T3 oasc.CoreContainer.finalize SEVERE CoreContainer was not shutdown prior to finalize(), indicates a bug -- POSSIBLE RESOURCE LEAK!!!  instance=653784442
Tests run: 5, Failures: 0, Errors: 0, Skipped: 0, Time elapsed: 1.03 sec
Running org.apache.solr.schema.PreAnalyzedFieldTest
Tests run: 3, Failures: 0, Errors: 0, Skipped: 0, Time elapsed: 0.039 sec
Running org.apache.solr.request.TestWriterPerf
Tests run: 1, Failures: 0, Errors: 0, Skipped: 0, Time elapsed: 0.972 sec
Running org.apache.solr.handler.CSVRequestHandlerTest
Creating dataDir: /usr/home/hudson/hudson-slave/workspace/Lucene-Solr-Maven-4.x/maven-build/solr/core/target/test/./solrtest-CSVRequestHandlerTest-1346367141293
Tests run: 1, Failures: 0, Errors: 0, Skipped: 0, Time elapsed: 0.494 sec
Running org.apache.solr.response.TestCSVResponseWriter
Creating dataDir: /usr/home/hudson/hudson-slave/workspace/Lucene-Solr-Maven-4.x/maven-build/solr/core/target/test/./solrtest-TestCSVResponseWriter-1346367141788
Tests run: 1, Failures: 0, Errors: 0, Skipped: 0, Time elapsed: 0.467 sec
Running org.apache.solr.cloud.ClusterStateUpdateTest
Creating dataDir: /usr/home/hudson/hudson-slave/workspace/Lucene-Solr-Maven-4.x/maven-build/solr/core/target/test/./solrtest-ClusterStateUpdateTest-1346367142258
Tests run: 1, Failures: 0, Errors: 0, Skipped: 0, Time elapsed: 10.833 sec
Running org.apache.solr.client.solrj.embedded.LargeVolumeJettyTest
Creating dataDir: /usr/home/hudson/hudson-slave/workspace/Lucene-Solr-Maven-4.x/maven-build/solr/core/target/test/./solrtest-LargeVolumeJettyTest-1346367153091
Tests run: 1, Failures: 0, Errors: 0, Skipped: 0, Time elapsed: 0.782 sec
Running org.apache.solr.client.solrj.response.TermsResponseTest
Creating dataDir: /usr/home/hudson/hudson-slave/workspace/Lucene-Solr-Maven-4.x/maven-build/solr/core/target/test/./solrtest-TermsResponseTest-1346367153869
Tests run: 1, Failures: 0, Errors: 0, Skipped: 0, Time elapsed: 0.41 sec
Running org.apache.solr.update.processor.ScriptEngineTest
Tests run: 6, Failures: 0, Errors: 0, Skipped: 1, Time elapsed: 0.1 sec
Running org.apache.solr.TestPluginEnable
Creating dataDir: /usr/home/hudson/hudson-slave/workspace/Lucene-Solr-Maven-4.x/maven-build/solr/core/target/test/./solrtest-TestPluginEnable-1346367154380
Tests run: 1, Failures: 0, Errors: 0, Skipped: 0, Time elapsed: 0.058 sec
Running org.apache.solr.SolrInfoMBeanTest
Creating dataDir: /usr/home/hudson/hudson-slave/workspace/Lucene-Solr-Maven-4.x/maven-build/solr/core/target/test/./solrtest-SolrInfoMBeanTest-1346367154439
Tests run: 1, Failures: 0, Errors: 0, Skipped: 0, Time elapsed: 0.382 sec
Running org.apache.solr.core.TestCoreContainer
Creating dataDir: /usr/home/hudson/hudson-slave/workspace/Lucene-Solr-Maven-4.x/maven-build/solr/core/target/test/./solrtest-TestCoreContainer-1346367154831
Tests run: 2, Failures: 0, Errors: 0, Skipped: 0, Time elapsed: 1.849 sec
Running org.apache.solr.client.solrj.embedded.JettyWebappTest
Tests run: 1, Failures: 0, Errors: 0, Skipped: 0, Time elapsed: 0.808 sec
Running org.apache.solr.client.solrj.util.ClientUtilsTest
Tests run: 1, Failures: 0, Errors: 0, Skipped: 0, Time elapsed: 0.019 sec
Running org.apache.solr.util.FileUtilsTest
Tests run: 1, Failures: 0, Errors: 0, Skipped: 0, Time elapsed: 0.018 sec
Running org.apache.solr.request.TestFaceting
Creating dataDir: /usr/home/hudson/hudson-slave/workspace/Lucene-Solr-Maven-4.x/maven-build/solr/core/target/test/./solrtest-TestFaceting-1346367157518
Tests run: 3, Failures: 0, Errors: 0, Skipped: 0, Time elapsed: 5.972 sec
Running org.apache.solr.EchoParamsTest
Creating dataDir: /usr/home/hudson/hudson-slave/workspace/Lucene-Solr-Maven-4.x/maven-build/solr/core/target/test/./solrtest-EchoParamsTest-1346367163491
Tests run: 1, Failures: 0, Errors: 0, Skipped: 0, Time elapsed: 0.083 sec
Running org.apache.solr.core.SolrCoreCheckLockOnStartupTest
Creating dataDir: /usr/home/hudson/hudson-slave/workspace/Lucene-Solr-Maven-4.x/maven-build/solr/core/target/test/./solrtest-Solr

[...truncated too long message...]

toreClassName$1.evaluate(TestRuleStoreClassName.java:42)
	at com.carrotsearch.randomizedtesting.rules.SystemPropertiesInvariantRule$1.evaluate(SystemPropertiesInvariantRule.java:55)
	at com.carrotsearch.randomizedtesting.rules.NoShadowingOrOverridesOnMethodsRule$1.evaluate(NoShadowingOrOverridesOnMethodsRule.java:39)
	at com.carrotsearch.randomizedtesting.rules.NoShadowingOrOverridesOnMethodsRule$1.evaluate(NoShadowingOrOverridesOnMethodsRule.java:39)
	at org.apache.lucene.util.TestRuleAssertionsRequired$1.evaluate(TestRuleAssertionsRequired.java:40)
	at org.apache.lucene.util.TestRuleMarkFailure$1.evaluate(TestRuleMarkFailure.java:48)
	at org.apache.lucene.util.TestRuleIgnoreAfterMaxFailures$1.evaluate(TestRuleIgnoreAfterMaxFailures.java:70)
	at org.apache.lucene.util.TestRuleIgnoreTestSuites$1.evaluate(TestRuleIgnoreTestSuites.java:55)
	at com.carrotsearch.randomizedtesting.rules.StatementAdapter.evaluate(StatementAdapter.java:36)
	at com.carrotsearch.randomizedtesting.ThreadLeakControl$StatementRunner.run(ThreadLeakControl.java:345)
	at java.lang.Thread.run(Thread.java:679)

Tests run: 5, Failures: 0, Errors: 0, Skipped: 0, Time elapsed: 9.919 sec

Results :

Tests run: 9, Failures: 0, Errors: 0, Skipped: 0

[INFO] [jar:jar {execution: default-jar}]
[INFO] Building jar: /usr/home/hudson/hudson-slave/workspace/Lucene-Solr-Maven-4.x/maven-build/solr/contrib/uima/target/solr-uima-4.0-SNAPSHOT.jar
[INFO] [install:install {execution: default-install}]
[INFO] Installing /usr/home/hudson/hudson-slave/workspace/Lucene-Solr-Maven-4.x/maven-build/solr/contrib/uima/target/solr-uima-4.0-SNAPSHOT.jar to /home/hudson/.m2/repository/org/apache/solr/solr-uima/4.0-SNAPSHOT/solr-uima-4.0-SNAPSHOT.jar
[INFO] ------------------------------------------------------------------------
[INFO] Building Apache Solr Velocity
[INFO]    task-segment: [install]
[INFO] ------------------------------------------------------------------------
[INFO] [groovy:execute {execution: generate-timestamps}]
[INFO] [buildnumber:create {execution: default}]
[INFO] [enforcer:enforce {execution: enforce-java-compat-version-and-maven-2.2.1}]
[INFO] [remote-resources:process {execution: default}]
[debug] execute contextualize
[INFO] [resources:resources {execution: default-resources}]
[INFO] Using 'UTF-8' encoding to copy filtered resources.
[INFO] skip non existing resourceDirectory /usr/home/hudson/hudson-slave/workspace/Lucene-Solr-Maven-4.x/maven-build/solr/contrib/velocity/src/main/resources
[INFO] Copying 3 resources
[INFO] [compiler:compile {execution: default-compile}]
[INFO] Compiling 4 source files to /usr/home/hudson/hudson-slave/workspace/Lucene-Solr-Maven-4.x/maven-build/solr/contrib/velocity/target/classes
[INFO] [bundle:manifest {execution: bundle-manifest}]
[debug] execute contextualize
[INFO] [resources:testResources {execution: default-testResources}]
[INFO] Using 'UTF-8' encoding to copy filtered resources.
[INFO] Copying 3 resources
[INFO] Copying 148 resources
[INFO] Copying 1 resource
[INFO] Copying 3 resources
[INFO] [compiler:testCompile {execution: default-testCompile}]
[INFO] Compiling 1 source file to /usr/home/hudson/hudson-slave/workspace/Lucene-Solr-Maven-4.x/maven-build/solr/contrib/velocity/target/test-classes
[INFO] [surefire:test {execution: default-test}]
[INFO] Surefire report directory: /usr/home/hudson/hudson-slave/workspace/Lucene-Solr-Maven-4.x/maven-build/solr/contrib/velocity/target/surefire-reports

-------------------------------------------------------
 T E S T S
-------------------------------------------------------
Running org.apache.solr.velocity.VelocityResponseWriterTest
Creating dataDir: /usr/home/hudson/hudson-slave/workspace/Lucene-Solr-Maven-4.x/maven-build/solr/contrib/velocity/target/test/./solrtest-VelocityResponseWriterTest-1346368063988
Tests run: 1, Failures: 0, Errors: 0, Skipped: 0, Time elapsed: 1.847 sec

Results :

Tests run: 1, Failures: 0, Errors: 0, Skipped: 0

[INFO] [jar:jar {execution: default-jar}]
[INFO] Building jar: /usr/home/hudson/hudson-slave/workspace/Lucene-Solr-Maven-4.x/maven-build/solr/contrib/velocity/target/solr-velocity-4.0-SNAPSHOT.jar
[INFO] [install:install {execution: default-install}]
[INFO] Installing /usr/home/hudson/hudson-slave/workspace/Lucene-Solr-Maven-4.x/maven-build/solr/contrib/velocity/target/solr-velocity-4.0-SNAPSHOT.jar to /home/hudson/.m2/repository/org/apache/solr/solr-velocity/4.0-SNAPSHOT/solr-velocity-4.0-SNAPSHOT.jar
[INFO] ------------------------------------------------------------------------
[INFO] Building Apache Solr Contrib aggregator POM
[INFO]    task-segment: [install]
[INFO] ------------------------------------------------------------------------
[INFO] [groovy:execute {execution: generate-timestamps}]
[INFO] [buildnumber:create {execution: default}]
[INFO] [enforcer:enforce {execution: enforce-java-compat-version-and-maven-2.2.1}]
[INFO] [remote-resources:process {execution: default}]
[INFO] [bundle:manifest {execution: bundle-manifest}]
[WARNING] Ignoring project type pom - supportedProjectTypes = [jar, bundle]
[INFO] [site:attach-descriptor {execution: default-attach-descriptor}]
[INFO] [install:install {execution: default-install}]
[INFO] Installing /usr/home/hudson/hudson-slave/workspace/Lucene-Solr-Maven-4.x/maven-build/solr/contrib/pom.xml to /home/hudson/.m2/repository/org/apache/solr/solr-contrib-aggregator/4.0-SNAPSHOT/solr-contrib-aggregator-4.0-SNAPSHOT.pom
[INFO] 
[INFO] 
[INFO] ------------------------------------------------------------------------
[INFO] Reactor Summary:
[INFO] ------------------------------------------------------------------------
[INFO] Grandparent POM for Apache Lucene Core and Apache Solr  SUCCESS [7.508s]
[INFO] Lucene parent POM ..................................... SUCCESS [0.058s]
[INFO] Lucene Core ........................................... SUCCESS [4:21.258s]
[INFO] Lucene Test Framework ................................. SUCCESS [5.194s]
[INFO] Lucene Common Analyzers ............................... SUCCESS [2:01.846s]
[INFO] Lucene ICU Analysis Components ........................ SUCCESS [15.993s]
[INFO] Lucene Kuromoji Japanese Morphological Analyzer ....... SUCCESS [27.857s]
[INFO] Lucene Morfologik Polish Lemmatizer ................... SUCCESS [6.354s]
[INFO] Lucene Phonetic Filters ............................... SUCCESS [20.507s]
[INFO] Lucene Smart Chinese Analyzer ......................... SUCCESS [9.826s]
[INFO] Lucene Stempel Analyzer ............................... SUCCESS [4.623s]
[INFO] Lucene UIMA Analysis Components ....................... SUCCESS [20.737s]
[INFO] Lucene Analysis Modules aggregator POM ................ SUCCESS [0.334s]
[INFO] Lucene Queries ........................................ SUCCESS [12.403s]
[INFO] Lucene Sandbox ........................................ SUCCESS [6.602s]
[INFO] Lucene QueryParsers ................................... SUCCESS [13.596s]
[INFO] Lucene Memory ......................................... SUCCESS [9.980s]
[INFO] Lucene Highlighter .................................... SUCCESS [8.597s]
[INFO] Lucene Facets ......................................... SUCCESS [1:18.748s]
[INFO] Lucene Benchmark ...................................... SUCCESS [25.829s]
[INFO] Lucene Demo ........................................... SUCCESS [3.893s]
[INFO] Lucene Grouping ....................................... SUCCESS [19.413s]
[INFO] Lucene Join ........................................... SUCCESS [16.808s]
[INFO] Lucene Miscellaneous .................................. SUCCESS [6.587s]
[INFO] Lucene Spatial ........................................ SUCCESS [11.900s]
[INFO] Lucene Suggest ........................................ SUCCESS [16.640s]
[INFO] Apache Solr parent POM ................................ SUCCESS [0.106s]
[INFO] Apache Solr Solrj ..................................... SUCCESS [4.467s]
[INFO] Apache Solr Core ...................................... SUCCESS [22:33.725s]
[INFO] Apache Solr Search Server ............................. SUCCESS [5.281s]
[INFO] Apache Solr Test Framework ............................ SUCCESS [3.225s]
[INFO] Apache Solr Analysis Extras ........................... SUCCESS [6.913s]
[INFO] Apache Solr Clustering ................................ SUCCESS [16.081s]
[INFO] Apache Solr DataImportHandler ......................... SUCCESS [1:34.278s]
[INFO] Apache Solr DataImportHandler Extras .................. SUCCESS [9.824s]
[INFO] Apache Solr Content Extraction Library ................ FAILED [9.849s]
[INFO] Apache Solr Language Identifier ....................... SUCCESS [7.732s]
[INFO] Apache Solr UIMA integration .......................... SUCCESS [30.102s]
[INFO] Apache Solr Velocity .................................. SUCCESS [4.926s]
[INFO] Apache Solr Contrib aggregator POM .................... SUCCESS [0.094s]
[INFO] ------------------------------------------------------------------------
[INFO] Error for project: Apache Solr Content Extraction Library (during install)
[INFO] ------------------------------------------------------------------------
[INFO] There are test failures.

Please refer to /usr/home/hudson/hudson-slave/workspace/Lucene-Solr-Maven-4.x/maven-build/solr/contrib/extraction/target/surefire-reports for the individual test results.
[INFO] ------------------------------------------------------------------------
[INFO] For more information, run Maven with the -e switch
[INFO] ------------------------------------------------------------------------
[INFO] BUILD ERRORS
[INFO] ------------------------------------------------------------------------
[INFO] Total time: 38 minutes 1 second
[INFO] Finished at: Thu Aug 30 23:07:46 UTC 2012
[INFO] Final Memory: 239M/1623M
[INFO] ------------------------------------------------------------------------
Build step 'Invoke top-level Maven targets' marked build as failure
Recording test results
Email was triggered for: Failure
Sending email for trigger: Failure




</pre></td></tr>
   <tr class="mime">
    <td class="left">Mime</td>
    <td class="right">
<ul>
<li>Unnamed multipart/mixed (inline, None, 0 bytes)</li>
<ul>
<li><a rel="nofollow" href="/mod_mbox/lucene-dev/201208.mbox/raw/%3c1261552594.1557.1346368075337.JavaMail.hudson@aegis.apache.org%3e/1">Unnamed text/plain</a> (inline, Quoted Printable, 209340 bytes)</li>
</ul>
<ul>
<li><a rel="nofollow" href="/mod_mbox/lucene-dev/201208.mbox/raw/%3c1261552594.1557.1346368075337.JavaMail.hudson@aegis.apache.org%3e/2">Unnamed text/plain</a> (inline, None, 189 bytes)</li>
</ul>
</ul>
</td>
</tr>
   <tr class="raw">
    <td class="left"></td>
    <td class="right"><a href="/mod_mbox/lucene-dev/201208.mbox/raw/%3c1261552594.1557.1346368075337.JavaMail.hudson@aegis.apache.org%3e" rel="nofollow">View raw message</a></td>
   </tr>
   </tbody>
  </table>
 </body>
</html>
